ARM GAS  C:\Users\Ika\AppData\Local\Temp\ccvQaqbH.s 			page 1


   1              		.cpu cortex-m3
   2              		.eabi_attribute 20, 1
   3              		.eabi_attribute 21, 1
   4              		.eabi_attribute 23, 3
   5              		.eabi_attribute 24, 1
   6              		.eabi_attribute 25, 1
   7              		.eabi_attribute 26, 1
   8              		.eabi_attribute 30, 1
   9              		.eabi_attribute 34, 1
  10              		.eabi_attribute 18, 4
  11              		.file	"casovnik.c"
  12              		.text
  13              	.Ltext0:
  14              		.cfi_sections	.debug_frame
  15              		.section	.text.casovnik,"ax",%progbits
  16              		.align	1
  17              		.global	casovnik
  18              		.arch armv7-m
  19              		.syntax unified
  20              		.thumb
  21              		.thumb_func
  22              		.fpu softvfp
  24              	casovnik:
  25              	.LFB65:
  26              		.file 1 "../Core/Src/casovnik.c"
   1:../Core/Src/casovnik.c **** 
  27              		.loc 1 12 16 view -0
  28              		.cfi_startproc
  29              		@ args = 0, pretend = 0, frame = 0
  30              		@ frame_needed = 0, uses_anonymous_args = 0
  31 0000 10B5     		push	{r4, lr}
  32              	.LCFI0:
  33              		.cfi_def_cfa_offset 8
  34              		.cfi_offset 4, -8
  35              		.cfi_offset 14, -4
  36              		.loc 1 13 2 view .LVU1
  37              	.LBB2:
  38              		.loc 1 13 6 view .LVU2
  39              	.LVL0:
  40              		.loc 1 13 10 is_stmt 0 view .LVU3
  41 0002 0024     		movs	r4, #0
  42              		.loc 1 13 2 view .LVU4
  43 0004 08E0     		b	.L2
  44              	.LVL1:
  45              	.L6:
  46              		.loc 1 17 5 is_stmt 1 discriminator 2 view .LVU5
  47              		.loc 1 17 14 is_stmt 0 discriminator 2 view .LVU6
  48 0006 0D4B     		ldr	r3, .L7
  49 0008 6FF00102 		mvn	r2, #1
  50 000c 1A61     		str	r2, [r3, #16]
  51              		.loc 1 19 5 is_stmt 1 discriminator 2 view .LVU7
  52 000e 0121     		movs	r1, #1
  53 0010 0B48     		ldr	r0, .L7+4
  54 0012 FFF7FEFF 		bl	HAL_GPIO_TogglePin
  55              	.LVL2:
  56              		.loc 1 13 20 discriminator 2 view .LVU8
  57              		.loc 1 13 21 is_stmt 0 discriminator 2 view .LVU9
ARM GAS  C:\Users\Ika\AppData\Local\Temp\ccvQaqbH.s 			page 2


  58 0016 0134     		adds	r4, r4, #1
  59              	.LVL3:
  60              	.L2:
  61              		.loc 1 13 15 is_stmt 1 discriminator 1 view .LVU10
  62              		.loc 1 13 2 is_stmt 0 discriminator 1 view .LVU11
  63 0018 042C     		cmp	r4, #4
  64 001a 07DC     		bgt	.L5
  65              	.L3:
  66              		.loc 1 16 5 is_stmt 1 discriminator 1 view .LVU12
  67              		.loc 1 14 10 discriminator 1 view .LVU13
  68              		.loc 1 14 31 is_stmt 0 discriminator 1 view .LVU14
  69 001c 094B     		ldr	r3, .L7+8
  70 001e 1B68     		ldr	r3, [r3]
  71 0020 1B68     		ldr	r3, [r3]
  72              		.loc 1 14 41 discriminator 1 view .LVU15
  73 0022 1B69     		ldr	r3, [r3, #16]
  74              		.loc 1 14 10 discriminator 1 view .LVU16
  75 0024 13F0010F 		tst	r3, #1
  76 0028 F8D0     		beq	.L3
  77 002a ECE7     		b	.L6
  78              	.L5:
  79              	.LBE2:
  80              		.loc 1 22 2 is_stmt 1 view .LVU17
  81 002c 054C     		ldr	r4, .L7+8
  82              	.LVL4:
  83              		.loc 1 22 2 is_stmt 0 view .LVU18
  84 002e 2068     		ldr	r0, [r4]
  85 0030 FFF7FEFF 		bl	HAL_TIM_Base_Stop
  86              	.LVL5:
  87              		.loc 1 24 2 is_stmt 1 view .LVU19
  88 0034 2068     		ldr	r0, [r4]
  89 0036 FFF7FEFF 		bl	HAL_TIM_Base_Start_IT
  90              	.LVL6:
  91              		.loc 1 26 1 is_stmt 0 view .LVU20
  92 003a 10BD     		pop	{r4, pc}
  93              	.L8:
  94              		.align	2
  95              	.L7:
  96 003c 002C0140 		.word	1073818624
  97 0040 000C0140 		.word	1073810432
  98 0044 00000000 		.word	.LANCHOR0
  99              		.cfi_endproc
 100              	.LFE65:
 102              		.section	.text.HAL_TIM_PeriodElapsedCallback,"ax",%progbits
 103              		.align	1
 104              		.global	HAL_TIM_PeriodElapsedCallback
 105              		.syntax unified
 106              		.thumb
 107              		.thumb_func
 108              		.fpu softvfp
 110              	HAL_TIM_PeriodElapsedCallback:
 111              	.LVL7:
 112              	.LFB66:
 113              		.loc 1 29 60 is_stmt 1 view -0
 114              		.cfi_startproc
 115              		@ args = 0, pretend = 0, frame = 0
 116              		@ frame_needed = 0, uses_anonymous_args = 0
ARM GAS  C:\Users\Ika\AppData\Local\Temp\ccvQaqbH.s 			page 3


 117              		.loc 1 29 60 is_stmt 0 view .LVU22
 118 0000 08B5     		push	{r3, lr}
 119              	.LCFI1:
 120              		.cfi_def_cfa_offset 8
 121              		.cfi_offset 3, -8
 122              		.cfi_offset 14, -4
 123              		.loc 1 31 2 is_stmt 1 view .LVU23
 124              		.loc 1 31 9 is_stmt 0 view .LVU24
 125 0002 0368     		ldr	r3, [r0]
 126              		.loc 1 31 28 view .LVU25
 127 0004 094A     		ldr	r2, .L15
 128 0006 1268     		ldr	r2, [r2]
 129              		.loc 1 31 4 view .LVU26
 130 0008 9342     		cmp	r3, r2
 131 000a 04D0     		beq	.L13
 132              		.loc 1 33 8 is_stmt 1 view .LVU27
 133              		.loc 1 33 34 is_stmt 0 view .LVU28
 134 000c 084A     		ldr	r2, .L15+4
 135 000e 1268     		ldr	r2, [r2]
 136              		.loc 1 33 10 view .LVU29
 137 0010 9342     		cmp	r3, r2
 138 0012 05D0     		beq	.L14
 139              	.LVL8:
 140              	.L9:
 141              		.loc 1 37 1 view .LVU30
 142 0014 08BD     		pop	{r3, pc}
 143              	.LVL9:
 144              	.L13:
 145              		.loc 1 32 3 is_stmt 1 view .LVU31
 146 0016 0221     		movs	r1, #2
 147 0018 0648     		ldr	r0, .L15+8
 148              	.LVL10:
 149              		.loc 1 32 3 is_stmt 0 view .LVU32
 150 001a FFF7FEFF 		bl	HAL_GPIO_TogglePin
 151              	.LVL11:
 152 001e F9E7     		b	.L9
 153              	.LVL12:
 154              	.L14:
 155              		.loc 1 34 3 is_stmt 1 view .LVU33
 156 0020 0121     		movs	r1, #1
 157 0022 0448     		ldr	r0, .L15+8
 158              	.LVL13:
 159              		.loc 1 34 3 is_stmt 0 view .LVU34
 160 0024 FFF7FEFF 		bl	HAL_GPIO_TogglePin
 161              	.LVL14:
 162              		.loc 1 37 1 view .LVU35
 163 0028 F4E7     		b	.L9
 164              	.L16:
 165 002a 00BF     		.align	2
 166              	.L15:
 167 002c 00000000 		.word	htim1
 168 0030 00000000 		.word	htim3
 169 0034 000C0140 		.word	1073810432
 170              		.cfi_endproc
 171              	.LFE66:
 173              		.global	casovnik_tim_handle
 174              		.section	.data.casovnik_tim_handle,"aw"
ARM GAS  C:\Users\Ika\AppData\Local\Temp\ccvQaqbH.s 			page 4


 175              		.align	2
 176              		.set	.LANCHOR0,. + 0
 179              	casovnik_tim_handle:
 180 0000 00000000 		.word	htim1
 181              		.text
 182              	.Letext0:
 183              		.file 2 "../c:\\users\\ika\\desktop\\gnu mcu\\arm-none-eabi-gcc-9.3.1-1.1\\arm-none-eabi\\include\
 184              		.file 3 "../c:\\users\\ika\\desktop\\gnu mcu\\arm-none-eabi-gcc-9.3.1-1.1\\arm-none-eabi\\include\
 185              		.file 4 "../Drivers/CMSIS/Include/core_cm3.h"
 186              		.file 5 "../Drivers/CMSIS/Device/ST/STM32F1xx/Include/system_stm32f1xx.h"
 187              		.file 6 "../Drivers/CMSIS/Device/ST/STM32F1xx/Include/stm32f103x6.h"
 188              		.file 7 "../Drivers/STM32F1xx_HAL_Driver/Inc/stm32f1xx_hal_def.h"
 189              		.file 8 "../Drivers/STM32F1xx_HAL_Driver/Inc/stm32f1xx_hal_dma.h"
 190              		.file 9 "../Drivers/STM32F1xx_HAL_Driver/Inc/stm32f1xx_hal_tim.h"
 191              		.file 10 "../Drivers/STM32F1xx_HAL_Driver/Inc/stm32f1xx_hal.h"
 192              		.file 11 "../Core/Inc/tim.h"
 193              		.file 12 "../Drivers/STM32F1xx_HAL_Driver/Inc/stm32f1xx_hal_gpio.h"
ARM GAS  C:\Users\Ika\AppData\Local\Temp\ccvQaqbH.s 			page 5


DEFINED SYMBOLS
                            *ABS*:0000000000000000 casovnik.c
C:\Users\Ika\AppData\Local\Temp\ccvQaqbH.s:16     .text.casovnik:0000000000000000 $t
C:\Users\Ika\AppData\Local\Temp\ccvQaqbH.s:24     .text.casovnik:0000000000000000 casovnik
C:\Users\Ika\AppData\Local\Temp\ccvQaqbH.s:96     .text.casovnik:000000000000003c $d
C:\Users\Ika\AppData\Local\Temp\ccvQaqbH.s:103    .text.HAL_TIM_PeriodElapsedCallback:0000000000000000 $t
C:\Users\Ika\AppData\Local\Temp\ccvQaqbH.s:110    .text.HAL_TIM_PeriodElapsedCallback:0000000000000000 HAL_TIM_PeriodElapsedCallback
C:\Users\Ika\AppData\Local\Temp\ccvQaqbH.s:167    .text.HAL_TIM_PeriodElapsedCallback:000000000000002c $d
C:\Users\Ika\AppData\Local\Temp\ccvQaqbH.s:179    .data.casovnik_tim_handle:0000000000000000 casovnik_tim_handle
C:\Users\Ika\AppData\Local\Temp\ccvQaqbH.s:175    .data.casovnik_tim_handle:0000000000000000 $d

UNDEFINED SYMBOLS
HAL_GPIO_TogglePin
HAL_TIM_Base_Stop
HAL_TIM_Base_Start_IT
htim1
htim3
