ARM GAS  C:\Users\Ika\AppData\Local\Temp\ccWbxNJK.s 			page 1


   1              		.cpu cortex-m3
   2              		.eabi_attribute 20, 1
   3              		.eabi_attribute 21, 1
   4              		.eabi_attribute 23, 3
   5              		.eabi_attribute 24, 1
   6              		.eabi_attribute 25, 1
   7              		.eabi_attribute 26, 1
   8              		.eabi_attribute 30, 1
   9              		.eabi_attribute 34, 1
  10              		.eabi_attribute 18, 4
  11              		.file	"gpio.c"
  12              		.text
  13              	.Ltext0:
  14              		.cfi_sections	.debug_frame
  15              		.section	.text.MX_GPIO_Init,"ax",%progbits
  16              		.align	1
  17              		.global	MX_GPIO_Init
  18              		.arch armv7-m
  19              		.syntax unified
  20              		.thumb
  21              		.thumb_func
  22              		.fpu softvfp
  24              	MX_GPIO_Init:
  25              	.LFB65:
  26              		.file 1 "../Core/Src/gpio.c"
   1:../Core/Src/gpio.c **** 
  27              		.loc 1 36 1 view -0
  28              		.cfi_startproc
  29              		@ args = 0, pretend = 0, frame = 24
  30              		@ frame_needed = 0, uses_anonymous_args = 0
  31 0000 10B5     		push	{r4, lr}
  32              	.LCFI0:
  33              		.cfi_def_cfa_offset 8
  34              		.cfi_offset 4, -8
  35              		.cfi_offset 14, -4
  36 0002 86B0     		sub	sp, sp, #24
  37              	.LCFI1:
  38              		.cfi_def_cfa_offset 32
  39              		.loc 1 38 3 view .LVU1
  40              		.loc 1 38 20 is_stmt 0 view .LVU2
  41 0004 0022     		movs	r2, #0
  42 0006 0292     		str	r2, [sp, #8]
  43 0008 0392     		str	r2, [sp, #12]
  44 000a 0492     		str	r2, [sp, #16]
  45 000c 0592     		str	r2, [sp, #20]
  46              		.loc 1 41 3 is_stmt 1 view .LVU3
  47              	.LBB2:
  48              		.loc 1 41 3 view .LVU4
  49              		.loc 1 41 3 view .LVU5
  50 000e 0E4B     		ldr	r3, .L3
  51 0010 9969     		ldr	r1, [r3, #24]
  52 0012 41F00801 		orr	r1, r1, #8
  53 0016 9961     		str	r1, [r3, #24]
  54              		.loc 1 41 3 view .LVU6
  55 0018 9B69     		ldr	r3, [r3, #24]
  56 001a 03F00803 		and	r3, r3, #8
  57 001e 0193     		str	r3, [sp, #4]
ARM GAS  C:\Users\Ika\AppData\Local\Temp\ccWbxNJK.s 			page 2


  58              		.loc 1 41 3 view .LVU7
  59 0020 019B     		ldr	r3, [sp, #4]
  60              	.LBE2:
  61              		.loc 1 41 3 view .LVU8
  62              		.loc 1 44 3 view .LVU9
  63 0022 0A4C     		ldr	r4, .L3+4
  64 0024 0321     		movs	r1, #3
  65 0026 2046     		mov	r0, r4
  66 0028 FFF7FEFF 		bl	HAL_GPIO_WritePin
  67              	.LVL0:
  68              		.loc 1 47 3 view .LVU10
  69              		.loc 1 47 23 is_stmt 0 view .LVU11
  70 002c 0323     		movs	r3, #3
  71 002e 0293     		str	r3, [sp, #8]
  72              		.loc 1 48 3 is_stmt 1 view .LVU12
  73              		.loc 1 48 24 is_stmt 0 view .LVU13
  74 0030 0123     		movs	r3, #1
  75 0032 0393     		str	r3, [sp, #12]
  76              		.loc 1 49 3 is_stmt 1 view .LVU14
  77              		.loc 1 49 24 is_stmt 0 view .LVU15
  78 0034 0493     		str	r3, [sp, #16]
  79              		.loc 1 50 3 is_stmt 1 view .LVU16
  80              		.loc 1 50 25 is_stmt 0 view .LVU17
  81 0036 0223     		movs	r3, #2
  82 0038 0593     		str	r3, [sp, #20]
  83              		.loc 1 51 3 is_stmt 1 view .LVU18
  84 003a 02A9     		add	r1, sp, #8
  85 003c 2046     		mov	r0, r4
  86 003e FFF7FEFF 		bl	HAL_GPIO_Init
  87              	.LVL1:
  88              		.loc 1 53 1 is_stmt 0 view .LVU19
  89 0042 06B0     		add	sp, sp, #24
  90              	.LCFI2:
  91              		.cfi_def_cfa_offset 8
  92              		@ sp needed
  93 0044 10BD     		pop	{r4, pc}
  94              	.L4:
  95 0046 00BF     		.align	2
  96              	.L3:
  97 0048 00100240 		.word	1073876992
  98 004c 000C0140 		.word	1073810432
  99              		.cfi_endproc
 100              	.LFE65:
 102              		.text
 103              	.Letext0:
 104              		.file 2 "../c:\\users\\ika\\desktop\\gnu mcu\\arm-none-eabi-gcc-9.3.1-1.1\\arm-none-eabi\\include\
 105              		.file 3 "../c:\\users\\ika\\desktop\\gnu mcu\\arm-none-eabi-gcc-9.3.1-1.1\\arm-none-eabi\\include\
 106              		.file 4 "../Drivers/CMSIS/Include/core_cm3.h"
 107              		.file 5 "../Drivers/CMSIS/Device/ST/STM32F1xx/Include/system_stm32f1xx.h"
 108              		.file 6 "../Drivers/CMSIS/Device/ST/STM32F1xx/Include/stm32f103x6.h"
 109              		.file 7 "../Drivers/STM32F1xx_HAL_Driver/Inc/stm32f1xx_hal_gpio.h"
 110              		.file 8 "../Drivers/STM32F1xx_HAL_Driver/Inc/stm32f1xx_hal.h"
ARM GAS  C:\Users\Ika\AppData\Local\Temp\ccWbxNJK.s 			page 3


DEFINED SYMBOLS
                            *ABS*:0000000000000000 gpio.c
C:\Users\Ika\AppData\Local\Temp\ccWbxNJK.s:16     .text.MX_GPIO_Init:0000000000000000 $t
C:\Users\Ika\AppData\Local\Temp\ccWbxNJK.s:24     .text.MX_GPIO_Init:0000000000000000 MX_GPIO_Init
C:\Users\Ika\AppData\Local\Temp\ccWbxNJK.s:97     .text.MX_GPIO_Init:0000000000000048 $d

UNDEFINED SYMBOLS
HAL_GPIO_WritePin
HAL_GPIO_Init
