ARM GAS  C:\Users\Ika\AppData\Local\Temp\cc3fyBmC.s 			page 1


   1              		.cpu cortex-m3
   2              		.eabi_attribute 20, 1
   3              		.eabi_attribute 21, 1
   4              		.eabi_attribute 23, 3
   5              		.eabi_attribute 24, 1
   6              		.eabi_attribute 25, 1
   7              		.eabi_attribute 26, 1
   8              		.eabi_attribute 30, 1
   9              		.eabi_attribute 34, 1
  10              		.eabi_attribute 18, 4
  11              		.file	"main.c"
  12              		.text
  13              	.Ltext0:
  14              		.cfi_sections	.debug_frame
  15              		.section	.text.SystemClock_Config,"ax",%progbits
  16              		.align	1
  17              		.global	SystemClock_Config
  18              		.arch armv7-m
  19              		.syntax unified
  20              		.thumb
  21              		.thumb_func
  22              		.fpu softvfp
  24              	SystemClock_Config:
  25              	.LFB66:
  26              		.file 1 "../Core/Src/main.c"
   1:../Core/Src/main.c **** 
  27              		.loc 1 113 1 view -0
  28              		.cfi_startproc
  29              		@ args = 0, pretend = 0, frame = 64
  30              		@ frame_needed = 0, uses_anonymous_args = 0
  31 0000 10B5     		push	{r4, lr}
  32              	.LCFI0:
  33              		.cfi_def_cfa_offset 8
  34              		.cfi_offset 4, -8
  35              		.cfi_offset 14, -4
  36 0002 90B0     		sub	sp, sp, #64
  37              	.LCFI1:
  38              		.cfi_def_cfa_offset 72
  39              		.loc 1 114 3 view .LVU1
  40              		.loc 1 114 22 is_stmt 0 view .LVU2
  41 0004 2422     		movs	r2, #36
  42 0006 0021     		movs	r1, #0
  43 0008 07A8     		add	r0, sp, #28
  44 000a FFF7FEFF 		bl	memset
  45              	.LVL0:
  46              		.loc 1 115 3 is_stmt 1 view .LVU3
  47              		.loc 1 115 22 is_stmt 0 view .LVU4
  48 000e 0024     		movs	r4, #0
  49 0010 0194     		str	r4, [sp, #4]
  50 0012 0294     		str	r4, [sp, #8]
  51 0014 0394     		str	r4, [sp, #12]
  52 0016 0494     		str	r4, [sp, #16]
  53 0018 0594     		str	r4, [sp, #20]
  54              		.loc 1 120 3 is_stmt 1 view .LVU5
  55              		.loc 1 120 36 is_stmt 0 view .LVU6
  56 001a 0223     		movs	r3, #2
  57 001c 0693     		str	r3, [sp, #24]
ARM GAS  C:\Users\Ika\AppData\Local\Temp\cc3fyBmC.s 			page 2


  58              		.loc 1 121 3 is_stmt 1 view .LVU7
  59              		.loc 1 121 30 is_stmt 0 view .LVU8
  60 001e 0123     		movs	r3, #1
  61 0020 0A93     		str	r3, [sp, #40]
  62              		.loc 1 122 3 is_stmt 1 view .LVU9
  63              		.loc 1 122 41 is_stmt 0 view .LVU10
  64 0022 1023     		movs	r3, #16
  65 0024 0B93     		str	r3, [sp, #44]
  66              		.loc 1 123 3 is_stmt 1 view .LVU11
  67              		.loc 1 124 3 view .LVU12
  68              		.loc 1 124 7 is_stmt 0 view .LVU13
  69 0026 06A8     		add	r0, sp, #24
  70 0028 FFF7FEFF 		bl	HAL_RCC_OscConfig
  71              	.LVL1:
  72              		.loc 1 130 3 is_stmt 1 view .LVU14
  73              		.loc 1 130 31 is_stmt 0 view .LVU15
  74 002c 0F23     		movs	r3, #15
  75 002e 0193     		str	r3, [sp, #4]
  76              		.loc 1 132 3 is_stmt 1 view .LVU16
  77              		.loc 1 132 34 is_stmt 0 view .LVU17
  78 0030 0294     		str	r4, [sp, #8]
  79              		.loc 1 133 3 is_stmt 1 view .LVU18
  80              		.loc 1 133 35 is_stmt 0 view .LVU19
  81 0032 0394     		str	r4, [sp, #12]
  82              		.loc 1 134 3 is_stmt 1 view .LVU20
  83              		.loc 1 134 36 is_stmt 0 view .LVU21
  84 0034 0494     		str	r4, [sp, #16]
  85              		.loc 1 135 3 is_stmt 1 view .LVU22
  86              		.loc 1 135 36 is_stmt 0 view .LVU23
  87 0036 0594     		str	r4, [sp, #20]
  88              		.loc 1 137 3 is_stmt 1 view .LVU24
  89              		.loc 1 137 7 is_stmt 0 view .LVU25
  90 0038 2146     		mov	r1, r4
  91 003a 01A8     		add	r0, sp, #4
  92 003c FFF7FEFF 		bl	HAL_RCC_ClockConfig
  93              	.LVL2:
  94              		.loc 1 141 1 view .LVU26
  95 0040 10B0     		add	sp, sp, #64
  96              	.LCFI2:
  97              		.cfi_def_cfa_offset 8
  98              		@ sp needed
  99 0042 10BD     		pop	{r4, pc}
 100              		.cfi_endproc
 101              	.LFE66:
 103              		.section	.text.main,"ax",%progbits
 104              		.align	1
 105              		.global	main
 106              		.syntax unified
 107              		.thumb
 108              		.thumb_func
 109              		.fpu softvfp
 111              	main:
 112              	.LFB65:
 113              		.loc 1 66 1 is_stmt 1 view -0
 114              		.cfi_startproc
 115              		@ Volatile: function does not return.
 116              		@ args = 0, pretend = 0, frame = 0
ARM GAS  C:\Users\Ika\AppData\Local\Temp\cc3fyBmC.s 			page 3


 117              		@ frame_needed = 0, uses_anonymous_args = 0
 118 0000 08B5     		push	{r3, lr}
 119              	.LCFI3:
 120              		.cfi_def_cfa_offset 8
 121              		.cfi_offset 3, -8
 122              		.cfi_offset 14, -4
 123              		.loc 1 74 3 view .LVU28
 124 0002 FFF7FEFF 		bl	HAL_Init
 125              	.LVL3:
 126              		.loc 1 81 3 view .LVU29
 127 0006 FFF7FEFF 		bl	SystemClock_Config
 128              	.LVL4:
 129              		.loc 1 88 3 view .LVU30
 130 000a FFF7FEFF 		bl	MX_GPIO_Init
 131              	.LVL5:
 132              		.loc 1 89 3 view .LVU31
 133 000e FFF7FEFF 		bl	MX_TIM1_Init
 134              	.LVL6:
 135              		.loc 1 90 3 view .LVU32
 136 0012 FFF7FEFF 		bl	MX_TIM3_Init
 137              	.LVL7:
 138              		.loc 1 93 3 view .LVU33
 139 0016 FFF7FEFF 		bl	casovnik
 140              	.LVL8:
 141              	.L4:
 142              		.loc 1 99 3 discriminator 1 view .LVU34
 143              		.loc 1 104 3 discriminator 1 view .LVU35
 144              		.loc 1 99 9 discriminator 1 view .LVU36
 145 001a FEE7     		b	.L4
 146              		.cfi_endproc
 147              	.LFE65:
 149              		.section	.text.Error_Handler,"ax",%progbits
 150              		.align	1
 151              		.global	Error_Handler
 152              		.syntax unified
 153              		.thumb
 154              		.thumb_func
 155              		.fpu softvfp
 157              	Error_Handler:
 158              	.LFB67:
 159              		.loc 1 152 1 view -0
 160              		.cfi_startproc
 161              		@ args = 0, pretend = 0, frame = 0
 162              		@ frame_needed = 0, uses_anonymous_args = 0
 163              		@ link register save eliminated.
 164              		.loc 1 157 1 view .LVU38
 165 0000 7047     		bx	lr
 166              		.cfi_endproc
 167              	.LFE67:
 169              		.text
 170              	.Letext0:
 171              		.file 2 "../c:\\users\\ika\\desktop\\gnu mcu\\arm-none-eabi-gcc-9.3.1-1.1\\arm-none-eabi\\include\
 172              		.file 3 "../c:\\users\\ika\\desktop\\gnu mcu\\arm-none-eabi-gcc-9.3.1-1.1\\arm-none-eabi\\include\
 173              		.file 4 "../Drivers/CMSIS/Include/core_cm3.h"
 174              		.file 5 "../Drivers/CMSIS/Device/ST/STM32F1xx/Include/system_stm32f1xx.h"
 175              		.file 6 "../Drivers/CMSIS/Device/ST/STM32F1xx/Include/stm32f103x6.h"
 176              		.file 7 "../Drivers/STM32F1xx_HAL_Driver/Inc/stm32f1xx_hal_def.h"
ARM GAS  C:\Users\Ika\AppData\Local\Temp\cc3fyBmC.s 			page 4


 177              		.file 8 "../Drivers/STM32F1xx_HAL_Driver/Inc/stm32f1xx_hal_rcc.h"
 178              		.file 9 "../Drivers/STM32F1xx_HAL_Driver/Inc/stm32f1xx_hal_rcc_ex.h"
 179              		.file 10 "../Drivers/STM32F1xx_HAL_Driver/Inc/stm32f1xx_hal_dma.h"
 180              		.file 11 "../Drivers/STM32F1xx_HAL_Driver/Inc/stm32f1xx_hal_tim.h"
 181              		.file 12 "../Drivers/STM32F1xx_HAL_Driver/Inc/stm32f1xx_hal.h"
 182              		.file 13 "../Core/Inc/tim.h"
 183              		.file 14 "../Core/Inc/gpio.h"
 184              		.file 15 "../Core/Inc/casovnik.h"
 185              		.file 16 "../<built-in>"
ARM GAS  C:\Users\Ika\AppData\Local\Temp\cc3fyBmC.s 			page 5


DEFINED SYMBOLS
                            *ABS*:0000000000000000 main.c
C:\Users\Ika\AppData\Local\Temp\cc3fyBmC.s:16     .text.SystemClock_Config:0000000000000000 $t
C:\Users\Ika\AppData\Local\Temp\cc3fyBmC.s:24     .text.SystemClock_Config:0000000000000000 SystemClock_Config
C:\Users\Ika\AppData\Local\Temp\cc3fyBmC.s:104    .text.main:0000000000000000 $t
C:\Users\Ika\AppData\Local\Temp\cc3fyBmC.s:111    .text.main:0000000000000000 main
C:\Users\Ika\AppData\Local\Temp\cc3fyBmC.s:150    .text.Error_Handler:0000000000000000 $t
C:\Users\Ika\AppData\Local\Temp\cc3fyBmC.s:157    .text.Error_Handler:0000000000000000 Error_Handler

UNDEFINED SYMBOLS
memset
HAL_RCC_OscConfig
HAL_RCC_ClockConfig
HAL_Init
MX_GPIO_Init
MX_TIM1_Init
MX_TIM3_Init
casovnik
