ARM GAS  C:\Users\Ika\AppData\Local\Temp\ccI1g73t.s 			page 1


   1              		.cpu cortex-m3
   2              		.eabi_attribute 20, 1
   3              		.eabi_attribute 21, 1
   4              		.eabi_attribute 23, 3
   5              		.eabi_attribute 24, 1
   6              		.eabi_attribute 25, 1
   7              		.eabi_attribute 26, 1
   8              		.eabi_attribute 30, 1
   9              		.eabi_attribute 34, 1
  10              		.eabi_attribute 18, 4
  11              		.file	"casovnik.c"
  12              		.text
  13              	.Ltext0:
  14              		.cfi_sections	.debug_frame
  15              		.section	.text.casovnik,"ax",%progbits
  16              		.align	1
  17              		.global	casovnik
  18              		.arch armv7-m
  19              		.syntax unified
  20              		.thumb
  21              		.thumb_func
  22              		.fpu softvfp
  24              	casovnik:
  25              	.LFB65:
  26              		.file 1 "../Core/Src/casovnik.c"
   1:../Core/Src/casovnik.c **** 
  27              		.loc 1 51 16 view -0
  28              		.cfi_startproc
  29              		@ args = 0, pretend = 0, frame = 0
  30              		@ frame_needed = 0, uses_anonymous_args = 0
  31              		@ link register save eliminated.
  32              		.loc 1 52 2 view .LVU1
  33              		.loc 1 52 24 is_stmt 0 view .LVU2
  34 0000 024B     		ldr	r3, .L2
  35 0002 5A78     		ldrb	r2, [r3, #1]	@ zero_extendqisi2
  36              		.loc 1 52 13 view .LVU3
  37 0004 024B     		ldr	r3, .L2+4
  38 0006 DA60     		str	r2, [r3, #12]
  39              		.loc 1 53 1 view .LVU4
  40 0008 7047     		bx	lr
  41              	.L3:
  42 000a 00BF     		.align	2
  43              	.L2:
  44 000c 00000000 		.word	.LANCHOR0
  45 0010 00100140 		.word	1073811456
  46              		.cfi_endproc
  47              	.LFE65:
  49              		.global	seven_seg
  50              		.section	.data.seven_seg,"aw"
  51              		.align	2
  52              		.set	.LANCHOR0,. + 0
  55              	seven_seg:
  56 0000 81CF9286 		.ascii	"\201\317\222\206\314\244\240\217\200\204"
  56      CCA4A08F 
  56      8084
  57              		.text
  58              	.Letext0:
ARM GAS  C:\Users\Ika\AppData\Local\Temp\ccI1g73t.s 			page 2


  59              		.file 2 "../c:\\users\\ika\\desktop\\gnu mcu\\arm-none-eabi-gcc-9.3.1-1.1\\arm-none-eabi\\include\
  60              		.file 3 "../c:\\users\\ika\\desktop\\gnu mcu\\arm-none-eabi-gcc-9.3.1-1.1\\arm-none-eabi\\include\
  61              		.file 4 "../Drivers/CMSIS/Include/core_cm3.h"
  62              		.file 5 "../Drivers/CMSIS/Device/ST/STM32F1xx/Include/system_stm32f1xx.h"
  63              		.file 6 "../Drivers/CMSIS/Device/ST/STM32F1xx/Include/stm32f103x6.h"
  64              		.file 7 "../Drivers/STM32F1xx_HAL_Driver/Inc/stm32f1xx_hal_def.h"
  65              		.file 8 "../Drivers/STM32F1xx_HAL_Driver/Inc/stm32f1xx_hal_dma.h"
  66              		.file 9 "../Drivers/STM32F1xx_HAL_Driver/Inc/stm32f1xx_hal_tim.h"
  67              		.file 10 "../Drivers/STM32F1xx_HAL_Driver/Inc/stm32f1xx_hal.h"
  68              		.file 11 "../Core/Inc/tim.h"
ARM GAS  C:\Users\Ika\AppData\Local\Temp\ccI1g73t.s 			page 3


DEFINED SYMBOLS
                            *ABS*:0000000000000000 casovnik.c
C:\Users\Ika\AppData\Local\Temp\ccI1g73t.s:16     .text.casovnik:0000000000000000 $t
C:\Users\Ika\AppData\Local\Temp\ccI1g73t.s:24     .text.casovnik:0000000000000000 casovnik
C:\Users\Ika\AppData\Local\Temp\ccI1g73t.s:44     .text.casovnik:000000000000000c $d
C:\Users\Ika\AppData\Local\Temp\ccI1g73t.s:55     .data.seven_seg:0000000000000000 seven_seg
C:\Users\Ika\AppData\Local\Temp\ccI1g73t.s:51     .data.seven_seg:0000000000000000 $d

NO UNDEFINED SYMBOLS
