ARM GAS  C:\Users\Ika\AppData\Local\Temp\cc1sfhOj.s 			page 1


   1              		.cpu cortex-m3
   2              		.eabi_attribute 20, 1
   3              		.eabi_attribute 21, 1
   4              		.eabi_attribute 23, 3
   5              		.eabi_attribute 24, 1
   6              		.eabi_attribute 25, 1
   7              		.eabi_attribute 26, 1
   8              		.eabi_attribute 30, 1
   9              		.eabi_attribute 34, 1
  10              		.eabi_attribute 18, 4
  11              		.file	"gpio.c"
  12              		.text
  13              	.Ltext0:
  14              		.cfi_sections	.debug_frame
  15              		.section	.text.MX_GPIO_Init,"ax",%progbits
  16              		.align	1
  17              		.global	MX_GPIO_Init
  18              		.arch armv7-m
  19              		.syntax unified
  20              		.thumb
  21              		.thumb_func
  22              		.fpu softvfp
  24              	MX_GPIO_Init:
  25              	.LFB65:
  26              		.file 1 "../Core/Src/gpio.c"
   1:../Core/Src/gpio.c **** 
  27              		.loc 1 36 1 view -0
  28              		.cfi_startproc
  29              		@ args = 0, pretend = 0, frame = 32
  30              		@ frame_needed = 0, uses_anonymous_args = 0
  31 0000 2DE9F04F 		push	{r4, r5, r6, r7, r8, r9, r10, fp, lr}
  32              	.LCFI0:
  33              		.cfi_def_cfa_offset 36
  34              		.cfi_offset 4, -36
  35              		.cfi_offset 5, -32
  36              		.cfi_offset 6, -28
  37              		.cfi_offset 7, -24
  38              		.cfi_offset 8, -20
  39              		.cfi_offset 9, -16
  40              		.cfi_offset 10, -12
  41              		.cfi_offset 11, -8
  42              		.cfi_offset 14, -4
  43 0004 89B0     		sub	sp, sp, #36
  44              	.LCFI1:
  45              		.cfi_def_cfa_offset 72
  46              		.loc 1 38 3 view .LVU1
  47              		.loc 1 38 20 is_stmt 0 view .LVU2
  48 0006 0024     		movs	r4, #0
  49 0008 0494     		str	r4, [sp, #16]
  50 000a 0594     		str	r4, [sp, #20]
  51 000c 0694     		str	r4, [sp, #24]
  52 000e 0794     		str	r4, [sp, #28]
  53              		.loc 1 41 3 is_stmt 1 view .LVU3
  54              	.LBB2:
  55              		.loc 1 41 3 view .LVU4
  56              		.loc 1 41 3 view .LVU5
  57 0010 364B     		ldr	r3, .L3
ARM GAS  C:\Users\Ika\AppData\Local\Temp\cc1sfhOj.s 			page 2


  58 0012 9A69     		ldr	r2, [r3, #24]
  59 0014 42F01002 		orr	r2, r2, #16
  60 0018 9A61     		str	r2, [r3, #24]
  61              		.loc 1 41 3 view .LVU6
  62 001a 9A69     		ldr	r2, [r3, #24]
  63 001c 02F01002 		and	r2, r2, #16
  64 0020 0192     		str	r2, [sp, #4]
  65              		.loc 1 41 3 view .LVU7
  66 0022 019A     		ldr	r2, [sp, #4]
  67              	.LBE2:
  68              		.loc 1 41 3 view .LVU8
  69              		.loc 1 42 3 view .LVU9
  70              	.LBB3:
  71              		.loc 1 42 3 view .LVU10
  72              		.loc 1 42 3 view .LVU11
  73 0024 9A69     		ldr	r2, [r3, #24]
  74 0026 42F00402 		orr	r2, r2, #4
  75 002a 9A61     		str	r2, [r3, #24]
  76              		.loc 1 42 3 view .LVU12
  77 002c 9A69     		ldr	r2, [r3, #24]
  78 002e 02F00402 		and	r2, r2, #4
  79 0032 0292     		str	r2, [sp, #8]
  80              		.loc 1 42 3 view .LVU13
  81 0034 029A     		ldr	r2, [sp, #8]
  82              	.LBE3:
  83              		.loc 1 42 3 view .LVU14
  84              		.loc 1 43 3 view .LVU15
  85              	.LBB4:
  86              		.loc 1 43 3 view .LVU16
  87              		.loc 1 43 3 view .LVU17
  88 0036 9A69     		ldr	r2, [r3, #24]
  89 0038 42F00802 		orr	r2, r2, #8
  90 003c 9A61     		str	r2, [r3, #24]
  91              		.loc 1 43 3 view .LVU18
  92 003e 9B69     		ldr	r3, [r3, #24]
  93 0040 03F00803 		and	r3, r3, #8
  94 0044 0393     		str	r3, [sp, #12]
  95              		.loc 1 43 3 view .LVU19
  96 0046 039B     		ldr	r3, [sp, #12]
  97              	.LBE4:
  98              		.loc 1 43 3 view .LVU20
  99              		.loc 1 46 3 view .LVU21
 100 0048 294F     		ldr	r7, .L3+4
 101 004a 2246     		mov	r2, r4
 102 004c 40F6FF71 		movw	r1, #4095
 103 0050 3846     		mov	r0, r7
 104 0052 284D     		ldr	r5, .L3+8
 105 0054 A847     		blx	r5
 106              	.LVL0:
 107              		.loc 1 51 3 view .LVU22
 108 0056 DFF8B090 		ldr	r9, .L3+28
 109 005a 2246     		mov	r2, r4
 110 005c 0121     		movs	r1, #1
 111 005e 4846     		mov	r0, r9
 112 0060 A847     		blx	r5
 113              	.LVL1:
 114              		.loc 1 56 3 view .LVU23
ARM GAS  C:\Users\Ika\AppData\Local\Temp\cc1sfhOj.s 			page 3


 115              		.loc 1 56 23 is_stmt 0 view .LVU24
 116 0062 40F6FF73 		movw	r3, #4095
 117 0066 0493     		str	r3, [sp, #16]
 118              		.loc 1 59 3 is_stmt 1 view .LVU25
 119              		.loc 1 59 24 is_stmt 0 view .LVU26
 120 0068 0126     		movs	r6, #1
 121 006a 0596     		str	r6, [sp, #20]
 122              		.loc 1 60 3 is_stmt 1 view .LVU27
 123              		.loc 1 60 24 is_stmt 0 view .LVU28
 124 006c 0696     		str	r6, [sp, #24]
 125              		.loc 1 61 3 is_stmt 1 view .LVU29
 126              		.loc 1 61 25 is_stmt 0 view .LVU30
 127 006e 4FF0020A 		mov	r10, #2
 128 0072 CDF81CA0 		str	r10, [sp, #28]
 129              		.loc 1 62 3 is_stmt 1 view .LVU31
 130 0076 04A9     		add	r1, sp, #16
 131 0078 3846     		mov	r0, r7
 132 007a 1F4D     		ldr	r5, .L3+12
 133 007c A847     		blx	r5
 134              	.LVL2:
 135              		.loc 1 65 3 view .LVU32
 136              		.loc 1 65 23 is_stmt 0 view .LVU33
 137 007e 4023     		movs	r3, #64
 138 0080 0493     		str	r3, [sp, #16]
 139              		.loc 1 66 3 is_stmt 1 view .LVU34
 140              		.loc 1 66 24 is_stmt 0 view .LVU35
 141 0082 DFF88880 		ldr	r8, .L3+32
 142 0086 CDF81480 		str	r8, [sp, #20]
 143              		.loc 1 67 3 is_stmt 1 view .LVU36
 144              		.loc 1 67 24 is_stmt 0 view .LVU37
 145 008a 0694     		str	r4, [sp, #24]
 146              		.loc 1 68 3 is_stmt 1 view .LVU38
 147 008c DFF880B0 		ldr	fp, .L3+36
 148 0090 04A9     		add	r1, sp, #16
 149 0092 5846     		mov	r0, fp
 150 0094 A847     		blx	r5
 151              	.LVL3:
 152              		.loc 1 71 3 view .LVU39
 153              		.loc 1 71 23 is_stmt 0 view .LVU40
 154 0096 8023     		movs	r3, #128
 155 0098 0493     		str	r3, [sp, #16]
 156              		.loc 1 72 3 is_stmt 1 view .LVU41
 157              		.loc 1 72 24 is_stmt 0 view .LVU42
 158 009a 184B     		ldr	r3, .L3+16
 159 009c 0593     		str	r3, [sp, #20]
 160              		.loc 1 73 3 is_stmt 1 view .LVU43
 161              		.loc 1 73 24 is_stmt 0 view .LVU44
 162 009e 0694     		str	r4, [sp, #24]
 163              		.loc 1 74 3 is_stmt 1 view .LVU45
 164 00a0 04A9     		add	r1, sp, #16
 165 00a2 5846     		mov	r0, fp
 166 00a4 A847     		blx	r5
 167              	.LVL4:
 168              		.loc 1 77 3 view .LVU46
 169              		.loc 1 77 23 is_stmt 0 view .LVU47
 170 00a6 0496     		str	r6, [sp, #16]
 171              		.loc 1 78 3 is_stmt 1 view .LVU48
ARM GAS  C:\Users\Ika\AppData\Local\Temp\cc1sfhOj.s 			page 4


 172              		.loc 1 78 24 is_stmt 0 view .LVU49
 173 00a8 0596     		str	r6, [sp, #20]
 174              		.loc 1 79 3 is_stmt 1 view .LVU50
 175              		.loc 1 79 24 is_stmt 0 view .LVU51
 176 00aa 0696     		str	r6, [sp, #24]
 177              		.loc 1 80 3 is_stmt 1 view .LVU52
 178              		.loc 1 80 25 is_stmt 0 view .LVU53
 179 00ac CDF81CA0 		str	r10, [sp, #28]
 180              		.loc 1 81 3 is_stmt 1 view .LVU54
 181 00b0 04A9     		add	r1, sp, #16
 182 00b2 4846     		mov	r0, r9
 183 00b4 A847     		blx	r5
 184              	.LVL5:
 185              		.loc 1 84 3 view .LVU55
 186              		.loc 1 84 23 is_stmt 0 view .LVU56
 187 00b6 4FF48053 		mov	r3, #4096
 188 00ba 0493     		str	r3, [sp, #16]
 189              		.loc 1 85 3 is_stmt 1 view .LVU57
 190              		.loc 1 85 24 is_stmt 0 view .LVU58
 191 00bc CDF81480 		str	r8, [sp, #20]
 192              		.loc 1 86 3 is_stmt 1 view .LVU59
 193              		.loc 1 86 24 is_stmt 0 view .LVU60
 194 00c0 0694     		str	r4, [sp, #24]
 195              		.loc 1 87 3 is_stmt 1 view .LVU61
 196 00c2 04A9     		add	r1, sp, #16
 197 00c4 3846     		mov	r0, r7
 198 00c6 A847     		blx	r5
 199              	.LVL6:
 200              		.loc 1 90 3 view .LVU62
 201 00c8 2246     		mov	r2, r4
 202 00ca 2146     		mov	r1, r4
 203 00cc 1720     		movs	r0, #23
 204 00ce 0C4E     		ldr	r6, .L3+20
 205 00d0 B047     		blx	r6
 206              	.LVL7:
 207              		.loc 1 91 3 view .LVU63
 208 00d2 1720     		movs	r0, #23
 209 00d4 0B4D     		ldr	r5, .L3+24
 210 00d6 A847     		blx	r5
 211              	.LVL8:
 212              		.loc 1 93 3 view .LVU64
 213 00d8 2246     		mov	r2, r4
 214 00da 2146     		mov	r1, r4
 215 00dc 2820     		movs	r0, #40
 216 00de B047     		blx	r6
 217              	.LVL9:
 218              		.loc 1 94 3 view .LVU65
 219 00e0 2820     		movs	r0, #40
 220 00e2 A847     		blx	r5
 221              	.LVL10:
 222              		.loc 1 96 1 is_stmt 0 view .LVU66
 223 00e4 09B0     		add	sp, sp, #36
 224              	.LCFI2:
 225              		.cfi_def_cfa_offset 36
 226              		@ sp needed
 227 00e6 BDE8F08F 		pop	{r4, r5, r6, r7, r8, r9, r10, fp, pc}
 228              	.L4:
ARM GAS  C:\Users\Ika\AppData\Local\Temp\cc1sfhOj.s 			page 5


 229 00ea 00BF     		.align	2
 230              	.L3:
 231 00ec 00100240 		.word	1073876992
 232 00f0 00100140 		.word	1073811456
 233 00f4 00000000 		.word	HAL_GPIO_WritePin
 234 00f8 00000000 		.word	HAL_GPIO_Init
 235 00fc 00002110 		.word	270598144
 236 0100 00000000 		.word	HAL_NVIC_SetPriority
 237 0104 00000000 		.word	HAL_NVIC_EnableIRQ
 238 0108 000C0140 		.word	1073810432
 239 010c 00001110 		.word	269549568
 240 0110 00080140 		.word	1073809408
 241              		.cfi_endproc
 242              	.LFE65:
 244              		.text
 245              	.Letext0:
 246              		.file 2 "../c:\\users\\ika\\desktop\\gnu mcu\\arm-none-eabi-gcc-9.3.1-1.1\\arm-none-eabi\\include\
 247              		.file 3 "../c:\\users\\ika\\desktop\\gnu mcu\\arm-none-eabi-gcc-9.3.1-1.1\\arm-none-eabi\\include\
 248              		.file 4 "../Drivers/CMSIS/Include/core_cm3.h"
 249              		.file 5 "../Drivers/CMSIS/Device/ST/STM32F1xx/Include/system_stm32f1xx.h"
 250              		.file 6 "../Drivers/CMSIS/Device/ST/STM32F1xx/Include/stm32f103x6.h"
 251              		.file 7 "../Drivers/STM32F1xx_HAL_Driver/Inc/stm32f1xx_hal_gpio.h"
 252              		.file 8 "../Drivers/STM32F1xx_HAL_Driver/Inc/stm32f1xx_hal.h"
 253              		.file 9 "../Drivers/STM32F1xx_HAL_Driver/Inc/stm32f1xx_hal_cortex.h"
ARM GAS  C:\Users\Ika\AppData\Local\Temp\cc1sfhOj.s 			page 6


DEFINED SYMBOLS
                            *ABS*:0000000000000000 gpio.c
C:\Users\Ika\AppData\Local\Temp\cc1sfhOj.s:16     .text.MX_GPIO_Init:0000000000000000 $t
C:\Users\Ika\AppData\Local\Temp\cc1sfhOj.s:24     .text.MX_GPIO_Init:0000000000000000 MX_GPIO_Init
C:\Users\Ika\AppData\Local\Temp\cc1sfhOj.s:231    .text.MX_GPIO_Init:00000000000000ec $d

UNDEFINED SYMBOLS
HAL_GPIO_WritePin
HAL_GPIO_Init
HAL_NVIC_SetPriority
HAL_NVIC_EnableIRQ
