ARM GAS  C:\Users\Ika\AppData\Local\Temp\ccGVPbTc.s 			page 1


   1              		.cpu cortex-m3
   2              		.eabi_attribute 20, 1
   3              		.eabi_attribute 21, 1
   4              		.eabi_attribute 23, 3
   5              		.eabi_attribute 24, 1
   6              		.eabi_attribute 25, 1
   7              		.eabi_attribute 26, 1
   8              		.eabi_attribute 30, 1
   9              		.eabi_attribute 34, 1
  10              		.eabi_attribute 18, 4
  11              		.file	"tim.c"
  12              		.text
  13              	.Ltext0:
  14              		.cfi_sections	.debug_frame
  15              		.section	.text.MX_TIM1_Init,"ax",%progbits
  16              		.align	1
  17              		.global	MX_TIM1_Init
  18              		.arch armv7-m
  19              		.syntax unified
  20              		.thumb
  21              		.thumb_func
  22              		.fpu softvfp
  24              	MX_TIM1_Init:
  25              	.LFB65:
  26              		.file 1 "../Core/Src/tim.c"
   1:../Core/Src/tim.c **** 
  27              		.loc 1 31 1 view -0
  28              		.cfi_startproc
  29              		@ args = 0, pretend = 0, frame = 40
  30              		@ frame_needed = 0, uses_anonymous_args = 0
  31 0000 00B5     		push	{lr}
  32              	.LCFI0:
  33              		.cfi_def_cfa_offset 4
  34              		.cfi_offset 14, -4
  35 0002 8BB0     		sub	sp, sp, #44
  36              	.LCFI1:
  37              		.cfi_def_cfa_offset 48
  38              		.loc 1 32 3 view .LVU1
  39              		.loc 1 32 26 is_stmt 0 view .LVU2
  40 0004 0023     		movs	r3, #0
  41 0006 0693     		str	r3, [sp, #24]
  42 0008 0793     		str	r3, [sp, #28]
  43 000a 0893     		str	r3, [sp, #32]
  44 000c 0993     		str	r3, [sp, #36]
  45              		.loc 1 33 3 is_stmt 1 view .LVU3
  46              		.loc 1 33 27 is_stmt 0 view .LVU4
  47 000e 0493     		str	r3, [sp, #16]
  48 0010 0593     		str	r3, [sp, #20]
  49              		.loc 1 34 3 is_stmt 1 view .LVU5
  50              		.loc 1 34 22 is_stmt 0 view .LVU6
  51 0012 0093     		str	r3, [sp]
  52 0014 0193     		str	r3, [sp, #4]
  53 0016 0293     		str	r3, [sp, #8]
  54 0018 0393     		str	r3, [sp, #12]
  55              		.loc 1 36 3 is_stmt 1 view .LVU7
  56              		.loc 1 36 18 is_stmt 0 view .LVU8
  57 001a 2048     		ldr	r0, .L13
ARM GAS  C:\Users\Ika\AppData\Local\Temp\ccGVPbTc.s 			page 2


  58 001c 204A     		ldr	r2, .L13+4
  59 001e 0260     		str	r2, [r0]
  60              		.loc 1 37 3 is_stmt 1 view .LVU9
  61              		.loc 1 37 24 is_stmt 0 view .LVU10
  62 0020 40F2E732 		movw	r2, #999
  63 0024 4260     		str	r2, [r0, #4]
  64              		.loc 1 38 3 is_stmt 1 view .LVU11
  65              		.loc 1 38 26 is_stmt 0 view .LVU12
  66 0026 8360     		str	r3, [r0, #8]
  67              		.loc 1 39 3 is_stmt 1 view .LVU13
  68              		.loc 1 39 21 is_stmt 0 view .LVU14
  69 0028 4F22     		movs	r2, #79
  70 002a C260     		str	r2, [r0, #12]
  71              		.loc 1 40 3 is_stmt 1 view .LVU15
  72              		.loc 1 40 28 is_stmt 0 view .LVU16
  73 002c 0361     		str	r3, [r0, #16]
  74              		.loc 1 41 3 is_stmt 1 view .LVU17
  75              		.loc 1 41 32 is_stmt 0 view .LVU18
  76 002e 4361     		str	r3, [r0, #20]
  77              		.loc 1 42 3 is_stmt 1 view .LVU19
  78              		.loc 1 42 32 is_stmt 0 view .LVU20
  79 0030 8361     		str	r3, [r0, #24]
  80              		.loc 1 43 3 is_stmt 1 view .LVU21
  81              		.loc 1 43 7 is_stmt 0 view .LVU22
  82 0032 1C4B     		ldr	r3, .L13+8
  83 0034 9847     		blx	r3
  84              	.LVL0:
  85              		.loc 1 43 6 view .LVU23
  86 0036 08BB     		cbnz	r0, .L8
  87              	.L2:
  88              		.loc 1 47 3 is_stmt 1 view .LVU24
  89              		.loc 1 47 34 is_stmt 0 view .LVU25
  90 0038 4FF48053 		mov	r3, #4096
  91 003c 0693     		str	r3, [sp, #24]
  92              		.loc 1 48 3 is_stmt 1 view .LVU26
  93              		.loc 1 48 7 is_stmt 0 view .LVU27
  94 003e 06A9     		add	r1, sp, #24
  95 0040 1648     		ldr	r0, .L13
  96 0042 194B     		ldr	r3, .L13+12
  97 0044 9847     		blx	r3
  98              	.LVL1:
  99              		.loc 1 48 6 view .LVU28
 100 0046 E0B9     		cbnz	r0, .L9
 101              	.L3:
 102              		.loc 1 52 3 is_stmt 1 view .LVU29
 103              		.loc 1 52 7 is_stmt 0 view .LVU30
 104 0048 1448     		ldr	r0, .L13
 105 004a 184B     		ldr	r3, .L13+16
 106 004c 9847     		blx	r3
 107              	.LVL2:
 108              		.loc 1 52 6 view .LVU31
 109 004e D8B9     		cbnz	r0, .L10
 110              	.L4:
 111              		.loc 1 56 3 is_stmt 1 view .LVU32
 112              		.loc 1 56 37 is_stmt 0 view .LVU33
 113 0050 0023     		movs	r3, #0
 114 0052 0493     		str	r3, [sp, #16]
ARM GAS  C:\Users\Ika\AppData\Local\Temp\ccGVPbTc.s 			page 3


 115              		.loc 1 57 3 is_stmt 1 view .LVU34
 116              		.loc 1 57 33 is_stmt 0 view .LVU35
 117 0054 0593     		str	r3, [sp, #20]
 118              		.loc 1 58 3 is_stmt 1 view .LVU36
 119              		.loc 1 58 7 is_stmt 0 view .LVU37
 120 0056 04A9     		add	r1, sp, #16
 121 0058 1048     		ldr	r0, .L13
 122 005a 154B     		ldr	r3, .L13+20
 123 005c 9847     		blx	r3
 124              	.LVL3:
 125              		.loc 1 58 6 view .LVU38
 126 005e B0B9     		cbnz	r0, .L11
 127              	.L5:
 128              		.loc 1 62 3 is_stmt 1 view .LVU39
 129              		.loc 1 62 24 is_stmt 0 view .LVU40
 130 0060 0022     		movs	r2, #0
 131 0062 0092     		str	r2, [sp]
 132              		.loc 1 63 3 is_stmt 1 view .LVU41
 133              		.loc 1 63 25 is_stmt 0 view .LVU42
 134 0064 0123     		movs	r3, #1
 135 0066 0193     		str	r3, [sp, #4]
 136              		.loc 1 64 3 is_stmt 1 view .LVU43
 137              		.loc 1 64 25 is_stmt 0 view .LVU44
 138 0068 0292     		str	r2, [sp, #8]
 139              		.loc 1 65 3 is_stmt 1 view .LVU45
 140              		.loc 1 65 22 is_stmt 0 view .LVU46
 141 006a 0392     		str	r2, [sp, #12]
 142              		.loc 1 66 3 is_stmt 1 view .LVU47
 143              		.loc 1 66 7 is_stmt 0 view .LVU48
 144 006c 6946     		mov	r1, sp
 145 006e 0B48     		ldr	r0, .L13
 146 0070 104B     		ldr	r3, .L13+24
 147 0072 9847     		blx	r3
 148              	.LVL4:
 149              		.loc 1 66 6 view .LVU49
 150 0074 70B9     		cbnz	r0, .L12
 151              	.L1:
 152              		.loc 1 71 1 view .LVU50
 153 0076 0BB0     		add	sp, sp, #44
 154              	.LCFI2:
 155              		.cfi_remember_state
 156              		.cfi_def_cfa_offset 4
 157              		@ sp needed
 158 0078 5DF804FB 		ldr	pc, [sp], #4
 159              	.L8:
 160              	.LCFI3:
 161              		.cfi_restore_state
 162              		.loc 1 45 5 is_stmt 1 view .LVU51
 163 007c 0E4B     		ldr	r3, .L13+28
 164 007e 9847     		blx	r3
 165              	.LVL5:
 166 0080 DAE7     		b	.L2
 167              	.L9:
 168              		.loc 1 50 5 view .LVU52
 169 0082 0D4B     		ldr	r3, .L13+28
 170 0084 9847     		blx	r3
 171              	.LVL6:
ARM GAS  C:\Users\Ika\AppData\Local\Temp\ccGVPbTc.s 			page 4


 172 0086 DFE7     		b	.L3
 173              	.L10:
 174              		.loc 1 54 5 view .LVU53
 175 0088 0B4B     		ldr	r3, .L13+28
 176 008a 9847     		blx	r3
 177              	.LVL7:
 178 008c E0E7     		b	.L4
 179              	.L11:
 180              		.loc 1 60 5 view .LVU54
 181 008e 0A4B     		ldr	r3, .L13+28
 182 0090 9847     		blx	r3
 183              	.LVL8:
 184 0092 E5E7     		b	.L5
 185              	.L12:
 186              		.loc 1 68 5 view .LVU55
 187 0094 084B     		ldr	r3, .L13+28
 188 0096 9847     		blx	r3
 189              	.LVL9:
 190              		.loc 1 71 1 is_stmt 0 view .LVU56
 191 0098 EDE7     		b	.L1
 192              	.L14:
 193 009a 00BF     		.align	2
 194              	.L13:
 195 009c 00000000 		.word	htim1
 196 00a0 002C0140 		.word	1073818624
 197 00a4 00000000 		.word	HAL_TIM_Base_Init
 198 00a8 00000000 		.word	HAL_TIM_ConfigClockSource
 199 00ac 00000000 		.word	HAL_TIM_IC_Init
 200 00b0 00000000 		.word	HAL_TIMEx_MasterConfigSynchronization
 201 00b4 00000000 		.word	HAL_TIM_IC_ConfigChannel
 202 00b8 00000000 		.word	Error_Handler
 203              		.cfi_endproc
 204              	.LFE65:
 206              		.section	.text.HAL_TIM_Base_MspInit,"ax",%progbits
 207              		.align	1
 208              		.global	HAL_TIM_Base_MspInit
 209              		.syntax unified
 210              		.thumb
 211              		.thumb_func
 212              		.fpu softvfp
 214              	HAL_TIM_Base_MspInit:
 215              	.LVL10:
 216              	.LFB66:
 217              		.loc 1 74 1 is_stmt 1 view -0
 218              		.cfi_startproc
 219              		@ args = 0, pretend = 0, frame = 24
 220              		@ frame_needed = 0, uses_anonymous_args = 0
 221              		.loc 1 74 1 is_stmt 0 view .LVU58
 222 0000 70B5     		push	{r4, r5, r6, lr}
 223              	.LCFI4:
 224              		.cfi_def_cfa_offset 16
 225              		.cfi_offset 4, -16
 226              		.cfi_offset 5, -12
 227              		.cfi_offset 6, -8
 228              		.cfi_offset 14, -4
 229 0002 86B0     		sub	sp, sp, #24
 230              	.LCFI5:
ARM GAS  C:\Users\Ika\AppData\Local\Temp\ccGVPbTc.s 			page 5


 231              		.cfi_def_cfa_offset 40
 232              		.loc 1 76 3 is_stmt 1 view .LVU59
 233              		.loc 1 76 20 is_stmt 0 view .LVU60
 234 0004 0023     		movs	r3, #0
 235 0006 0293     		str	r3, [sp, #8]
 236 0008 0393     		str	r3, [sp, #12]
 237 000a 0493     		str	r3, [sp, #16]
 238 000c 0593     		str	r3, [sp, #20]
 239              		.loc 1 77 3 is_stmt 1 view .LVU61
 240              		.loc 1 77 20 is_stmt 0 view .LVU62
 241 000e 0268     		ldr	r2, [r0]
 242              		.loc 1 77 5 view .LVU63
 243 0010 184B     		ldr	r3, .L19
 244 0012 9A42     		cmp	r2, r3
 245 0014 01D0     		beq	.L18
 246              	.LVL11:
 247              	.L15:
 248              		.loc 1 103 1 view .LVU64
 249 0016 06B0     		add	sp, sp, #24
 250              	.LCFI6:
 251              		.cfi_remember_state
 252              		.cfi_def_cfa_offset 16
 253              		@ sp needed
 254 0018 70BD     		pop	{r4, r5, r6, pc}
 255              	.LVL12:
 256              	.L18:
 257              	.LCFI7:
 258              		.cfi_restore_state
 259              		.loc 1 83 5 is_stmt 1 view .LVU65
 260              	.LBB2:
 261              		.loc 1 83 5 view .LVU66
 262              		.loc 1 83 5 view .LVU67
 263 001a 03F56443 		add	r3, r3, #58368
 264 001e 9A69     		ldr	r2, [r3, #24]
 265 0020 42F40062 		orr	r2, r2, #2048
 266 0024 9A61     		str	r2, [r3, #24]
 267              		.loc 1 83 5 view .LVU68
 268 0026 9A69     		ldr	r2, [r3, #24]
 269 0028 02F40062 		and	r2, r2, #2048
 270 002c 0092     		str	r2, [sp]
 271              		.loc 1 83 5 view .LVU69
 272 002e 009A     		ldr	r2, [sp]
 273              	.LBE2:
 274              		.loc 1 83 5 view .LVU70
 275              		.loc 1 85 5 view .LVU71
 276              	.LBB3:
 277              		.loc 1 85 5 view .LVU72
 278              		.loc 1 85 5 view .LVU73
 279 0030 9A69     		ldr	r2, [r3, #24]
 280 0032 42F00402 		orr	r2, r2, #4
 281 0036 9A61     		str	r2, [r3, #24]
 282              		.loc 1 85 5 view .LVU74
 283 0038 9B69     		ldr	r3, [r3, #24]
 284 003a 03F00403 		and	r3, r3, #4
 285 003e 0193     		str	r3, [sp, #4]
 286              		.loc 1 85 5 view .LVU75
 287 0040 019B     		ldr	r3, [sp, #4]
ARM GAS  C:\Users\Ika\AppData\Local\Temp\ccGVPbTc.s 			page 6


 288              	.LBE3:
 289              		.loc 1 85 5 view .LVU76
 290              		.loc 1 89 5 view .LVU77
 291              		.loc 1 89 25 is_stmt 0 view .LVU78
 292 0042 4FF48073 		mov	r3, #256
 293 0046 0293     		str	r3, [sp, #8]
 294              		.loc 1 90 5 is_stmt 1 view .LVU79
 295              		.loc 1 90 26 is_stmt 0 view .LVU80
 296 0048 0024     		movs	r4, #0
 297 004a 0394     		str	r4, [sp, #12]
 298              		.loc 1 91 5 is_stmt 1 view .LVU81
 299              		.loc 1 91 26 is_stmt 0 view .LVU82
 300 004c 0494     		str	r4, [sp, #16]
 301              		.loc 1 92 5 is_stmt 1 view .LVU83
 302 004e 02A9     		add	r1, sp, #8
 303 0050 0948     		ldr	r0, .L19+4
 304              	.LVL13:
 305              		.loc 1 92 5 is_stmt 0 view .LVU84
 306 0052 0A4B     		ldr	r3, .L19+8
 307 0054 9847     		blx	r3
 308              	.LVL14:
 309              		.loc 1 95 5 is_stmt 1 view .LVU85
 310 0056 2246     		mov	r2, r4
 311 0058 0121     		movs	r1, #1
 312 005a 1920     		movs	r0, #25
 313 005c 084E     		ldr	r6, .L19+12
 314 005e B047     		blx	r6
 315              	.LVL15:
 316              		.loc 1 96 5 view .LVU86
 317 0060 1920     		movs	r0, #25
 318 0062 084D     		ldr	r5, .L19+16
 319 0064 A847     		blx	r5
 320              	.LVL16:
 321              		.loc 1 97 5 view .LVU87
 322 0066 2246     		mov	r2, r4
 323 0068 2146     		mov	r1, r4
 324 006a 1B20     		movs	r0, #27
 325 006c B047     		blx	r6
 326              	.LVL17:
 327              		.loc 1 98 5 view .LVU88
 328 006e 1B20     		movs	r0, #27
 329 0070 A847     		blx	r5
 330              	.LVL18:
 331              		.loc 1 103 1 is_stmt 0 view .LVU89
 332 0072 D0E7     		b	.L15
 333              	.L20:
 334              		.align	2
 335              	.L19:
 336 0074 002C0140 		.word	1073818624
 337 0078 00080140 		.word	1073809408
 338 007c 00000000 		.word	HAL_GPIO_Init
 339 0080 00000000 		.word	HAL_NVIC_SetPriority
 340 0084 00000000 		.word	HAL_NVIC_EnableIRQ
 341              		.cfi_endproc
 342              	.LFE66:
 344              		.section	.text.HAL_TIM_Base_MspDeInit,"ax",%progbits
 345              		.align	1
ARM GAS  C:\Users\Ika\AppData\Local\Temp\ccGVPbTc.s 			page 7


 346              		.global	HAL_TIM_Base_MspDeInit
 347              		.syntax unified
 348              		.thumb
 349              		.thumb_func
 350              		.fpu softvfp
 352              	HAL_TIM_Base_MspDeInit:
 353              	.LVL19:
 354              	.LFB67:
 355              		.loc 1 106 1 is_stmt 1 view -0
 356              		.cfi_startproc
 357              		@ args = 0, pretend = 0, frame = 0
 358              		@ frame_needed = 0, uses_anonymous_args = 0
 359              		.loc 1 108 3 view .LVU91
 360              		.loc 1 108 20 is_stmt 0 view .LVU92
 361 0000 0268     		ldr	r2, [r0]
 362              		.loc 1 108 5 view .LVU93
 363 0002 0A4B     		ldr	r3, .L28
 364 0004 9A42     		cmp	r2, r3
 365 0006 00D0     		beq	.L27
 366 0008 7047     		bx	lr
 367              	.L27:
 368              		.loc 1 106 1 view .LVU94
 369 000a 10B5     		push	{r4, lr}
 370              	.LCFI8:
 371              		.cfi_def_cfa_offset 8
 372              		.cfi_offset 4, -8
 373              		.cfi_offset 14, -4
 374              		.loc 1 114 5 is_stmt 1 view .LVU95
 375 000c 084A     		ldr	r2, .L28+4
 376 000e 9369     		ldr	r3, [r2, #24]
 377 0010 23F40063 		bic	r3, r3, #2048
 378 0014 9361     		str	r3, [r2, #24]
 379              		.loc 1 119 5 view .LVU96
 380 0016 4FF48071 		mov	r1, #256
 381 001a 0648     		ldr	r0, .L28+8
 382              	.LVL20:
 383              		.loc 1 119 5 is_stmt 0 view .LVU97
 384 001c 064B     		ldr	r3, .L28+12
 385 001e 9847     		blx	r3
 386              	.LVL21:
 387              		.loc 1 122 5 is_stmt 1 view .LVU98
 388 0020 1920     		movs	r0, #25
 389 0022 064C     		ldr	r4, .L28+16
 390 0024 A047     		blx	r4
 391              	.LVL22:
 392              		.loc 1 123 5 view .LVU99
 393 0026 1B20     		movs	r0, #27
 394 0028 A047     		blx	r4
 395              	.LVL23:
 396              		.loc 1 128 1 is_stmt 0 view .LVU100
 397 002a 10BD     		pop	{r4, pc}
 398              	.L29:
 399              		.align	2
 400              	.L28:
 401 002c 002C0140 		.word	1073818624
 402 0030 00100240 		.word	1073876992
 403 0034 00080140 		.word	1073809408
ARM GAS  C:\Users\Ika\AppData\Local\Temp\ccGVPbTc.s 			page 8


 404 0038 00000000 		.word	HAL_GPIO_DeInit
 405 003c 00000000 		.word	HAL_NVIC_DisableIRQ
 406              		.cfi_endproc
 407              	.LFE67:
 409              		.global	state
 410              		.comm	htim1,72,4
 411              		.section	.bss.state,"aw",%nobits
 414              	state:
 415 0000 00       		.space	1
 416              		.text
 417              	.Letext0:
 418              		.file 2 "../c:\\users\\ika\\desktop\\gnu mcu\\arm-none-eabi-gcc-9.3.1-1.1\\arm-none-eabi\\include\
 419              		.file 3 "../c:\\users\\ika\\desktop\\gnu mcu\\arm-none-eabi-gcc-9.3.1-1.1\\arm-none-eabi\\include\
 420              		.file 4 "../Drivers/CMSIS/Include/core_cm3.h"
 421              		.file 5 "../Drivers/CMSIS/Device/ST/STM32F1xx/Include/system_stm32f1xx.h"
 422              		.file 6 "../Drivers/CMSIS/Device/ST/STM32F1xx/Include/stm32f103x6.h"
 423              		.file 7 "../Drivers/STM32F1xx_HAL_Driver/Inc/stm32f1xx_hal_def.h"
 424              		.file 8 "../Drivers/STM32F1xx_HAL_Driver/Inc/stm32f1xx_hal_gpio.h"
 425              		.file 9 "../Drivers/STM32F1xx_HAL_Driver/Inc/stm32f1xx_hal_dma.h"
 426              		.file 10 "../Drivers/STM32F1xx_HAL_Driver/Inc/stm32f1xx_hal_tim.h"
 427              		.file 11 "../Drivers/STM32F1xx_HAL_Driver/Inc/stm32f1xx_hal.h"
 428              		.file 12 "../Core/Inc/tim.h"
 429              		.file 13 "../Drivers/STM32F1xx_HAL_Driver/Inc/stm32f1xx_hal_cortex.h"
 430              		.file 14 "../Drivers/STM32F1xx_HAL_Driver/Inc/stm32f1xx_hal_tim_ex.h"
 431              		.file 15 "../Core/Inc/main.h"
ARM GAS  C:\Users\Ika\AppData\Local\Temp\ccGVPbTc.s 			page 9


DEFINED SYMBOLS
                            *ABS*:0000000000000000 tim.c
C:\Users\Ika\AppData\Local\Temp\ccGVPbTc.s:16     .text.MX_TIM1_Init:0000000000000000 $t
C:\Users\Ika\AppData\Local\Temp\ccGVPbTc.s:24     .text.MX_TIM1_Init:0000000000000000 MX_TIM1_Init
C:\Users\Ika\AppData\Local\Temp\ccGVPbTc.s:195    .text.MX_TIM1_Init:000000000000009c $d
                            *COM*:0000000000000048 htim1
C:\Users\Ika\AppData\Local\Temp\ccGVPbTc.s:207    .text.HAL_TIM_Base_MspInit:0000000000000000 $t
C:\Users\Ika\AppData\Local\Temp\ccGVPbTc.s:214    .text.HAL_TIM_Base_MspInit:0000000000000000 HAL_TIM_Base_MspInit
C:\Users\Ika\AppData\Local\Temp\ccGVPbTc.s:336    .text.HAL_TIM_Base_MspInit:0000000000000074 $d
C:\Users\Ika\AppData\Local\Temp\ccGVPbTc.s:345    .text.HAL_TIM_Base_MspDeInit:0000000000000000 $t
C:\Users\Ika\AppData\Local\Temp\ccGVPbTc.s:352    .text.HAL_TIM_Base_MspDeInit:0000000000000000 HAL_TIM_Base_MspDeInit
C:\Users\Ika\AppData\Local\Temp\ccGVPbTc.s:401    .text.HAL_TIM_Base_MspDeInit:000000000000002c $d
C:\Users\Ika\AppData\Local\Temp\ccGVPbTc.s:414    .bss.state:0000000000000000 state
C:\Users\Ika\AppData\Local\Temp\ccGVPbTc.s:415    .bss.state:0000000000000000 $d

UNDEFINED SYMBOLS
HAL_TIM_Base_Init
HAL_TIM_ConfigClockSource
HAL_TIM_IC_Init
HAL_TIMEx_MasterConfigSynchronization
HAL_TIM_IC_ConfigChannel
Error_Handler
HAL_GPIO_Init
HAL_NVIC_SetPriority
HAL_NVIC_EnableIRQ
HAL_GPIO_DeInit
HAL_NVIC_DisableIRQ
