ARM GAS  C:\Users\Ika\AppData\Local\Temp\cc6FErhG.s 			page 1


   1              		.cpu cortex-m3
   2              		.eabi_attribute 20, 1
   3              		.eabi_attribute 21, 1
   4              		.eabi_attribute 23, 3
   5              		.eabi_attribute 24, 1
   6              		.eabi_attribute 25, 1
   7              		.eabi_attribute 26, 1
   8              		.eabi_attribute 30, 1
   9              		.eabi_attribute 34, 1
  10              		.eabi_attribute 18, 4
  11              		.file	"tim.c"
  12              		.text
  13              	.Ltext0:
  14              		.cfi_sections	.debug_frame
  15              		.section	.text.MX_TIM1_Init,"ax",%progbits
  16              		.align	1
  17              		.global	MX_TIM1_Init
  18              		.arch armv7-m
  19              		.syntax unified
  20              		.thumb
  21              		.thumb_func
  22              		.fpu softvfp
  24              	MX_TIM1_Init:
  25              	.LFB65:
  26              		.file 1 "../Core/Src/tim.c"
   1:../Core/Src/tim.c **** 
  27              		.loc 1 31 1 view -0
  28              		.cfi_startproc
  29              		@ args = 0, pretend = 0, frame = 40
  30              		@ frame_needed = 0, uses_anonymous_args = 0
  31 0000 00B5     		push	{lr}
  32              	.LCFI0:
  33              		.cfi_def_cfa_offset 4
  34              		.cfi_offset 14, -4
  35 0002 8BB0     		sub	sp, sp, #44
  36              	.LCFI1:
  37              		.cfi_def_cfa_offset 48
  38              		.loc 1 32 3 view .LVU1
  39              		.loc 1 32 26 is_stmt 0 view .LVU2
  40 0004 0023     		movs	r3, #0
  41 0006 0693     		str	r3, [sp, #24]
  42 0008 0793     		str	r3, [sp, #28]
  43 000a 0893     		str	r3, [sp, #32]
  44 000c 0993     		str	r3, [sp, #36]
  45              		.loc 1 33 3 is_stmt 1 view .LVU3
  46              		.loc 1 33 27 is_stmt 0 view .LVU4
  47 000e 0493     		str	r3, [sp, #16]
  48 0010 0593     		str	r3, [sp, #20]
  49              		.loc 1 34 3 is_stmt 1 view .LVU5
  50              		.loc 1 34 22 is_stmt 0 view .LVU6
  51 0012 0093     		str	r3, [sp]
  52 0014 0193     		str	r3, [sp, #4]
  53 0016 0293     		str	r3, [sp, #8]
  54 0018 0393     		str	r3, [sp, #12]
  55              		.loc 1 36 3 is_stmt 1 view .LVU7
  56              		.loc 1 36 18 is_stmt 0 view .LVU8
  57 001a 2048     		ldr	r0, .L13
ARM GAS  C:\Users\Ika\AppData\Local\Temp\cc6FErhG.s 			page 2


  58 001c 204A     		ldr	r2, .L13+4
  59 001e 0260     		str	r2, [r0]
  60              		.loc 1 37 3 is_stmt 1 view .LVU9
  61              		.loc 1 37 24 is_stmt 0 view .LVU10
  62 0020 40F2E732 		movw	r2, #999
  63 0024 4260     		str	r2, [r0, #4]
  64              		.loc 1 38 3 is_stmt 1 view .LVU11
  65              		.loc 1 38 26 is_stmt 0 view .LVU12
  66 0026 8360     		str	r3, [r0, #8]
  67              		.loc 1 39 3 is_stmt 1 view .LVU13
  68              		.loc 1 39 21 is_stmt 0 view .LVU14
  69 0028 4FF6FF72 		movw	r2, #65535
  70 002c C260     		str	r2, [r0, #12]
  71              		.loc 1 40 3 is_stmt 1 view .LVU15
  72              		.loc 1 40 28 is_stmt 0 view .LVU16
  73 002e 0361     		str	r3, [r0, #16]
  74              		.loc 1 41 3 is_stmt 1 view .LVU17
  75              		.loc 1 41 32 is_stmt 0 view .LVU18
  76 0030 4361     		str	r3, [r0, #20]
  77              		.loc 1 42 3 is_stmt 1 view .LVU19
  78              		.loc 1 42 32 is_stmt 0 view .LVU20
  79 0032 8361     		str	r3, [r0, #24]
  80              		.loc 1 43 3 is_stmt 1 view .LVU21
  81              		.loc 1 43 7 is_stmt 0 view .LVU22
  82 0034 FFF7FEFF 		bl	HAL_TIM_Base_Init
  83              	.LVL0:
  84              		.loc 1 43 6 view .LVU23
  85 0038 08BB     		cbnz	r0, .L8
  86              	.L2:
  87              		.loc 1 47 3 is_stmt 1 view .LVU24
  88              		.loc 1 47 34 is_stmt 0 view .LVU25
  89 003a 4FF48053 		mov	r3, #4096
  90 003e 0693     		str	r3, [sp, #24]
  91              		.loc 1 48 3 is_stmt 1 view .LVU26
  92              		.loc 1 48 7 is_stmt 0 view .LVU27
  93 0040 06A9     		add	r1, sp, #24
  94 0042 1648     		ldr	r0, .L13
  95 0044 FFF7FEFF 		bl	HAL_TIM_ConfigClockSource
  96              	.LVL1:
  97              		.loc 1 48 6 view .LVU28
  98 0048 E0B9     		cbnz	r0, .L9
  99              	.L3:
 100              		.loc 1 52 3 is_stmt 1 view .LVU29
 101              		.loc 1 52 7 is_stmt 0 view .LVU30
 102 004a 1448     		ldr	r0, .L13
 103 004c FFF7FEFF 		bl	HAL_TIM_IC_Init
 104              	.LVL2:
 105              		.loc 1 52 6 view .LVU31
 106 0050 D8B9     		cbnz	r0, .L10
 107              	.L4:
 108              		.loc 1 56 3 is_stmt 1 view .LVU32
 109              		.loc 1 56 37 is_stmt 0 view .LVU33
 110 0052 0023     		movs	r3, #0
 111 0054 0493     		str	r3, [sp, #16]
 112              		.loc 1 57 3 is_stmt 1 view .LVU34
 113              		.loc 1 57 33 is_stmt 0 view .LVU35
 114 0056 0593     		str	r3, [sp, #20]
ARM GAS  C:\Users\Ika\AppData\Local\Temp\cc6FErhG.s 			page 3


 115              		.loc 1 58 3 is_stmt 1 view .LVU36
 116              		.loc 1 58 7 is_stmt 0 view .LVU37
 117 0058 04A9     		add	r1, sp, #16
 118 005a 1048     		ldr	r0, .L13
 119 005c FFF7FEFF 		bl	HAL_TIMEx_MasterConfigSynchronization
 120              	.LVL3:
 121              		.loc 1 58 6 view .LVU38
 122 0060 B0B9     		cbnz	r0, .L11
 123              	.L5:
 124              		.loc 1 62 3 is_stmt 1 view .LVU39
 125              		.loc 1 62 24 is_stmt 0 view .LVU40
 126 0062 0022     		movs	r2, #0
 127 0064 0092     		str	r2, [sp]
 128              		.loc 1 63 3 is_stmt 1 view .LVU41
 129              		.loc 1 63 25 is_stmt 0 view .LVU42
 130 0066 0123     		movs	r3, #1
 131 0068 0193     		str	r3, [sp, #4]
 132              		.loc 1 64 3 is_stmt 1 view .LVU43
 133              		.loc 1 64 25 is_stmt 0 view .LVU44
 134 006a 0292     		str	r2, [sp, #8]
 135              		.loc 1 65 3 is_stmt 1 view .LVU45
 136              		.loc 1 65 22 is_stmt 0 view .LVU46
 137 006c 0392     		str	r2, [sp, #12]
 138              		.loc 1 66 3 is_stmt 1 view .LVU47
 139              		.loc 1 66 7 is_stmt 0 view .LVU48
 140 006e 6946     		mov	r1, sp
 141 0070 0A48     		ldr	r0, .L13
 142 0072 FFF7FEFF 		bl	HAL_TIM_IC_ConfigChannel
 143              	.LVL4:
 144              		.loc 1 66 6 view .LVU49
 145 0076 70B9     		cbnz	r0, .L12
 146              	.L1:
 147              		.loc 1 71 1 view .LVU50
 148 0078 0BB0     		add	sp, sp, #44
 149              	.LCFI2:
 150              		.cfi_remember_state
 151              		.cfi_def_cfa_offset 4
 152              		@ sp needed
 153 007a 5DF804FB 		ldr	pc, [sp], #4
 154              	.L8:
 155              	.LCFI3:
 156              		.cfi_restore_state
 157              		.loc 1 45 5 is_stmt 1 view .LVU51
 158 007e FFF7FEFF 		bl	Error_Handler
 159              	.LVL5:
 160 0082 DAE7     		b	.L2
 161              	.L9:
 162              		.loc 1 50 5 view .LVU52
 163 0084 FFF7FEFF 		bl	Error_Handler
 164              	.LVL6:
 165 0088 DFE7     		b	.L3
 166              	.L10:
 167              		.loc 1 54 5 view .LVU53
 168 008a FFF7FEFF 		bl	Error_Handler
 169              	.LVL7:
 170 008e E0E7     		b	.L4
 171              	.L11:
ARM GAS  C:\Users\Ika\AppData\Local\Temp\cc6FErhG.s 			page 4


 172              		.loc 1 60 5 view .LVU54
 173 0090 FFF7FEFF 		bl	Error_Handler
 174              	.LVL8:
 175 0094 E5E7     		b	.L5
 176              	.L12:
 177              		.loc 1 68 5 view .LVU55
 178 0096 FFF7FEFF 		bl	Error_Handler
 179              	.LVL9:
 180              		.loc 1 71 1 is_stmt 0 view .LVU56
 181 009a EDE7     		b	.L1
 182              	.L14:
 183              		.align	2
 184              	.L13:
 185 009c 00000000 		.word	htim1
 186 00a0 002C0140 		.word	1073818624
 187              		.cfi_endproc
 188              	.LFE65:
 190              		.section	.text.HAL_TIM_Base_MspInit,"ax",%progbits
 191              		.align	1
 192              		.global	HAL_TIM_Base_MspInit
 193              		.syntax unified
 194              		.thumb
 195              		.thumb_func
 196              		.fpu softvfp
 198              	HAL_TIM_Base_MspInit:
 199              	.LVL10:
 200              	.LFB66:
 201              		.loc 1 74 1 is_stmt 1 view -0
 202              		.cfi_startproc
 203              		@ args = 0, pretend = 0, frame = 24
 204              		@ frame_needed = 0, uses_anonymous_args = 0
 205              		.loc 1 74 1 is_stmt 0 view .LVU58
 206 0000 10B5     		push	{r4, lr}
 207              	.LCFI4:
 208              		.cfi_def_cfa_offset 8
 209              		.cfi_offset 4, -8
 210              		.cfi_offset 14, -4
 211 0002 86B0     		sub	sp, sp, #24
 212              	.LCFI5:
 213              		.cfi_def_cfa_offset 32
 214              		.loc 1 76 3 is_stmt 1 view .LVU59
 215              		.loc 1 76 20 is_stmt 0 view .LVU60
 216 0004 0023     		movs	r3, #0
 217 0006 0293     		str	r3, [sp, #8]
 218 0008 0393     		str	r3, [sp, #12]
 219 000a 0493     		str	r3, [sp, #16]
 220 000c 0593     		str	r3, [sp, #20]
 221              		.loc 1 77 3 is_stmt 1 view .LVU61
 222              		.loc 1 77 20 is_stmt 0 view .LVU62
 223 000e 0268     		ldr	r2, [r0]
 224              		.loc 1 77 5 view .LVU63
 225 0010 154B     		ldr	r3, .L19
 226 0012 9A42     		cmp	r2, r3
 227 0014 01D0     		beq	.L18
 228              	.LVL11:
 229              	.L15:
 230              		.loc 1 101 1 view .LVU64
ARM GAS  C:\Users\Ika\AppData\Local\Temp\cc6FErhG.s 			page 5


 231 0016 06B0     		add	sp, sp, #24
 232              	.LCFI6:
 233              		.cfi_remember_state
 234              		.cfi_def_cfa_offset 8
 235              		@ sp needed
 236 0018 10BD     		pop	{r4, pc}
 237              	.LVL12:
 238              	.L18:
 239              	.LCFI7:
 240              		.cfi_restore_state
 241              		.loc 1 83 5 is_stmt 1 view .LVU65
 242              	.LBB2:
 243              		.loc 1 83 5 view .LVU66
 244              		.loc 1 83 5 view .LVU67
 245 001a 03F56443 		add	r3, r3, #58368
 246 001e 9A69     		ldr	r2, [r3, #24]
 247 0020 42F40062 		orr	r2, r2, #2048
 248 0024 9A61     		str	r2, [r3, #24]
 249              		.loc 1 83 5 view .LVU68
 250 0026 9A69     		ldr	r2, [r3, #24]
 251 0028 02F40062 		and	r2, r2, #2048
 252 002c 0092     		str	r2, [sp]
 253              		.loc 1 83 5 view .LVU69
 254 002e 009A     		ldr	r2, [sp]
 255              	.LBE2:
 256              		.loc 1 83 5 view .LVU70
 257              		.loc 1 85 5 view .LVU71
 258              	.LBB3:
 259              		.loc 1 85 5 view .LVU72
 260              		.loc 1 85 5 view .LVU73
 261 0030 9A69     		ldr	r2, [r3, #24]
 262 0032 42F00402 		orr	r2, r2, #4
 263 0036 9A61     		str	r2, [r3, #24]
 264              		.loc 1 85 5 view .LVU74
 265 0038 9B69     		ldr	r3, [r3, #24]
 266 003a 03F00403 		and	r3, r3, #4
 267 003e 0193     		str	r3, [sp, #4]
 268              		.loc 1 85 5 view .LVU75
 269 0040 019B     		ldr	r3, [sp, #4]
 270              	.LBE3:
 271              		.loc 1 85 5 view .LVU76
 272              		.loc 1 89 5 view .LVU77
 273              		.loc 1 89 25 is_stmt 0 view .LVU78
 274 0042 4FF48073 		mov	r3, #256
 275 0046 0293     		str	r3, [sp, #8]
 276              		.loc 1 90 5 is_stmt 1 view .LVU79
 277              		.loc 1 90 26 is_stmt 0 view .LVU80
 278 0048 0024     		movs	r4, #0
 279 004a 0394     		str	r4, [sp, #12]
 280              		.loc 1 91 5 is_stmt 1 view .LVU81
 281              		.loc 1 91 26 is_stmt 0 view .LVU82
 282 004c 0494     		str	r4, [sp, #16]
 283              		.loc 1 92 5 is_stmt 1 view .LVU83
 284 004e 02A9     		add	r1, sp, #8
 285 0050 0648     		ldr	r0, .L19+4
 286              	.LVL13:
 287              		.loc 1 92 5 is_stmt 0 view .LVU84
ARM GAS  C:\Users\Ika\AppData\Local\Temp\cc6FErhG.s 			page 6


 288 0052 FFF7FEFF 		bl	HAL_GPIO_Init
 289              	.LVL14:
 290              		.loc 1 95 5 is_stmt 1 view .LVU85
 291 0056 2246     		mov	r2, r4
 292 0058 2146     		mov	r1, r4
 293 005a 1B20     		movs	r0, #27
 294 005c FFF7FEFF 		bl	HAL_NVIC_SetPriority
 295              	.LVL15:
 296              		.loc 1 96 5 view .LVU86
 297 0060 1B20     		movs	r0, #27
 298 0062 FFF7FEFF 		bl	HAL_NVIC_EnableIRQ
 299              	.LVL16:
 300              		.loc 1 101 1 is_stmt 0 view .LVU87
 301 0066 D6E7     		b	.L15
 302              	.L20:
 303              		.align	2
 304              	.L19:
 305 0068 002C0140 		.word	1073818624
 306 006c 00080140 		.word	1073809408
 307              		.cfi_endproc
 308              	.LFE66:
 310              		.section	.text.HAL_TIM_Base_MspDeInit,"ax",%progbits
 311              		.align	1
 312              		.global	HAL_TIM_Base_MspDeInit
 313              		.syntax unified
 314              		.thumb
 315              		.thumb_func
 316              		.fpu softvfp
 318              	HAL_TIM_Base_MspDeInit:
 319              	.LVL17:
 320              	.LFB67:
 321              		.loc 1 104 1 is_stmt 1 view -0
 322              		.cfi_startproc
 323              		@ args = 0, pretend = 0, frame = 0
 324              		@ frame_needed = 0, uses_anonymous_args = 0
 325              		.loc 1 104 1 is_stmt 0 view .LVU89
 326 0000 08B5     		push	{r3, lr}
 327              	.LCFI8:
 328              		.cfi_def_cfa_offset 8
 329              		.cfi_offset 3, -8
 330              		.cfi_offset 14, -4
 331              		.loc 1 106 3 is_stmt 1 view .LVU90
 332              		.loc 1 106 20 is_stmt 0 view .LVU91
 333 0002 0268     		ldr	r2, [r0]
 334              		.loc 1 106 5 view .LVU92
 335 0004 084B     		ldr	r3, .L25
 336 0006 9A42     		cmp	r2, r3
 337 0008 00D0     		beq	.L24
 338              	.LVL18:
 339              	.L21:
 340              		.loc 1 125 1 view .LVU93
 341 000a 08BD     		pop	{r3, pc}
 342              	.LVL19:
 343              	.L24:
 344              		.loc 1 112 5 is_stmt 1 view .LVU94
 345 000c 074A     		ldr	r2, .L25+4
 346 000e 9369     		ldr	r3, [r2, #24]
ARM GAS  C:\Users\Ika\AppData\Local\Temp\cc6FErhG.s 			page 7


 347 0010 23F40063 		bic	r3, r3, #2048
 348 0014 9361     		str	r3, [r2, #24]
 349              		.loc 1 117 5 view .LVU95
 350 0016 4FF48071 		mov	r1, #256
 351 001a 0548     		ldr	r0, .L25+8
 352              	.LVL20:
 353              		.loc 1 117 5 is_stmt 0 view .LVU96
 354 001c FFF7FEFF 		bl	HAL_GPIO_DeInit
 355              	.LVL21:
 356              		.loc 1 120 5 is_stmt 1 view .LVU97
 357 0020 1B20     		movs	r0, #27
 358 0022 FFF7FEFF 		bl	HAL_NVIC_DisableIRQ
 359              	.LVL22:
 360              		.loc 1 125 1 is_stmt 0 view .LVU98
 361 0026 F0E7     		b	.L21
 362              	.L26:
 363              		.align	2
 364              	.L25:
 365 0028 002C0140 		.word	1073818624
 366 002c 00100240 		.word	1073876992
 367 0030 00080140 		.word	1073809408
 368              		.cfi_endproc
 369              	.LFE67:
 371              		.comm	htim1,72,4
 372              		.text
 373              	.Letext0:
 374              		.file 2 "../c:\\users\\ika\\desktop\\gnu mcu\\arm-none-eabi-gcc-9.3.1-1.1\\arm-none-eabi\\include\
 375              		.file 3 "../c:\\users\\ika\\desktop\\gnu mcu\\arm-none-eabi-gcc-9.3.1-1.1\\arm-none-eabi\\include\
 376              		.file 4 "../Drivers/CMSIS/Include/core_cm3.h"
 377              		.file 5 "../Drivers/CMSIS/Device/ST/STM32F1xx/Include/system_stm32f1xx.h"
 378              		.file 6 "../Drivers/CMSIS/Device/ST/STM32F1xx/Include/stm32f103x6.h"
 379              		.file 7 "../Drivers/STM32F1xx_HAL_Driver/Inc/stm32f1xx_hal_def.h"
 380              		.file 8 "../Drivers/STM32F1xx_HAL_Driver/Inc/stm32f1xx_hal_gpio.h"
 381              		.file 9 "../Drivers/STM32F1xx_HAL_Driver/Inc/stm32f1xx_hal_dma.h"
 382              		.file 10 "../Drivers/STM32F1xx_HAL_Driver/Inc/stm32f1xx_hal_tim.h"
 383              		.file 11 "../Drivers/STM32F1xx_HAL_Driver/Inc/stm32f1xx_hal.h"
 384              		.file 12 "../Core/Inc/tim.h"
 385              		.file 13 "../Drivers/STM32F1xx_HAL_Driver/Inc/stm32f1xx_hal_cortex.h"
 386              		.file 14 "../Drivers/STM32F1xx_HAL_Driver/Inc/stm32f1xx_hal_tim_ex.h"
 387              		.file 15 "../Core/Inc/main.h"
ARM GAS  C:\Users\Ika\AppData\Local\Temp\cc6FErhG.s 			page 8


DEFINED SYMBOLS
                            *ABS*:0000000000000000 tim.c
C:\Users\Ika\AppData\Local\Temp\cc6FErhG.s:16     .text.MX_TIM1_Init:0000000000000000 $t
C:\Users\Ika\AppData\Local\Temp\cc6FErhG.s:24     .text.MX_TIM1_Init:0000000000000000 MX_TIM1_Init
C:\Users\Ika\AppData\Local\Temp\cc6FErhG.s:185    .text.MX_TIM1_Init:000000000000009c $d
                            *COM*:0000000000000048 htim1
C:\Users\Ika\AppData\Local\Temp\cc6FErhG.s:191    .text.HAL_TIM_Base_MspInit:0000000000000000 $t
C:\Users\Ika\AppData\Local\Temp\cc6FErhG.s:198    .text.HAL_TIM_Base_MspInit:0000000000000000 HAL_TIM_Base_MspInit
C:\Users\Ika\AppData\Local\Temp\cc6FErhG.s:305    .text.HAL_TIM_Base_MspInit:0000000000000068 $d
C:\Users\Ika\AppData\Local\Temp\cc6FErhG.s:311    .text.HAL_TIM_Base_MspDeInit:0000000000000000 $t
C:\Users\Ika\AppData\Local\Temp\cc6FErhG.s:318    .text.HAL_TIM_Base_MspDeInit:0000000000000000 HAL_TIM_Base_MspDeInit
C:\Users\Ika\AppData\Local\Temp\cc6FErhG.s:365    .text.HAL_TIM_Base_MspDeInit:0000000000000028 $d

UNDEFINED SYMBOLS
HAL_TIM_Base_Init
HAL_TIM_ConfigClockSource
HAL_TIM_IC_Init
HAL_TIMEx_MasterConfigSynchronization
HAL_TIM_IC_ConfigChannel
Error_Handler
HAL_GPIO_Init
HAL_NVIC_SetPriority
HAL_NVIC_EnableIRQ
HAL_GPIO_DeInit
HAL_NVIC_DisableIRQ
