ARM GAS  C:\Users\Ika\AppData\Local\Temp\cchSK5Lc.s 			page 1


   1              		.cpu cortex-m3
   2              		.eabi_attribute 20, 1
   3              		.eabi_attribute 21, 1
   4              		.eabi_attribute 23, 3
   5              		.eabi_attribute 24, 1
   6              		.eabi_attribute 25, 1
   7              		.eabi_attribute 26, 1
   8              		.eabi_attribute 30, 1
   9              		.eabi_attribute 34, 1
  10              		.eabi_attribute 18, 4
  11              		.file	"gpio.c"
  12              		.text
  13              	.Ltext0:
  14              		.cfi_sections	.debug_frame
  15              		.section	.text.MX_GPIO_Init,"ax",%progbits
  16              		.align	1
  17              		.global	MX_GPIO_Init
  18              		.arch armv7-m
  19              		.syntax unified
  20              		.thumb
  21              		.thumb_func
  22              		.fpu softvfp
  24              	MX_GPIO_Init:
  25              	.LFB65:
  26              		.file 1 "../Core/Src/gpio.c"
   1:../Core/Src/gpio.c **** 
  27              		.loc 1 36 1 view -0
  28              		.cfi_startproc
  29              		@ args = 0, pretend = 0, frame = 24
  30              		@ frame_needed = 0, uses_anonymous_args = 0
  31 0000 30B5     		push	{r4, r5, lr}
  32              	.LCFI0:
  33              		.cfi_def_cfa_offset 12
  34              		.cfi_offset 4, -12
  35              		.cfi_offset 5, -8
  36              		.cfi_offset 14, -4
  37 0002 87B0     		sub	sp, sp, #28
  38              	.LCFI1:
  39              		.cfi_def_cfa_offset 40
  40              		.loc 1 38 3 view .LVU1
  41              		.loc 1 38 20 is_stmt 0 view .LVU2
  42 0004 0024     		movs	r4, #0
  43 0006 0294     		str	r4, [sp, #8]
  44 0008 0394     		str	r4, [sp, #12]
  45 000a 0494     		str	r4, [sp, #16]
  46 000c 0594     		str	r4, [sp, #20]
  47              		.loc 1 41 3 is_stmt 1 view .LVU3
  48              	.LBB2:
  49              		.loc 1 41 3 view .LVU4
  50              		.loc 1 41 3 view .LVU5
  51 000e 0E4B     		ldr	r3, .L3
  52 0010 9A69     		ldr	r2, [r3, #24]
  53 0012 42F01002 		orr	r2, r2, #16
  54 0016 9A61     		str	r2, [r3, #24]
  55              		.loc 1 41 3 view .LVU6
  56 0018 9B69     		ldr	r3, [r3, #24]
  57 001a 03F01003 		and	r3, r3, #16
ARM GAS  C:\Users\Ika\AppData\Local\Temp\cchSK5Lc.s 			page 2


  58 001e 0193     		str	r3, [sp, #4]
  59              		.loc 1 41 3 view .LVU7
  60 0020 019B     		ldr	r3, [sp, #4]
  61              	.LBE2:
  62              		.loc 1 41 3 view .LVU8
  63              		.loc 1 44 3 view .LVU9
  64 0022 0A4D     		ldr	r5, .L3+4
  65 0024 2246     		mov	r2, r4
  66 0026 0221     		movs	r1, #2
  67 0028 2846     		mov	r0, r5
  68 002a FFF7FEFF 		bl	HAL_GPIO_WritePin
  69              	.LVL0:
  70              		.loc 1 47 3 view .LVU10
  71              		.loc 1 47 23 is_stmt 0 view .LVU11
  72 002e 0223     		movs	r3, #2
  73 0030 0293     		str	r3, [sp, #8]
  74              		.loc 1 48 3 is_stmt 1 view .LVU12
  75              		.loc 1 48 24 is_stmt 0 view .LVU13
  76 0032 0122     		movs	r2, #1
  77 0034 0392     		str	r2, [sp, #12]
  78              		.loc 1 49 3 is_stmt 1 view .LVU14
  79              		.loc 1 49 24 is_stmt 0 view .LVU15
  80 0036 0494     		str	r4, [sp, #16]
  81              		.loc 1 50 3 is_stmt 1 view .LVU16
  82              		.loc 1 50 25 is_stmt 0 view .LVU17
  83 0038 0593     		str	r3, [sp, #20]
  84              		.loc 1 51 3 is_stmt 1 view .LVU18
  85 003a 02A9     		add	r1, sp, #8
  86 003c 2846     		mov	r0, r5
  87 003e FFF7FEFF 		bl	HAL_GPIO_Init
  88              	.LVL1:
  89              		.loc 1 53 1 is_stmt 0 view .LVU19
  90 0042 07B0     		add	sp, sp, #28
  91              	.LCFI2:
  92              		.cfi_def_cfa_offset 12
  93              		@ sp needed
  94 0044 30BD     		pop	{r4, r5, pc}
  95              	.L4:
  96 0046 00BF     		.align	2
  97              	.L3:
  98 0048 00100240 		.word	1073876992
  99 004c 00100140 		.word	1073811456
 100              		.cfi_endproc
 101              	.LFE65:
 103              		.text
 104              	.Letext0:
 105              		.file 2 "../c:\\users\\ika\\desktop\\gnu mcu\\arm-none-eabi-gcc-9.3.1-1.1\\arm-none-eabi\\include\
 106              		.file 3 "../c:\\users\\ika\\desktop\\gnu mcu\\arm-none-eabi-gcc-9.3.1-1.1\\arm-none-eabi\\include\
 107              		.file 4 "../Drivers/CMSIS/Include/core_cm3.h"
 108              		.file 5 "../Drivers/CMSIS/Device/ST/STM32F1xx/Include/system_stm32f1xx.h"
 109              		.file 6 "../Drivers/CMSIS/Device/ST/STM32F1xx/Include/stm32f103x6.h"
 110              		.file 7 "../Drivers/STM32F1xx_HAL_Driver/Inc/stm32f1xx_hal_gpio.h"
 111              		.file 8 "../Drivers/STM32F1xx_HAL_Driver/Inc/stm32f1xx_hal.h"
ARM GAS  C:\Users\Ika\AppData\Local\Temp\cchSK5Lc.s 			page 3


DEFINED SYMBOLS
                            *ABS*:0000000000000000 gpio.c
C:\Users\Ika\AppData\Local\Temp\cchSK5Lc.s:16     .text.MX_GPIO_Init:0000000000000000 $t
C:\Users\Ika\AppData\Local\Temp\cchSK5Lc.s:24     .text.MX_GPIO_Init:0000000000000000 MX_GPIO_Init
C:\Users\Ika\AppData\Local\Temp\cchSK5Lc.s:98     .text.MX_GPIO_Init:0000000000000048 $d

UNDEFINED SYMBOLS
HAL_GPIO_WritePin
HAL_GPIO_Init
