ARM GAS  C:\Users\Ika\AppData\Local\Temp\ccky761U.s 			page 1


   1              		.cpu cortex-m3
   2              		.eabi_attribute 20, 1
   3              		.eabi_attribute 21, 1
   4              		.eabi_attribute 23, 3
   5              		.eabi_attribute 24, 1
   6              		.eabi_attribute 25, 1
   7              		.eabi_attribute 26, 1
   8              		.eabi_attribute 30, 1
   9              		.eabi_attribute 34, 1
  10              		.eabi_attribute 18, 4
  11              		.file	"main.c"
  12              		.text
  13              	.Ltext0:
  14              		.cfi_sections	.debug_frame
  15              		.section	.text.SystemClock_Config,"ax",%progbits
  16              		.align	1
  17              		.global	SystemClock_Config
  18              		.arch armv7-m
  19              		.syntax unified
  20              		.thumb
  21              		.thumb_func
  22              		.fpu softvfp
  24              	SystemClock_Config:
  25              	.LFB66:
  26              		.file 1 "../Core/Src/main.c"
   1:../Core/Src/main.c **** 
  27              		.loc 1 108 1 view -0
  28              		.cfi_startproc
  29              		@ args = 0, pretend = 0, frame = 64
  30              		@ frame_needed = 0, uses_anonymous_args = 0
  31 0000 10B5     		push	{r4, lr}
  32              	.LCFI0:
  33              		.cfi_def_cfa_offset 8
  34              		.cfi_offset 4, -8
  35              		.cfi_offset 14, -4
  36 0002 90B0     		sub	sp, sp, #64
  37              	.LCFI1:
  38              		.cfi_def_cfa_offset 72
  39              		.loc 1 109 3 view .LVU1
  40              		.loc 1 109 22 is_stmt 0 view .LVU2
  41 0004 2422     		movs	r2, #36
  42 0006 0021     		movs	r1, #0
  43 0008 07A8     		add	r0, sp, #28
  44 000a FFF7FEFF 		bl	memset
  45              	.LVL0:
  46              		.loc 1 110 3 is_stmt 1 view .LVU3
  47              		.loc 1 110 22 is_stmt 0 view .LVU4
  48 000e 0024     		movs	r4, #0
  49 0010 0194     		str	r4, [sp, #4]
  50 0012 0294     		str	r4, [sp, #8]
  51 0014 0394     		str	r4, [sp, #12]
  52 0016 0494     		str	r4, [sp, #16]
  53 0018 0594     		str	r4, [sp, #20]
  54              		.loc 1 115 3 is_stmt 1 view .LVU5
  55              		.loc 1 115 36 is_stmt 0 view .LVU6
  56 001a 0223     		movs	r3, #2
  57 001c 0693     		str	r3, [sp, #24]
ARM GAS  C:\Users\Ika\AppData\Local\Temp\ccky761U.s 			page 2


  58              		.loc 1 116 3 is_stmt 1 view .LVU7
  59              		.loc 1 116 30 is_stmt 0 view .LVU8
  60 001e 0123     		movs	r3, #1
  61 0020 0A93     		str	r3, [sp, #40]
  62              		.loc 1 117 3 is_stmt 1 view .LVU9
  63              		.loc 1 117 41 is_stmt 0 view .LVU10
  64 0022 1023     		movs	r3, #16
  65 0024 0B93     		str	r3, [sp, #44]
  66              		.loc 1 118 3 is_stmt 1 view .LVU11
  67              		.loc 1 119 3 view .LVU12
  68              		.loc 1 119 7 is_stmt 0 view .LVU13
  69 0026 06A8     		add	r0, sp, #24
  70 0028 FFF7FEFF 		bl	HAL_RCC_OscConfig
  71              	.LVL1:
  72              		.loc 1 125 3 is_stmt 1 view .LVU14
  73              		.loc 1 125 31 is_stmt 0 view .LVU15
  74 002c 0F23     		movs	r3, #15
  75 002e 0193     		str	r3, [sp, #4]
  76              		.loc 1 127 3 is_stmt 1 view .LVU16
  77              		.loc 1 127 34 is_stmt 0 view .LVU17
  78 0030 0294     		str	r4, [sp, #8]
  79              		.loc 1 128 3 is_stmt 1 view .LVU18
  80              		.loc 1 128 35 is_stmt 0 view .LVU19
  81 0032 0394     		str	r4, [sp, #12]
  82              		.loc 1 129 3 is_stmt 1 view .LVU20
  83              		.loc 1 129 36 is_stmt 0 view .LVU21
  84 0034 0494     		str	r4, [sp, #16]
  85              		.loc 1 130 3 is_stmt 1 view .LVU22
  86              		.loc 1 130 36 is_stmt 0 view .LVU23
  87 0036 0594     		str	r4, [sp, #20]
  88              		.loc 1 132 3 is_stmt 1 view .LVU24
  89              		.loc 1 132 7 is_stmt 0 view .LVU25
  90 0038 2146     		mov	r1, r4
  91 003a 01A8     		add	r0, sp, #4
  92 003c FFF7FEFF 		bl	HAL_RCC_ClockConfig
  93              	.LVL2:
  94              		.loc 1 136 1 view .LVU26
  95 0040 10B0     		add	sp, sp, #64
  96              	.LCFI2:
  97              		.cfi_def_cfa_offset 8
  98              		@ sp needed
  99 0042 10BD     		pop	{r4, pc}
 100              		.cfi_endproc
 101              	.LFE66:
 103              		.section	.text.main,"ax",%progbits
 104              		.align	1
 105              		.global	main
 106              		.syntax unified
 107              		.thumb
 108              		.thumb_func
 109              		.fpu softvfp
 111              	main:
 112              	.LFB65:
 113              		.loc 1 65 1 is_stmt 1 view -0
 114              		.cfi_startproc
 115              		@ Volatile: function does not return.
 116              		@ args = 0, pretend = 0, frame = 0
ARM GAS  C:\Users\Ika\AppData\Local\Temp\ccky761U.s 			page 3


 117              		@ frame_needed = 0, uses_anonymous_args = 0
 118 0000 08B5     		push	{r3, lr}
 119              	.LCFI3:
 120              		.cfi_def_cfa_offset 8
 121              		.cfi_offset 3, -8
 122              		.cfi_offset 14, -4
 123              		.loc 1 73 3 view .LVU28
 124 0002 FFF7FEFF 		bl	HAL_Init
 125              	.LVL3:
 126              		.loc 1 80 3 view .LVU29
 127 0006 FFF7FEFF 		bl	SystemClock_Config
 128              	.LVL4:
 129              		.loc 1 87 3 view .LVU30
 130 000a FFF7FEFF 		bl	MX_GPIO_Init
 131              	.LVL5:
 132              		.loc 1 89 3 view .LVU31
 133 000e 0122     		movs	r2, #1
 134 0010 0221     		movs	r1, #2
 135 0012 0248     		ldr	r0, .L6
 136 0014 FFF7FEFF 		bl	HAL_GPIO_WritePin
 137              	.LVL6:
 138              	.L4:
 139              		.loc 1 94 3 discriminator 1 view .LVU32
 140              		.loc 1 99 3 discriminator 1 view .LVU33
 141              		.loc 1 94 9 discriminator 1 view .LVU34
 142 0018 FEE7     		b	.L4
 143              	.L7:
 144 001a 00BF     		.align	2
 145              	.L6:
 146 001c 00100140 		.word	1073811456
 147              		.cfi_endproc
 148              	.LFE65:
 150              		.section	.text.HAL_TIM_PeriodElapsedCallback,"ax",%progbits
 151              		.align	1
 152              		.global	HAL_TIM_PeriodElapsedCallback
 153              		.syntax unified
 154              		.thumb
 155              		.thumb_func
 156              		.fpu softvfp
 158              	HAL_TIM_PeriodElapsedCallback:
 159              	.LVL7:
 160              	.LFB67:
 161              		.loc 1 151 1 view -0
 162              		.cfi_startproc
 163              		@ args = 0, pretend = 0, frame = 0
 164              		@ frame_needed = 0, uses_anonymous_args = 0
 165              		.loc 1 151 1 is_stmt 0 view .LVU36
 166 0000 08B5     		push	{r3, lr}
 167              	.LCFI4:
 168              		.cfi_def_cfa_offset 8
 169              		.cfi_offset 3, -8
 170              		.cfi_offset 14, -4
 171              		.loc 1 155 3 is_stmt 1 view .LVU37
 172              		.loc 1 155 11 is_stmt 0 view .LVU38
 173 0002 0268     		ldr	r2, [r0]
 174              		.loc 1 155 6 view .LVU39
 175 0004 034B     		ldr	r3, .L12
ARM GAS  C:\Users\Ika\AppData\Local\Temp\ccky761U.s 			page 4


 176 0006 9A42     		cmp	r2, r3
 177 0008 00D0     		beq	.L11
 178              	.LVL8:
 179              	.L8:
 180              		.loc 1 161 1 view .LVU40
 181 000a 08BD     		pop	{r3, pc}
 182              	.LVL9:
 183              	.L11:
 184              		.loc 1 156 5 is_stmt 1 view .LVU41
 185 000c FFF7FEFF 		bl	HAL_IncTick
 186              	.LVL10:
 187              		.loc 1 161 1 is_stmt 0 view .LVU42
 188 0010 FBE7     		b	.L8
 189              	.L13:
 190 0012 00BF     		.align	2
 191              	.L12:
 192 0014 002C0140 		.word	1073818624
 193              		.cfi_endproc
 194              	.LFE67:
 196              		.section	.text.Error_Handler,"ax",%progbits
 197              		.align	1
 198              		.global	Error_Handler
 199              		.syntax unified
 200              		.thumb
 201              		.thumb_func
 202              		.fpu softvfp
 204              	Error_Handler:
 205              	.LFB68:
 206              		.loc 1 168 1 is_stmt 1 view -0
 207              		.cfi_startproc
 208              		@ args = 0, pretend = 0, frame = 0
 209              		@ frame_needed = 0, uses_anonymous_args = 0
 210              		@ link register save eliminated.
 211              		.loc 1 173 1 view .LVU44
 212 0000 7047     		bx	lr
 213              		.cfi_endproc
 214              	.LFE68:
 216              		.text
 217              	.Letext0:
 218              		.file 2 "../c:\\users\\ika\\desktop\\gnu mcu\\arm-none-eabi-gcc-9.3.1-1.1\\arm-none-eabi\\include\
 219              		.file 3 "../c:\\users\\ika\\desktop\\gnu mcu\\arm-none-eabi-gcc-9.3.1-1.1\\arm-none-eabi\\include\
 220              		.file 4 "../Drivers/CMSIS/Include/core_cm3.h"
 221              		.file 5 "../Drivers/CMSIS/Device/ST/STM32F1xx/Include/system_stm32f1xx.h"
 222              		.file 6 "../Drivers/CMSIS/Device/ST/STM32F1xx/Include/stm32f103x6.h"
 223              		.file 7 "../Drivers/STM32F1xx_HAL_Driver/Inc/stm32f1xx_hal_def.h"
 224              		.file 8 "../Drivers/STM32F1xx_HAL_Driver/Inc/stm32f1xx_hal_rcc.h"
 225              		.file 9 "../Drivers/STM32F1xx_HAL_Driver/Inc/stm32f1xx_hal_rcc_ex.h"
 226              		.file 10 "../Drivers/STM32F1xx_HAL_Driver/Inc/stm32f1xx_hal_gpio.h"
 227              		.file 11 "../Drivers/STM32F1xx_HAL_Driver/Inc/stm32f1xx_hal_dma.h"
 228              		.file 12 "../Drivers/STM32F1xx_HAL_Driver/Inc/stm32f1xx_hal_tim.h"
 229              		.file 13 "../Drivers/STM32F1xx_HAL_Driver/Inc/stm32f1xx_hal.h"
 230              		.file 14 "../Core/Inc/gpio.h"
 231              		.file 15 "../<built-in>"
ARM GAS  C:\Users\Ika\AppData\Local\Temp\ccky761U.s 			page 5


DEFINED SYMBOLS
                            *ABS*:0000000000000000 main.c
C:\Users\Ika\AppData\Local\Temp\ccky761U.s:16     .text.SystemClock_Config:0000000000000000 $t
C:\Users\Ika\AppData\Local\Temp\ccky761U.s:24     .text.SystemClock_Config:0000000000000000 SystemClock_Config
C:\Users\Ika\AppData\Local\Temp\ccky761U.s:104    .text.main:0000000000000000 $t
C:\Users\Ika\AppData\Local\Temp\ccky761U.s:111    .text.main:0000000000000000 main
C:\Users\Ika\AppData\Local\Temp\ccky761U.s:146    .text.main:000000000000001c $d
C:\Users\Ika\AppData\Local\Temp\ccky761U.s:151    .text.HAL_TIM_PeriodElapsedCallback:0000000000000000 $t
C:\Users\Ika\AppData\Local\Temp\ccky761U.s:158    .text.HAL_TIM_PeriodElapsedCallback:0000000000000000 HAL_TIM_PeriodElapsedCallback
C:\Users\Ika\AppData\Local\Temp\ccky761U.s:192    .text.HAL_TIM_PeriodElapsedCallback:0000000000000014 $d
C:\Users\Ika\AppData\Local\Temp\ccky761U.s:197    .text.Error_Handler:0000000000000000 $t
C:\Users\Ika\AppData\Local\Temp\ccky761U.s:204    .text.Error_Handler:0000000000000000 Error_Handler

UNDEFINED SYMBOLS
memset
HAL_RCC_OscConfig
HAL_RCC_ClockConfig
HAL_Init
MX_GPIO_Init
HAL_GPIO_WritePin
HAL_IncTick
