ARM GAS  C:\Users\Ika\AppData\Local\Temp\cc3cDpCA.s 			page 1


   1              		.cpu cortex-m3
   2              		.eabi_attribute 20, 1
   3              		.eabi_attribute 21, 1
   4              		.eabi_attribute 23, 3
   5              		.eabi_attribute 24, 1
   6              		.eabi_attribute 25, 1
   7              		.eabi_attribute 26, 1
   8              		.eabi_attribute 30, 1
   9              		.eabi_attribute 34, 1
  10              		.eabi_attribute 18, 4
  11              		.file	"main.c"
  12              		.text
  13              	.Ltext0:
  14              		.cfi_sections	.debug_frame
  15              		.section	.text.SystemClock_Config,"ax",%progbits
  16              		.align	1
  17              		.global	SystemClock_Config
  18              		.arch armv7-m
  19              		.syntax unified
  20              		.thumb
  21              		.thumb_func
  22              		.fpu softvfp
  24              	SystemClock_Config:
  25              	.LFB66:
  26              		.file 1 "../Core/Src/main.c"
   1:../Core/Src/main.c **** 
  27              		.loc 1 118 1 view -0
  28              		.cfi_startproc
  29              		@ args = 0, pretend = 0, frame = 64
  30              		@ frame_needed = 0, uses_anonymous_args = 0
  31 0000 10B5     		push	{r4, lr}
  32              	.LCFI0:
  33              		.cfi_def_cfa_offset 8
  34              		.cfi_offset 4, -8
  35              		.cfi_offset 14, -4
  36 0002 90B0     		sub	sp, sp, #64
  37              	.LCFI1:
  38              		.cfi_def_cfa_offset 72
  39              		.loc 1 119 3 view .LVU1
  40              		.loc 1 119 22 is_stmt 0 view .LVU2
  41 0004 2422     		movs	r2, #36
  42 0006 0021     		movs	r1, #0
  43 0008 07A8     		add	r0, sp, #28
  44 000a FFF7FEFF 		bl	memset
  45              	.LVL0:
  46              		.loc 1 120 3 is_stmt 1 view .LVU3
  47              		.loc 1 120 22 is_stmt 0 view .LVU4
  48 000e 0024     		movs	r4, #0
  49 0010 0194     		str	r4, [sp, #4]
  50 0012 0294     		str	r4, [sp, #8]
  51 0014 0394     		str	r4, [sp, #12]
  52 0016 0494     		str	r4, [sp, #16]
  53 0018 0594     		str	r4, [sp, #20]
  54              		.loc 1 125 3 is_stmt 1 view .LVU5
  55              		.loc 1 125 36 is_stmt 0 view .LVU6
  56 001a 0223     		movs	r3, #2
  57 001c 0693     		str	r3, [sp, #24]
ARM GAS  C:\Users\Ika\AppData\Local\Temp\cc3cDpCA.s 			page 2


  58              		.loc 1 126 3 is_stmt 1 view .LVU7
  59              		.loc 1 126 30 is_stmt 0 view .LVU8
  60 001e 0123     		movs	r3, #1
  61 0020 0A93     		str	r3, [sp, #40]
  62              		.loc 1 127 3 is_stmt 1 view .LVU9
  63              		.loc 1 127 41 is_stmt 0 view .LVU10
  64 0022 1023     		movs	r3, #16
  65 0024 0B93     		str	r3, [sp, #44]
  66              		.loc 1 128 3 is_stmt 1 view .LVU11
  67              		.loc 1 129 3 view .LVU12
  68              		.loc 1 129 7 is_stmt 0 view .LVU13
  69 0026 06A8     		add	r0, sp, #24
  70 0028 FFF7FEFF 		bl	HAL_RCC_OscConfig
  71              	.LVL1:
  72              		.loc 1 135 3 is_stmt 1 view .LVU14
  73              		.loc 1 135 31 is_stmt 0 view .LVU15
  74 002c 0F23     		movs	r3, #15
  75 002e 0193     		str	r3, [sp, #4]
  76              		.loc 1 137 3 is_stmt 1 view .LVU16
  77              		.loc 1 137 34 is_stmt 0 view .LVU17
  78 0030 0294     		str	r4, [sp, #8]
  79              		.loc 1 138 3 is_stmt 1 view .LVU18
  80              		.loc 1 138 35 is_stmt 0 view .LVU19
  81 0032 0394     		str	r4, [sp, #12]
  82              		.loc 1 139 3 is_stmt 1 view .LVU20
  83              		.loc 1 139 36 is_stmt 0 view .LVU21
  84 0034 0494     		str	r4, [sp, #16]
  85              		.loc 1 140 3 is_stmt 1 view .LVU22
  86              		.loc 1 140 36 is_stmt 0 view .LVU23
  87 0036 0594     		str	r4, [sp, #20]
  88              		.loc 1 142 3 is_stmt 1 view .LVU24
  89              		.loc 1 142 7 is_stmt 0 view .LVU25
  90 0038 2146     		mov	r1, r4
  91 003a 01A8     		add	r0, sp, #4
  92 003c FFF7FEFF 		bl	HAL_RCC_ClockConfig
  93              	.LVL2:
  94              		.loc 1 146 1 view .LVU26
  95 0040 10B0     		add	sp, sp, #64
  96              	.LCFI2:
  97              		.cfi_def_cfa_offset 8
  98              		@ sp needed
  99 0042 10BD     		pop	{r4, pc}
 100              		.cfi_endproc
 101              	.LFE66:
 103              		.section	.text.main,"ax",%progbits
 104              		.align	1
 105              		.global	main
 106              		.syntax unified
 107              		.thumb
 108              		.thumb_func
 109              		.fpu softvfp
 111              	main:
 112              	.LFB65:
 113              		.loc 1 64 1 is_stmt 1 view -0
 114              		.cfi_startproc
 115              		@ args = 0, pretend = 0, frame = 0
 116              		@ frame_needed = 0, uses_anonymous_args = 0
ARM GAS  C:\Users\Ika\AppData\Local\Temp\cc3cDpCA.s 			page 3


 117 0000 08B5     		push	{r3, lr}
 118              	.LCFI3:
 119              		.cfi_def_cfa_offset 8
 120              		.cfi_offset 3, -8
 121              		.cfi_offset 14, -4
 122              		.loc 1 72 3 view .LVU28
 123 0002 FFF7FEFF 		bl	HAL_Init
 124              	.LVL3:
 125              		.loc 1 79 3 view .LVU29
 126 0006 FFF7FEFF 		bl	SystemClock_Config
 127              	.LVL4:
 128              		.loc 1 87 3 view .LVU30
 129              	.LBB24:
 130              	.LBI24:
 131              		.file 2 "../Drivers/CMSIS/Include/core_cm3.h"
   1:../Drivers/CMSIS/Include/core_cm3.h **** 
 132              		.loc 2 1480 22 view .LVU31
 133              	.LBB25:
 134              		.loc 2 1482 3 view .LVU32
 135              		.loc 2 1483 3 view .LVU33
 136              		.loc 2 1485 3 view .LVU34
 137              		.loc 2 1485 14 is_stmt 0 view .LVU35
 138 000a 204A     		ldr	r2, .L8
 139 000c D368     		ldr	r3, [r2, #12]
 140              	.LVL5:
 141              		.loc 2 1486 3 is_stmt 1 view .LVU36
 142              		.loc 2 1486 13 is_stmt 0 view .LVU37
 143 000e 23F4E063 		bic	r3, r3, #1792
 144              	.LVL6:
 145              		.loc 2 1486 13 view .LVU38
 146 0012 1B04     		lsls	r3, r3, #16
 147 0014 1B0C     		lsrs	r3, r3, #16
 148              	.LVL7:
 149              		.loc 2 1487 3 is_stmt 1 view .LVU39
 150              		.loc 2 1487 14 is_stmt 0 view .LVU40
 151 0016 43F00523 		orr	r3, r3, #83887360
 152              	.LVL8:
 153              		.loc 2 1487 14 view .LVU41
 154 001a 43F47A03 		orr	r3, r3, #16384000
 155              	.LVL9:
 156              		.loc 2 1490 3 is_stmt 1 view .LVU42
 157              		.loc 2 1490 14 is_stmt 0 view .LVU43
 158 001e D360     		str	r3, [r2, #12]
 159              	.LVL10:
 160              		.loc 2 1490 14 view .LVU44
 161              	.LBE25:
 162              	.LBE24:
 163              		.loc 1 88 3 is_stmt 1 view .LVU45
 164              	.LBB26:
 165              	.LBI26:
 166              		.loc 2 1499 26 view .LVU46
 167              	.LBB27:
 168              		.loc 2 1501 3 view .LVU47
 169              		.loc 2 1501 26 is_stmt 0 view .LVU48
 170 0020 D368     		ldr	r3, [r2, #12]
 171              		.loc 2 1501 11 view .LVU49
 172 0022 C3F30223 		ubfx	r3, r3, #8, #3
ARM GAS  C:\Users\Ika\AppData\Local\Temp\cc3cDpCA.s 			page 4


 173              	.LVL11:
 174              		.loc 2 1501 11 view .LVU50
 175              	.LBE27:
 176              	.LBE26:
 177              		.loc 1 90 3 is_stmt 1 view .LVU51
 178              	.LBB28:
 179              	.LBI28:
 180              		.loc 2 1686 26 view .LVU52
 181              	.LBB29:
 182              		.loc 2 1688 3 view .LVU53
 183              		.loc 2 1689 3 view .LVU54
 184              		.loc 2 1690 3 view .LVU55
 185              		.loc 2 1692 3 view .LVU56
 186              		.loc 2 1692 31 is_stmt 0 view .LVU57
 187 0026 C3F10702 		rsb	r2, r3, #7
 188              		.loc 2 1692 23 view .LVU58
 189 002a 042A     		cmp	r2, #4
 190 002c 28BF     		it	cs
 191 002e 0422     		movcs	r2, #4
 192              	.LVL12:
 193              		.loc 2 1693 3 is_stmt 1 view .LVU59
 194              		.loc 2 1693 44 is_stmt 0 view .LVU60
 195 0030 191D     		adds	r1, r3, #4
 196              		.loc 2 1693 109 view .LVU61
 197 0032 0629     		cmp	r1, #6
 198 0034 27D9     		bls	.L6
 199 0036 D91E     		subs	r1, r3, #3
 200              	.L4:
 201              	.LVL13:
 202              		.loc 2 1695 3 is_stmt 1 view .LVU62
 203              		.loc 2 1696 30 is_stmt 0 view .LVU63
 204 0038 4FF0FF33 		mov	r3, #-1
 205              	.LVL14:
 206              		.loc 2 1696 30 view .LVU64
 207 003c 03FA02F2 		lsl	r2, r3, r2
 208 0040 D243     		mvns	r2, r2
 209 0042 02F00102 		and	r2, r2, #1
 210              		.loc 2 1696 82 view .LVU65
 211 0046 8A40     		lsls	r2, r2, r1
 212              		.loc 2 1697 30 view .LVU66
 213 0048 8B40     		lsls	r3, r3, r1
 214 004a DB43     		mvns	r3, r3
 215 004c 03F00200 		and	r0, r3, #2
 216              		.loc 2 1696 102 view .LVU67
 217 0050 1043     		orrs	r0, r0, r2
 218              	.LVL15:
 219              		.loc 2 1696 102 view .LVU68
 220              	.LBE29:
 221              	.LBE28:
 222              	.LBB31:
 223              	.LBI31:
 224              		.loc 2 1639 22 is_stmt 1 view .LVU69
 225              	.LBB32:
 226              		.loc 2 1641 3 view .LVU70
 227              		.loc 2 1643 5 view .LVU71
 228              		.loc 2 1643 48 is_stmt 0 view .LVU72
 229 0052 0001     		lsls	r0, r0, #4
ARM GAS  C:\Users\Ika\AppData\Local\Temp\cc3cDpCA.s 			page 5


 230              	.LVL16:
 231              		.loc 2 1643 48 view .LVU73
 232 0054 C0B2     		uxtb	r0, r0
 233              		.loc 2 1643 46 view .LVU74
 234 0056 0E49     		ldr	r1, .L8+4
 235 0058 81F80003 		strb	r0, [r1, #768]
 236              	.LVL17:
 237              		.loc 2 1643 46 view .LVU75
 238              	.LBE32:
 239              	.LBE31:
 240              		.loc 1 91 3 is_stmt 1 view .LVU76
 241              	.LBB33:
 242              	.LBI33:
 243              		.loc 2 1511 22 view .LVU77
 244              	.LBB34:
 245              		.loc 2 1513 3 view .LVU78
 246              		.loc 2 1515 5 view .LVU79
 247              		.loc 2 1515 43 is_stmt 0 view .LVU80
 248 005c 0120     		movs	r0, #1
 249 005e 0860     		str	r0, [r1]
 250              	.LVL18:
 251              		.loc 2 1515 43 view .LVU81
 252              	.LBE34:
 253              	.LBE33:
 254              		.loc 1 93 3 is_stmt 1 view .LVU82
 255              		.loc 2 1688 3 view .LVU83
 256              		.loc 2 1689 3 view .LVU84
 257              		.loc 2 1690 3 view .LVU85
 258              		.loc 2 1692 3 view .LVU86
 259              		.loc 2 1693 3 view .LVU87
 260              		.loc 2 1695 3 view .LVU88
 261              	.LBB35:
 262              	.LBI35:
 263              		.loc 2 1639 22 view .LVU89
 264              	.LBB36:
 265              		.loc 2 1641 3 view .LVU90
 266              		.loc 2 1643 5 view .LVU91
 267              		.loc 2 1643 48 is_stmt 0 view .LVU92
 268 0060 1001     		lsls	r0, r2, #4
 269 0062 C0B2     		uxtb	r0, r0
 270              		.loc 2 1643 46 view .LVU93
 271 0064 81F80103 		strb	r0, [r1, #769]
 272              	.LVL19:
 273              		.loc 2 1643 46 view .LVU94
 274              	.LBE36:
 275              	.LBE35:
 276              		.loc 1 94 3 is_stmt 1 view .LVU95
 277              	.LBB37:
 278              	.LBI37:
 279              		.loc 2 1511 22 view .LVU96
 280              	.LBB38:
 281              		.loc 2 1513 3 view .LVU97
 282              		.loc 2 1515 5 view .LVU98
 283              		.loc 2 1515 43 is_stmt 0 view .LVU99
 284 0068 0220     		movs	r0, #2
 285 006a 0860     		str	r0, [r1]
 286              	.LVL20:
ARM GAS  C:\Users\Ika\AppData\Local\Temp\cc3cDpCA.s 			page 6


 287              		.loc 2 1515 43 view .LVU100
 288              	.LBE38:
 289              	.LBE37:
 290              		.loc 1 96 3 is_stmt 1 view .LVU101
 291              	.LBB39:
 292              	.LBI39:
 293              		.loc 2 1686 26 view .LVU102
 294              	.LBB40:
 295              		.loc 2 1688 3 view .LVU103
 296              		.loc 2 1689 3 view .LVU104
 297              		.loc 2 1690 3 view .LVU105
 298              		.loc 2 1692 3 view .LVU106
 299              		.loc 2 1693 3 view .LVU107
 300              		.loc 2 1695 3 view .LVU108
 301              		.loc 2 1697 30 is_stmt 0 view .LVU109
 302 006c 03F00103 		and	r3, r3, #1
 303              		.loc 2 1696 102 view .LVU110
 304 0070 1343     		orrs	r3, r3, r2
 305              	.LVL21:
 306              		.loc 2 1696 102 view .LVU111
 307              	.LBE40:
 308              	.LBE39:
 309              	.LBB41:
 310              	.LBI41:
 311              		.loc 2 1639 22 is_stmt 1 view .LVU112
 312              	.LBB42:
 313              		.loc 2 1641 3 view .LVU113
 314              		.loc 2 1643 5 view .LVU114
 315              		.loc 2 1643 48 is_stmt 0 view .LVU115
 316 0072 1B01     		lsls	r3, r3, #4
 317              	.LVL22:
 318              		.loc 2 1643 48 view .LVU116
 319 0074 DBB2     		uxtb	r3, r3
 320              		.loc 2 1643 46 view .LVU117
 321 0076 81F80233 		strb	r3, [r1, #770]
 322              	.LVL23:
 323              		.loc 2 1643 46 view .LVU118
 324              	.LBE42:
 325              	.LBE41:
 326              		.loc 1 97 3 is_stmt 1 view .LVU119
 327              	.LBB43:
 328              	.LBI43:
 329              		.loc 2 1511 22 view .LVU120
 330              	.LBB44:
 331              		.loc 2 1513 3 view .LVU121
 332              		.loc 2 1515 5 view .LVU122
 333              		.loc 2 1515 43 is_stmt 0 view .LVU123
 334 007a 0423     		movs	r3, #4
 335 007c 0B60     		str	r3, [r1]
 336              	.LVL24:
 337              		.loc 2 1515 43 view .LVU124
 338              	.LBE44:
 339              	.LBE43:
 340              		.loc 1 99 3 is_stmt 1 view .LVU125
 341              		.loc 1 99 17 is_stmt 0 view .LVU126
 342 007e 0723     		movs	r3, #7
 343 0080 C1F80031 		str	r3, [r1, #256]
ARM GAS  C:\Users\Ika\AppData\Local\Temp\cc3cDpCA.s 			page 7


 344              	.L5:
 345              		.loc 1 104 3 is_stmt 1 discriminator 1 view .LVU127
 346              		.loc 1 109 3 discriminator 1 view .LVU128
 347              		.loc 1 104 9 discriminator 1 view .LVU129
 348 0084 FEE7     		b	.L5
 349              	.LVL25:
 350              	.L6:
 351              	.LBB45:
 352              	.LBB30:
 353              		.loc 2 1693 109 is_stmt 0 view .LVU130
 354 0086 0021     		movs	r1, #0
 355 0088 D6E7     		b	.L4
 356              	.L9:
 357 008a 00BF     		.align	2
 358              	.L8:
 359 008c 00ED00E0 		.word	-536810240
 360 0090 00E100E0 		.word	-536813312
 361              	.LBE30:
 362              	.LBE45:
 363              		.cfi_endproc
 364              	.LFE65:
 366              		.section	.text.HAL_TIM_PeriodElapsedCallback,"ax",%progbits
 367              		.align	1
 368              		.global	HAL_TIM_PeriodElapsedCallback
 369              		.syntax unified
 370              		.thumb
 371              		.thumb_func
 372              		.fpu softvfp
 374              	HAL_TIM_PeriodElapsedCallback:
 375              	.LVL26:
 376              	.LFB67:
 377              		.loc 1 161 1 is_stmt 1 view -0
 378              		.cfi_startproc
 379              		@ args = 0, pretend = 0, frame = 0
 380              		@ frame_needed = 0, uses_anonymous_args = 0
 381              		.loc 1 161 1 is_stmt 0 view .LVU132
 382 0000 08B5     		push	{r3, lr}
 383              	.LCFI4:
 384              		.cfi_def_cfa_offset 8
 385              		.cfi_offset 3, -8
 386              		.cfi_offset 14, -4
 387              		.loc 1 165 3 is_stmt 1 view .LVU133
 388              		.loc 1 165 11 is_stmt 0 view .LVU134
 389 0002 0268     		ldr	r2, [r0]
 390              		.loc 1 165 6 view .LVU135
 391 0004 034B     		ldr	r3, .L14
 392 0006 9A42     		cmp	r2, r3
 393 0008 00D0     		beq	.L13
 394              	.LVL27:
 395              	.L10:
 396              		.loc 1 171 1 view .LVU136
 397 000a 08BD     		pop	{r3, pc}
 398              	.LVL28:
 399              	.L13:
 400              		.loc 1 166 5 is_stmt 1 view .LVU137
 401 000c FFF7FEFF 		bl	HAL_IncTick
 402              	.LVL29:
ARM GAS  C:\Users\Ika\AppData\Local\Temp\cc3cDpCA.s 			page 8


 403              		.loc 1 171 1 is_stmt 0 view .LVU138
 404 0010 FBE7     		b	.L10
 405              	.L15:
 406 0012 00BF     		.align	2
 407              	.L14:
 408 0014 002C0140 		.word	1073818624
 409              		.cfi_endproc
 410              	.LFE67:
 412              		.section	.text.Error_Handler,"ax",%progbits
 413              		.align	1
 414              		.global	Error_Handler
 415              		.syntax unified
 416              		.thumb
 417              		.thumb_func
 418              		.fpu softvfp
 420              	Error_Handler:
 421              	.LFB68:
 422              		.loc 1 178 1 is_stmt 1 view -0
 423              		.cfi_startproc
 424              		@ args = 0, pretend = 0, frame = 0
 425              		@ frame_needed = 0, uses_anonymous_args = 0
 426              		@ link register save eliminated.
 427              		.loc 1 183 1 view .LVU140
 428 0000 7047     		bx	lr
 429              		.cfi_endproc
 430              	.LFE68:
 432              		.text
 433              	.Letext0:
 434              		.file 3 "../Drivers/CMSIS/Device/ST/STM32F1xx/Include/stm32f103x6.h"
 435              		.file 4 "../c:\\users\\ika\\desktop\\gnu mcu\\arm-none-eabi-gcc-9.3.1-1.1\\arm-none-eabi\\include\
 436              		.file 5 "../c:\\users\\ika\\desktop\\gnu mcu\\arm-none-eabi-gcc-9.3.1-1.1\\arm-none-eabi\\include\
 437              		.file 6 "../Drivers/CMSIS/Device/ST/STM32F1xx/Include/system_stm32f1xx.h"
 438              		.file 7 "../Drivers/STM32F1xx_HAL_Driver/Inc/stm32f1xx_hal_def.h"
 439              		.file 8 "../Drivers/STM32F1xx_HAL_Driver/Inc/stm32f1xx_hal_rcc.h"
 440              		.file 9 "../Drivers/STM32F1xx_HAL_Driver/Inc/stm32f1xx_hal_rcc_ex.h"
 441              		.file 10 "../Drivers/STM32F1xx_HAL_Driver/Inc/stm32f1xx_hal_dma.h"
 442              		.file 11 "../Drivers/STM32F1xx_HAL_Driver/Inc/stm32f1xx_hal_tim.h"
 443              		.file 12 "../Drivers/STM32F1xx_HAL_Driver/Inc/stm32f1xx_hal.h"
 444              		.file 13 "../<built-in>"
ARM GAS  C:\Users\Ika\AppData\Local\Temp\cc3cDpCA.s 			page 9


DEFINED SYMBOLS
                            *ABS*:0000000000000000 main.c
C:\Users\Ika\AppData\Local\Temp\cc3cDpCA.s:16     .text.SystemClock_Config:0000000000000000 $t
C:\Users\Ika\AppData\Local\Temp\cc3cDpCA.s:24     .text.SystemClock_Config:0000000000000000 SystemClock_Config
C:\Users\Ika\AppData\Local\Temp\cc3cDpCA.s:104    .text.main:0000000000000000 $t
C:\Users\Ika\AppData\Local\Temp\cc3cDpCA.s:111    .text.main:0000000000000000 main
C:\Users\Ika\AppData\Local\Temp\cc3cDpCA.s:359    .text.main:000000000000008c $d
C:\Users\Ika\AppData\Local\Temp\cc3cDpCA.s:367    .text.HAL_TIM_PeriodElapsedCallback:0000000000000000 $t
C:\Users\Ika\AppData\Local\Temp\cc3cDpCA.s:374    .text.HAL_TIM_PeriodElapsedCallback:0000000000000000 HAL_TIM_PeriodElapsedCallback
C:\Users\Ika\AppData\Local\Temp\cc3cDpCA.s:408    .text.HAL_TIM_PeriodElapsedCallback:0000000000000014 $d
C:\Users\Ika\AppData\Local\Temp\cc3cDpCA.s:413    .text.Error_Handler:0000000000000000 $t
C:\Users\Ika\AppData\Local\Temp\cc3cDpCA.s:420    .text.Error_Handler:0000000000000000 Error_Handler

UNDEFINED SYMBOLS
memset
HAL_RCC_OscConfig
HAL_RCC_ClockConfig
HAL_Init
HAL_IncTick
