ARM GAS  C:\Users\Ika\AppData\Local\Temp\cc7G3F8Y.s 			page 1


   1              		.cpu cortex-m3
   2              		.eabi_attribute 20, 1
   3              		.eabi_attribute 21, 1
   4              		.eabi_attribute 23, 3
   5              		.eabi_attribute 24, 1
   6              		.eabi_attribute 25, 1
   7              		.eabi_attribute 26, 1
   8              		.eabi_attribute 30, 1
   9              		.eabi_attribute 34, 1
  10              		.eabi_attribute 18, 4
  11              		.file	"stm32f1xx_hal_timebase_tim.c"
  12              		.text
  13              	.Ltext0:
  14              		.cfi_sections	.debug_frame
  15              		.section	.text.HAL_InitTick,"ax",%progbits
  16              		.align	1
  17              		.global	HAL_InitTick
  18              		.arch armv7-m
  19              		.syntax unified
  20              		.thumb
  21              		.thumb_func
  22              		.fpu softvfp
  24              	HAL_InitTick:
  25              	.LVL0:
  26              	.LFB65:
  27              		.file 1 "../Core/Src/stm32f1xx_hal_timebase_tim.c"
   1:../Core/Src/stm32f1xx_hal_timebase_tim.c **** 
  28              		.loc 1 43 1 view -0
  29              		.cfi_startproc
  30              		@ args = 0, pretend = 0, frame = 32
  31              		@ frame_needed = 0, uses_anonymous_args = 0
  32              		.loc 1 43 1 is_stmt 0 view .LVU1
  33 0000 00B5     		push	{lr}
  34              	.LCFI0:
  35              		.cfi_def_cfa_offset 4
  36              		.cfi_offset 14, -4
  37 0002 89B0     		sub	sp, sp, #36
  38              	.LCFI1:
  39              		.cfi_def_cfa_offset 40
  40 0004 0146     		mov	r1, r0
  41              		.loc 1 44 3 is_stmt 1 view .LVU2
  42              		.loc 1 45 3 view .LVU3
  43              	.LVL1:
  44              		.loc 1 46 3 view .LVU4
  45              		.loc 1 47 3 view .LVU5
  46              		.loc 1 49 3 view .LVU6
  47 0006 0022     		movs	r2, #0
  48 0008 1920     		movs	r0, #25
  49              	.LVL2:
  50              		.loc 1 49 3 is_stmt 0 view .LVU7
  51 000a FFF7FEFF 		bl	HAL_NVIC_SetPriority
  52              	.LVL3:
  53              		.loc 1 52 3 is_stmt 1 view .LVU8
  54 000e 1920     		movs	r0, #25
  55 0010 FFF7FEFF 		bl	HAL_NVIC_EnableIRQ
  56              	.LVL4:
  57              		.loc 1 54 3 view .LVU9
ARM GAS  C:\Users\Ika\AppData\Local\Temp\cc7G3F8Y.s 			page 2


  58              	.LBB2:
  59              		.loc 1 54 3 view .LVU10
  60              		.loc 1 54 3 view .LVU11
  61 0014 144B     		ldr	r3, .L6
  62 0016 9A69     		ldr	r2, [r3, #24]
  63 0018 42F40062 		orr	r2, r2, #2048
  64 001c 9A61     		str	r2, [r3, #24]
  65              		.loc 1 54 3 view .LVU12
  66 001e 9B69     		ldr	r3, [r3, #24]
  67 0020 03F40063 		and	r3, r3, #2048
  68 0024 0193     		str	r3, [sp, #4]
  69              		.loc 1 54 3 view .LVU13
  70 0026 019B     		ldr	r3, [sp, #4]
  71              	.LBE2:
  72              		.loc 1 54 3 view .LVU14
  73              		.loc 1 57 3 view .LVU15
  74 0028 02A9     		add	r1, sp, #8
  75 002a 03A8     		add	r0, sp, #12
  76 002c FFF7FEFF 		bl	HAL_RCC_GetClockConfig
  77              	.LVL5:
  78              		.loc 1 60 3 view .LVU16
  79              		.loc 1 60 16 is_stmt 0 view .LVU17
  80 0030 FFF7FEFF 		bl	HAL_RCC_GetPCLK2Freq
  81              	.LVL6:
  82              		.loc 1 63 3 is_stmt 1 view .LVU18
  83              		.loc 1 63 46 is_stmt 0 view .LVU19
  84 0034 0D4B     		ldr	r3, .L6+4
  85 0036 A3FB0023 		umull	r2, r3, r3, r0
  86 003a 9B0C     		lsrs	r3, r3, #18
  87              		.loc 1 63 20 view .LVU20
  88 003c 013B     		subs	r3, r3, #1
  89              	.LVL7:
  90              		.loc 1 66 3 is_stmt 1 view .LVU21
  91              		.loc 1 66 18 is_stmt 0 view .LVU22
  92 003e 0C48     		ldr	r0, .L6+8
  93              	.LVL8:
  94              		.loc 1 66 18 view .LVU23
  95 0040 0C4A     		ldr	r2, .L6+12
  96 0042 0260     		str	r2, [r0]
  97              		.loc 1 74 3 is_stmt 1 view .LVU24
  98              		.loc 1 74 21 is_stmt 0 view .LVU25
  99 0044 40F2E732 		movw	r2, #999
 100 0048 C260     		str	r2, [r0, #12]
 101              		.loc 1 75 3 is_stmt 1 view .LVU26
 102              		.loc 1 75 24 is_stmt 0 view .LVU27
 103 004a 4360     		str	r3, [r0, #4]
 104              		.loc 1 76 3 is_stmt 1 view .LVU28
 105              		.loc 1 76 28 is_stmt 0 view .LVU29
 106 004c 0023     		movs	r3, #0
 107              	.LVL9:
 108              		.loc 1 76 28 view .LVU30
 109 004e 0361     		str	r3, [r0, #16]
 110              		.loc 1 77 3 is_stmt 1 view .LVU31
 111              		.loc 1 77 26 is_stmt 0 view .LVU32
 112 0050 8360     		str	r3, [r0, #8]
 113              		.loc 1 78 3 is_stmt 1 view .LVU33
 114              		.loc 1 78 6 is_stmt 0 view .LVU34
ARM GAS  C:\Users\Ika\AppData\Local\Temp\cc7G3F8Y.s 			page 3


 115 0052 FFF7FEFF 		bl	HAL_TIM_Base_Init
 116              	.LVL10:
 117              		.loc 1 78 5 view .LVU35
 118 0056 18B1     		cbz	r0, .L5
 119              		.loc 1 85 10 view .LVU36
 120 0058 0120     		movs	r0, #1
 121              	.L2:
 122              		.loc 1 86 1 view .LVU37
 123 005a 09B0     		add	sp, sp, #36
 124              	.LCFI2:
 125              		.cfi_remember_state
 126              		.cfi_def_cfa_offset 4
 127              		@ sp needed
 128 005c 5DF804FB 		ldr	pc, [sp], #4
 129              	.L5:
 130              	.LCFI3:
 131              		.cfi_restore_state
 132              		.loc 1 81 5 is_stmt 1 view .LVU38
 133              		.loc 1 81 12 is_stmt 0 view .LVU39
 134 0060 0348     		ldr	r0, .L6+8
 135 0062 FFF7FEFF 		bl	HAL_TIM_Base_Start_IT
 136              	.LVL11:
 137 0066 F8E7     		b	.L2
 138              	.L7:
 139              		.align	2
 140              	.L6:
 141 0068 00100240 		.word	1073876992
 142 006c 83DE1B43 		.word	1125899907
 143 0070 00000000 		.word	htim1
 144 0074 002C0140 		.word	1073818624
 145              		.cfi_endproc
 146              	.LFE65:
 148              		.section	.text.HAL_SuspendTick,"ax",%progbits
 149              		.align	1
 150              		.global	HAL_SuspendTick
 151              		.syntax unified
 152              		.thumb
 153              		.thumb_func
 154              		.fpu softvfp
 156              	HAL_SuspendTick:
 157              	.LFB66:
 158              		.loc 1 95 1 is_stmt 1 view -0
 159              		.cfi_startproc
 160              		@ args = 0, pretend = 0, frame = 0
 161              		@ frame_needed = 0, uses_anonymous_args = 0
 162              		@ link register save eliminated.
 163              		.loc 1 97 3 view .LVU41
 164 0000 034B     		ldr	r3, .L9
 165 0002 1A68     		ldr	r2, [r3]
 166 0004 D368     		ldr	r3, [r2, #12]
 167 0006 23F00103 		bic	r3, r3, #1
 168 000a D360     		str	r3, [r2, #12]
 169              		.loc 1 98 1 is_stmt 0 view .LVU42
 170 000c 7047     		bx	lr
 171              	.L10:
 172 000e 00BF     		.align	2
 173              	.L9:
ARM GAS  C:\Users\Ika\AppData\Local\Temp\cc7G3F8Y.s 			page 4


 174 0010 00000000 		.word	htim1
 175              		.cfi_endproc
 176              	.LFE66:
 178              		.section	.text.HAL_ResumeTick,"ax",%progbits
 179              		.align	1
 180              		.global	HAL_ResumeTick
 181              		.syntax unified
 182              		.thumb
 183              		.thumb_func
 184              		.fpu softvfp
 186              	HAL_ResumeTick:
 187              	.LFB67:
 188              		.loc 1 107 1 is_stmt 1 view -0
 189              		.cfi_startproc
 190              		@ args = 0, pretend = 0, frame = 0
 191              		@ frame_needed = 0, uses_anonymous_args = 0
 192              		@ link register save eliminated.
 193              		.loc 1 109 3 view .LVU44
 194 0000 034B     		ldr	r3, .L12
 195 0002 1A68     		ldr	r2, [r3]
 196 0004 D368     		ldr	r3, [r2, #12]
 197 0006 43F00103 		orr	r3, r3, #1
 198 000a D360     		str	r3, [r2, #12]
 199              		.loc 1 110 1 is_stmt 0 view .LVU45
 200 000c 7047     		bx	lr
 201              	.L13:
 202 000e 00BF     		.align	2
 203              	.L12:
 204 0010 00000000 		.word	htim1
 205              		.cfi_endproc
 206              	.LFE67:
 208              		.comm	htim1,72,4
 209              		.text
 210              	.Letext0:
 211              		.file 2 "../c:\\users\\ika\\desktop\\gnu mcu\\arm-none-eabi-gcc-9.3.1-1.1\\arm-none-eabi\\include\
 212              		.file 3 "../c:\\users\\ika\\desktop\\gnu mcu\\arm-none-eabi-gcc-9.3.1-1.1\\arm-none-eabi\\include\
 213              		.file 4 "../Drivers/CMSIS/Include/core_cm3.h"
 214              		.file 5 "../Drivers/CMSIS/Device/ST/STM32F1xx/Include/system_stm32f1xx.h"
 215              		.file 6 "../Drivers/CMSIS/Device/ST/STM32F1xx/Include/stm32f103x6.h"
 216              		.file 7 "../Drivers/STM32F1xx_HAL_Driver/Inc/stm32f1xx_hal_def.h"
 217              		.file 8 "../Drivers/STM32F1xx_HAL_Driver/Inc/stm32f1xx_hal_rcc.h"
 218              		.file 9 "../Drivers/STM32F1xx_HAL_Driver/Inc/stm32f1xx_hal_dma.h"
 219              		.file 10 "../Drivers/STM32F1xx_HAL_Driver/Inc/stm32f1xx_hal_tim.h"
 220              		.file 11 "../Drivers/STM32F1xx_HAL_Driver/Inc/stm32f1xx_hal.h"
 221              		.file 12 "../Drivers/STM32F1xx_HAL_Driver/Inc/stm32f1xx_hal_cortex.h"
ARM GAS  C:\Users\Ika\AppData\Local\Temp\cc7G3F8Y.s 			page 5


DEFINED SYMBOLS
                            *ABS*:0000000000000000 stm32f1xx_hal_timebase_tim.c
C:\Users\Ika\AppData\Local\Temp\cc7G3F8Y.s:16     .text.HAL_InitTick:0000000000000000 $t
C:\Users\Ika\AppData\Local\Temp\cc7G3F8Y.s:24     .text.HAL_InitTick:0000000000000000 HAL_InitTick
C:\Users\Ika\AppData\Local\Temp\cc7G3F8Y.s:141    .text.HAL_InitTick:0000000000000068 $d
                            *COM*:0000000000000048 htim1
C:\Users\Ika\AppData\Local\Temp\cc7G3F8Y.s:149    .text.HAL_SuspendTick:0000000000000000 $t
C:\Users\Ika\AppData\Local\Temp\cc7G3F8Y.s:156    .text.HAL_SuspendTick:0000000000000000 HAL_SuspendTick
C:\Users\Ika\AppData\Local\Temp\cc7G3F8Y.s:174    .text.HAL_SuspendTick:0000000000000010 $d
C:\Users\Ika\AppData\Local\Temp\cc7G3F8Y.s:179    .text.HAL_ResumeTick:0000000000000000 $t
C:\Users\Ika\AppData\Local\Temp\cc7G3F8Y.s:186    .text.HAL_ResumeTick:0000000000000000 HAL_ResumeTick
C:\Users\Ika\AppData\Local\Temp\cc7G3F8Y.s:204    .text.HAL_ResumeTick:0000000000000010 $d

UNDEFINED SYMBOLS
HAL_NVIC_SetPriority
HAL_NVIC_EnableIRQ
HAL_RCC_GetClockConfig
HAL_RCC_GetPCLK2Freq
HAL_TIM_Base_Init
HAL_TIM_Base_Start_IT
