ARM GAS  C:\Users\Ika\AppData\Local\Temp\ccLqIi6e.s 			page 1


   1              		.cpu cortex-m3
   2              		.eabi_attribute 20, 1
   3              		.eabi_attribute 21, 1
   4              		.eabi_attribute 23, 3
   5              		.eabi_attribute 24, 1
   6              		.eabi_attribute 25, 1
   7              		.eabi_attribute 26, 1
   8              		.eabi_attribute 30, 1
   9              		.eabi_attribute 34, 1
  10              		.eabi_attribute 18, 4
  11              		.file	"gpio.c"
  12              		.text
  13              	.Ltext0:
  14              		.cfi_sections	.debug_frame
  15              		.section	.text.MX_GPIO_Init,"ax",%progbits
  16              		.align	1
  17              		.global	MX_GPIO_Init
  18              		.arch armv7-m
  19              		.syntax unified
  20              		.thumb
  21              		.thumb_func
  22              		.fpu softvfp
  24              	MX_GPIO_Init:
  25              	.LFB65:
  26              		.file 1 "../Core/Src/gpio.c"
   1:../Core/Src/gpio.c **** 
  27              		.loc 1 36 1 view -0
  28              		.cfi_startproc
  29              		@ args = 0, pretend = 0, frame = 24
  30              		@ frame_needed = 0, uses_anonymous_args = 0
  31 0000 F0B5     		push	{r4, r5, r6, r7, lr}
  32              	.LCFI0:
  33              		.cfi_def_cfa_offset 20
  34              		.cfi_offset 4, -20
  35              		.cfi_offset 5, -16
  36              		.cfi_offset 6, -12
  37              		.cfi_offset 7, -8
  38              		.cfi_offset 14, -4
  39 0002 87B0     		sub	sp, sp, #28
  40              	.LCFI1:
  41              		.cfi_def_cfa_offset 48
  42              		.loc 1 38 3 view .LVU1
  43              		.loc 1 38 20 is_stmt 0 view .LVU2
  44 0004 0024     		movs	r4, #0
  45 0006 0294     		str	r4, [sp, #8]
  46 0008 0394     		str	r4, [sp, #12]
  47 000a 0494     		str	r4, [sp, #16]
  48 000c 0594     		str	r4, [sp, #20]
  49              		.loc 1 41 3 is_stmt 1 view .LVU3
  50              	.LBB2:
  51              		.loc 1 41 3 view .LVU4
  52              		.loc 1 41 3 view .LVU5
  53 000e 1A4B     		ldr	r3, .L3
  54 0010 9A69     		ldr	r2, [r3, #24]
  55 0012 42F01002 		orr	r2, r2, #16
  56 0016 9A61     		str	r2, [r3, #24]
  57              		.loc 1 41 3 view .LVU6
ARM GAS  C:\Users\Ika\AppData\Local\Temp\ccLqIi6e.s 			page 2


  58 0018 9A69     		ldr	r2, [r3, #24]
  59 001a 02F01002 		and	r2, r2, #16
  60 001e 0092     		str	r2, [sp]
  61              		.loc 1 41 3 view .LVU7
  62 0020 009A     		ldr	r2, [sp]
  63              	.LBE2:
  64              		.loc 1 41 3 view .LVU8
  65              		.loc 1 42 3 view .LVU9
  66              	.LBB3:
  67              		.loc 1 42 3 view .LVU10
  68              		.loc 1 42 3 view .LVU11
  69 0022 9A69     		ldr	r2, [r3, #24]
  70 0024 42F00802 		orr	r2, r2, #8
  71 0028 9A61     		str	r2, [r3, #24]
  72              		.loc 1 42 3 view .LVU12
  73 002a 9B69     		ldr	r3, [r3, #24]
  74 002c 03F00803 		and	r3, r3, #8
  75 0030 0193     		str	r3, [sp, #4]
  76              		.loc 1 42 3 view .LVU13
  77 0032 019B     		ldr	r3, [sp, #4]
  78              	.LBE3:
  79              		.loc 1 42 3 view .LVU14
  80              		.loc 1 45 3 view .LVU15
  81 0034 114F     		ldr	r7, .L3+4
  82 0036 2246     		mov	r2, r4
  83 0038 FF21     		movs	r1, #255
  84 003a 3846     		mov	r0, r7
  85 003c FFF7FEFF 		bl	HAL_GPIO_WritePin
  86              	.LVL0:
  87              		.loc 1 49 3 view .LVU16
  88 0040 0F4D     		ldr	r5, .L3+8
  89 0042 2246     		mov	r2, r4
  90 0044 0321     		movs	r1, #3
  91 0046 2846     		mov	r0, r5
  92 0048 FFF7FEFF 		bl	HAL_GPIO_WritePin
  93              	.LVL1:
  94              		.loc 1 53 3 view .LVU17
  95              		.loc 1 53 23 is_stmt 0 view .LVU18
  96 004c FF23     		movs	r3, #255
  97 004e 0293     		str	r3, [sp, #8]
  98              		.loc 1 55 3 is_stmt 1 view .LVU19
  99              		.loc 1 55 24 is_stmt 0 view .LVU20
 100 0050 0124     		movs	r4, #1
 101 0052 0394     		str	r4, [sp, #12]
 102              		.loc 1 56 3 is_stmt 1 view .LVU21
 103              		.loc 1 56 24 is_stmt 0 view .LVU22
 104 0054 0494     		str	r4, [sp, #16]
 105              		.loc 1 57 3 is_stmt 1 view .LVU23
 106              		.loc 1 57 25 is_stmt 0 view .LVU24
 107 0056 0226     		movs	r6, #2
 108 0058 0596     		str	r6, [sp, #20]
 109              		.loc 1 58 3 is_stmt 1 view .LVU25
 110 005a 02A9     		add	r1, sp, #8
 111 005c 3846     		mov	r0, r7
 112 005e FFF7FEFF 		bl	HAL_GPIO_Init
 113              	.LVL2:
 114              		.loc 1 61 3 view .LVU26
ARM GAS  C:\Users\Ika\AppData\Local\Temp\ccLqIi6e.s 			page 3


 115              		.loc 1 61 23 is_stmt 0 view .LVU27
 116 0062 0323     		movs	r3, #3
 117 0064 0293     		str	r3, [sp, #8]
 118              		.loc 1 62 3 is_stmt 1 view .LVU28
 119              		.loc 1 62 24 is_stmt 0 view .LVU29
 120 0066 0394     		str	r4, [sp, #12]
 121              		.loc 1 63 3 is_stmt 1 view .LVU30
 122              		.loc 1 63 24 is_stmt 0 view .LVU31
 123 0068 0494     		str	r4, [sp, #16]
 124              		.loc 1 64 3 is_stmt 1 view .LVU32
 125              		.loc 1 64 25 is_stmt 0 view .LVU33
 126 006a 0596     		str	r6, [sp, #20]
 127              		.loc 1 65 3 is_stmt 1 view .LVU34
 128 006c 02A9     		add	r1, sp, #8
 129 006e 2846     		mov	r0, r5
 130 0070 FFF7FEFF 		bl	HAL_GPIO_Init
 131              	.LVL3:
 132              		.loc 1 67 1 is_stmt 0 view .LVU35
 133 0074 07B0     		add	sp, sp, #28
 134              	.LCFI2:
 135              		.cfi_def_cfa_offset 20
 136              		@ sp needed
 137 0076 F0BD     		pop	{r4, r5, r6, r7, pc}
 138              	.L4:
 139              		.align	2
 140              	.L3:
 141 0078 00100240 		.word	1073876992
 142 007c 00100140 		.word	1073811456
 143 0080 000C0140 		.word	1073810432
 144              		.cfi_endproc
 145              	.LFE65:
 147              		.text
 148              	.Letext0:
 149              		.file 2 "../c:\\users\\ika\\desktop\\gnu mcu\\arm-none-eabi-gcc-9.3.1-1.1\\arm-none-eabi\\include\
 150              		.file 3 "../c:\\users\\ika\\desktop\\gnu mcu\\arm-none-eabi-gcc-9.3.1-1.1\\arm-none-eabi\\include\
 151              		.file 4 "../Drivers/CMSIS/Include/core_cm3.h"
 152              		.file 5 "../Drivers/CMSIS/Device/ST/STM32F1xx/Include/system_stm32f1xx.h"
 153              		.file 6 "../Drivers/CMSIS/Device/ST/STM32F1xx/Include/stm32f103x6.h"
 154              		.file 7 "../Drivers/STM32F1xx_HAL_Driver/Inc/stm32f1xx_hal_gpio.h"
 155              		.file 8 "../Drivers/STM32F1xx_HAL_Driver/Inc/stm32f1xx_hal.h"
ARM GAS  C:\Users\Ika\AppData\Local\Temp\ccLqIi6e.s 			page 4


DEFINED SYMBOLS
                            *ABS*:0000000000000000 gpio.c
C:\Users\Ika\AppData\Local\Temp\ccLqIi6e.s:16     .text.MX_GPIO_Init:0000000000000000 $t
C:\Users\Ika\AppData\Local\Temp\ccLqIi6e.s:24     .text.MX_GPIO_Init:0000000000000000 MX_GPIO_Init
C:\Users\Ika\AppData\Local\Temp\ccLqIi6e.s:141    .text.MX_GPIO_Init:0000000000000078 $d

UNDEFINED SYMBOLS
HAL_GPIO_WritePin
HAL_GPIO_Init
