ARM GAS  C:\Users\Ika\AppData\Local\Temp\cc2lx2Wp.s 			page 1


   1              		.cpu cortex-m3
   2              		.eabi_attribute 20, 1
   3              		.eabi_attribute 21, 1
   4              		.eabi_attribute 23, 3
   5              		.eabi_attribute 24, 1
   6              		.eabi_attribute 25, 1
   7              		.eabi_attribute 26, 1
   8              		.eabi_attribute 30, 1
   9              		.eabi_attribute 34, 1
  10              		.eabi_attribute 18, 4
  11              		.file	"freertos.c"
  12              		.text
  13              	.Ltext0:
  14              		.cfi_sections	.debug_frame
  15              		.section	.text.StartDefaultTask,"ax",%progbits
  16              		.align	1
  17              		.global	StartDefaultTask
  18              		.arch armv7-m
  19              		.syntax unified
  20              		.thumb
  21              		.thumb_func
  22              		.fpu softvfp
  24              	StartDefaultTask:
  25              	.LFB70:
  26              		.file 1 "../Core/Src/freertos.c"
   1:../Core/Src/freertos.c **** 
  27              		.loc 1 116 1 view -0
  28              		.cfi_startproc
  29              		@ Volatile: function does not return.
  30              		@ args = 0, pretend = 0, frame = 0
  31              		@ frame_needed = 0, uses_anonymous_args = 0
  32              	.LVL0:
  33              		.loc 1 116 1 is_stmt 0 view .LVU1
  34 0000 08B5     		push	{r3, lr}
  35              	.LCFI0:
  36              		.cfi_def_cfa_offset 8
  37              		.cfi_offset 3, -8
  38              		.cfi_offset 14, -4
  39              	.LVL1:
  40              	.L2:
  41              		.loc 1 119 3 is_stmt 1 discriminator 1 view .LVU2
  42              		.loc 1 121 5 discriminator 1 view .LVU3
  43 0002 4FF47A70 		mov	r0, #1000
  44 0006 014B     		ldr	r3, .L4
  45 0008 9847     		blx	r3
  46              	.LVL2:
  47              		.loc 1 119 8 discriminator 1 view .LVU4
  48 000a FAE7     		b	.L2
  49              	.L5:
  50              		.align	2
  51              	.L4:
  52 000c 00000000 		.word	vTaskDelay
  53              		.cfi_endproc
  54              	.LFE70:
  56              		.section	.rodata.MX_FREERTOS_Init.str1.4,"aMS",%progbits,1
  57              		.align	2
  58              	.LC0:
ARM GAS  C:\Users\Ika\AppData\Local\Temp\cc2lx2Wp.s 			page 2


  59 0000 53746172 		.ascii	"StartDefaultTask\000"
  59      74446566 
  59      61756C74 
  59      5461736B 
  59      00
  60              		.section	.text.MX_FREERTOS_Init,"ax",%progbits
  61              		.align	1
  62              		.global	MX_FREERTOS_Init
  63              		.syntax unified
  64              		.thumb
  65              		.thumb_func
  66              		.fpu softvfp
  68              	MX_FREERTOS_Init:
  69              	.LFB69:
  70              		.loc 1 73 29 view -0
  71              		.cfi_startproc
  72              		@ args = 0, pretend = 0, frame = 0
  73              		@ frame_needed = 0, uses_anonymous_args = 0
  74 0000 10B5     		push	{r4, lr}
  75              	.LCFI1:
  76              		.cfi_def_cfa_offset 8
  77              		.cfi_offset 4, -8
  78              		.cfi_offset 14, -4
  79 0002 82B0     		sub	sp, sp, #8
  80              	.LCFI2:
  81              		.cfi_def_cfa_offset 16
  82              		.loc 1 96 3 view .LVU6
  83 0004 0023     		movs	r3, #0
  84 0006 0193     		str	r3, [sp, #4]
  85 0008 0122     		movs	r2, #1
  86 000a 0092     		str	r2, [sp]
  87 000c 8022     		movs	r2, #128
  88 000e 0349     		ldr	r1, .L8
  89 0010 0348     		ldr	r0, .L8+4
  90 0012 044C     		ldr	r4, .L8+8
  91 0014 A047     		blx	r4
  92              	.LVL3:
  93              		.loc 1 106 1 is_stmt 0 view .LVU7
  94 0016 02B0     		add	sp, sp, #8
  95              	.LCFI3:
  96              		.cfi_def_cfa_offset 8
  97              		@ sp needed
  98 0018 10BD     		pop	{r4, pc}
  99              	.L9:
 100 001a 00BF     		.align	2
 101              	.L8:
 102 001c 00000000 		.word	.LC0
 103 0020 00000000 		.word	StartDefaultTask
 104 0024 00000000 		.word	xTaskCreate
 105              		.cfi_endproc
 106              	.LFE69:
 108              		.global	defaultTask_attributes
 109              		.section	.rodata.str1.4,"aMS",%progbits,1
 110              		.align	2
 111              	.LC1:
 112 0000 64656661 		.ascii	"defaultTask\000"
 112      756C7454 
ARM GAS  C:\Users\Ika\AppData\Local\Temp\cc2lx2Wp.s 			page 3


 112      61736B00 
 113              		.comm	defaultTaskHandle,4,4
 114              		.section	.rodata.defaultTask_attributes,"a"
 115              		.align	2
 118              	defaultTask_attributes:
 119 0000 00000000 		.word	.LC1
 120 0004 00000000 		.space	16
 120      00000000 
 120      00000000 
 120      00000000 
 121 0014 00020000 		.word	512
 122 0018 18000000 		.word	24
 123 001c 00000000 		.space	8
 123      00000000 
 124              		.text
 125              	.Letext0:
 126              		.file 2 "../c:\\users\\ika\\desktop\\gnu mcu\\arm-none-eabi-gcc-9.3.1-1.1\\arm-none-eabi\\include\
 127              		.file 3 "../c:\\users\\ika\\desktop\\gnu mcu\\arm-none-eabi-gcc-9.3.1-1.1\\arm-none-eabi\\include\
 128              		.file 4 "../Core/Inc/FreeRTOSConfig.h"
 129              		.file 5 "../Drivers/CMSIS/Include/core_cm3.h"
 130              		.file 6 "../Drivers/CMSIS/Device/ST/STM32F1xx/Include/system_stm32f1xx.h"
 131              		.file 7 "../Drivers/STM32F1xx_HAL_Driver/Inc/stm32f1xx_hal.h"
 132              		.file 8 "../Middlewares/Third_Party/FreeRTOS/Source/CMSIS_RTOS_V2/cmsis_os2.h"
 133              		.file 9 "../Middlewares/Third_Party/FreeRTOS/Source/include/task.h"
ARM GAS  C:\Users\Ika\AppData\Local\Temp\cc2lx2Wp.s 			page 4


DEFINED SYMBOLS
                            *ABS*:0000000000000000 freertos.c
C:\Users\Ika\AppData\Local\Temp\cc2lx2Wp.s:16     .text.StartDefaultTask:0000000000000000 $t
C:\Users\Ika\AppData\Local\Temp\cc2lx2Wp.s:24     .text.StartDefaultTask:0000000000000000 StartDefaultTask
C:\Users\Ika\AppData\Local\Temp\cc2lx2Wp.s:52     .text.StartDefaultTask:000000000000000c $d
C:\Users\Ika\AppData\Local\Temp\cc2lx2Wp.s:57     .rodata.MX_FREERTOS_Init.str1.4:0000000000000000 $d
C:\Users\Ika\AppData\Local\Temp\cc2lx2Wp.s:61     .text.MX_FREERTOS_Init:0000000000000000 $t
C:\Users\Ika\AppData\Local\Temp\cc2lx2Wp.s:68     .text.MX_FREERTOS_Init:0000000000000000 MX_FREERTOS_Init
C:\Users\Ika\AppData\Local\Temp\cc2lx2Wp.s:102    .text.MX_FREERTOS_Init:000000000000001c $d
C:\Users\Ika\AppData\Local\Temp\cc2lx2Wp.s:118    .rodata.defaultTask_attributes:0000000000000000 defaultTask_attributes
C:\Users\Ika\AppData\Local\Temp\cc2lx2Wp.s:110    .rodata.str1.4:0000000000000000 $d
                            *COM*:0000000000000004 defaultTaskHandle
C:\Users\Ika\AppData\Local\Temp\cc2lx2Wp.s:115    .rodata.defaultTask_attributes:0000000000000000 $d

UNDEFINED SYMBOLS
vTaskDelay
xTaskCreate
