ARM GAS  C:\Users\Ika\AppData\Local\Temp\cciFrxSB.s 			page 1


   1              		.cpu cortex-m3
   2              		.eabi_attribute 20, 1
   3              		.eabi_attribute 21, 1
   4              		.eabi_attribute 23, 3
   5              		.eabi_attribute 24, 1
   6              		.eabi_attribute 25, 1
   7              		.eabi_attribute 26, 1
   8              		.eabi_attribute 30, 1
   9              		.eabi_attribute 34, 1
  10              		.eabi_attribute 18, 4
  11              		.file	"gpio.c"
  12              		.text
  13              	.Ltext0:
  14              		.cfi_sections	.debug_frame
  15              		.section	.text.MX_GPIO_Init,"ax",%progbits
  16              		.align	1
  17              		.global	MX_GPIO_Init
  18              		.arch armv7-m
  19              		.syntax unified
  20              		.thumb
  21              		.thumb_func
  22              		.fpu softvfp
  24              	MX_GPIO_Init:
  25              	.LFB65:
  26              		.file 1 "../Core/Src/gpio.c"
   1:../Core/Src/gpio.c **** 
  27              		.loc 1 37 1 view -0
  28              		.cfi_startproc
  29              		@ args = 0, pretend = 0, frame = 24
  30              		@ frame_needed = 0, uses_anonymous_args = 0
  31 0000 70B5     		push	{r4, r5, r6, lr}
  32              	.LCFI0:
  33              		.cfi_def_cfa_offset 16
  34              		.cfi_offset 4, -16
  35              		.cfi_offset 5, -12
  36              		.cfi_offset 6, -8
  37              		.cfi_offset 14, -4
  38 0002 86B0     		sub	sp, sp, #24
  39              	.LCFI1:
  40              		.cfi_def_cfa_offset 40
  41              		.loc 1 39 3 view .LVU1
  42              		.loc 1 39 20 is_stmt 0 view .LVU2
  43 0004 0024     		movs	r4, #0
  44 0006 0294     		str	r4, [sp, #8]
  45 0008 0394     		str	r4, [sp, #12]
  46 000a 0494     		str	r4, [sp, #16]
  47 000c 0594     		str	r4, [sp, #20]
  48              		.loc 1 42 3 is_stmt 1 view .LVU3
  49              	.LBB2:
  50              		.loc 1 42 3 view .LVU4
  51              		.loc 1 42 3 view .LVU5
  52 000e 234B     		ldr	r3, .L3
  53 0010 9A69     		ldr	r2, [r3, #24]
  54 0012 42F01002 		orr	r2, r2, #16
  55 0016 9A61     		str	r2, [r3, #24]
  56              		.loc 1 42 3 view .LVU6
  57 0018 9A69     		ldr	r2, [r3, #24]
ARM GAS  C:\Users\Ika\AppData\Local\Temp\cciFrxSB.s 			page 2


  58 001a 02F01002 		and	r2, r2, #16
  59 001e 0092     		str	r2, [sp]
  60              		.loc 1 42 3 view .LVU7
  61 0020 009A     		ldr	r2, [sp]
  62              	.LBE2:
  63              		.loc 1 42 3 view .LVU8
  64              		.loc 1 43 3 view .LVU9
  65              	.LBB3:
  66              		.loc 1 43 3 view .LVU10
  67              		.loc 1 43 3 view .LVU11
  68 0022 9A69     		ldr	r2, [r3, #24]
  69 0024 42F00802 		orr	r2, r2, #8
  70 0028 9A61     		str	r2, [r3, #24]
  71              		.loc 1 43 3 view .LVU12
  72 002a 9B69     		ldr	r3, [r3, #24]
  73 002c 03F00803 		and	r3, r3, #8
  74 0030 0193     		str	r3, [sp, #4]
  75              		.loc 1 43 3 view .LVU13
  76 0032 019B     		ldr	r3, [sp, #4]
  77              	.LBE3:
  78              		.loc 1 43 3 view .LVU14
  79              		.loc 1 46 3 view .LVU15
  80 0034 1A4D     		ldr	r5, .L3+4
  81 0036 2246     		mov	r2, r4
  82 0038 0F21     		movs	r1, #15
  83 003a 2846     		mov	r0, r5
  84 003c 194B     		ldr	r3, .L3+8
  85 003e 9847     		blx	r3
  86              	.LVL0:
  87              		.loc 1 49 3 view .LVU16
  88              		.loc 1 49 23 is_stmt 0 view .LVU17
  89 0040 0F26     		movs	r6, #15
  90 0042 0296     		str	r6, [sp, #8]
  91              		.loc 1 50 3 is_stmt 1 view .LVU18
  92              		.loc 1 50 24 is_stmt 0 view .LVU19
  93 0044 0123     		movs	r3, #1
  94 0046 0393     		str	r3, [sp, #12]
  95              		.loc 1 51 3 is_stmt 1 view .LVU20
  96              		.loc 1 51 24 is_stmt 0 view .LVU21
  97 0048 0223     		movs	r3, #2
  98 004a 0493     		str	r3, [sp, #16]
  99              		.loc 1 52 3 is_stmt 1 view .LVU22
 100              		.loc 1 52 25 is_stmt 0 view .LVU23
 101 004c 0593     		str	r3, [sp, #20]
 102              		.loc 1 53 3 is_stmt 1 view .LVU24
 103 004e 02A9     		add	r1, sp, #8
 104 0050 2846     		mov	r0, r5
 105 0052 154D     		ldr	r5, .L3+12
 106 0054 A847     		blx	r5
 107              	.LVL1:
 108              		.loc 1 56 3 view .LVU25
 109              		.loc 1 56 23 is_stmt 0 view .LVU26
 110 0056 0296     		str	r6, [sp, #8]
 111              		.loc 1 57 3 is_stmt 1 view .LVU27
 112              		.loc 1 57 24 is_stmt 0 view .LVU28
 113 0058 144B     		ldr	r3, .L3+16
 114 005a 0393     		str	r3, [sp, #12]
ARM GAS  C:\Users\Ika\AppData\Local\Temp\cciFrxSB.s 			page 3


 115              		.loc 1 58 3 is_stmt 1 view .LVU29
 116              		.loc 1 58 24 is_stmt 0 view .LVU30
 117 005c 0494     		str	r4, [sp, #16]
 118              		.loc 1 59 3 is_stmt 1 view .LVU31
 119 005e 02A9     		add	r1, sp, #8
 120 0060 1348     		ldr	r0, .L3+20
 121 0062 A847     		blx	r5
 122              	.LVL2:
 123              		.loc 1 62 3 view .LVU32
 124 0064 2246     		mov	r2, r4
 125 0066 0521     		movs	r1, #5
 126 0068 0620     		movs	r0, #6
 127 006a 124E     		ldr	r6, .L3+24
 128 006c B047     		blx	r6
 129              	.LVL3:
 130              		.loc 1 63 3 view .LVU33
 131 006e 0620     		movs	r0, #6
 132 0070 114D     		ldr	r5, .L3+28
 133 0072 A847     		blx	r5
 134              	.LVL4:
 135              		.loc 1 65 3 view .LVU34
 136 0074 2246     		mov	r2, r4
 137 0076 0521     		movs	r1, #5
 138 0078 0720     		movs	r0, #7
 139 007a B047     		blx	r6
 140              	.LVL5:
 141              		.loc 1 66 3 view .LVU35
 142 007c 0720     		movs	r0, #7
 143 007e A847     		blx	r5
 144              	.LVL6:
 145              		.loc 1 68 3 view .LVU36
 146 0080 2246     		mov	r2, r4
 147 0082 0521     		movs	r1, #5
 148 0084 0820     		movs	r0, #8
 149 0086 B047     		blx	r6
 150              	.LVL7:
 151              		.loc 1 69 3 view .LVU37
 152 0088 0820     		movs	r0, #8
 153 008a A847     		blx	r5
 154              	.LVL8:
 155              		.loc 1 71 3 view .LVU38
 156 008c 2246     		mov	r2, r4
 157 008e 0521     		movs	r1, #5
 158 0090 0920     		movs	r0, #9
 159 0092 B047     		blx	r6
 160              	.LVL9:
 161              		.loc 1 72 3 view .LVU39
 162 0094 0920     		movs	r0, #9
 163 0096 A847     		blx	r5
 164              	.LVL10:
 165              		.loc 1 74 1 is_stmt 0 view .LVU40
 166 0098 06B0     		add	sp, sp, #24
 167              	.LCFI2:
 168              		.cfi_def_cfa_offset 16
 169              		@ sp needed
 170 009a 70BD     		pop	{r4, r5, r6, pc}
 171              	.L4:
ARM GAS  C:\Users\Ika\AppData\Local\Temp\cciFrxSB.s 			page 4


 172              		.align	2
 173              	.L3:
 174 009c 00100240 		.word	1073876992
 175 00a0 00100140 		.word	1073811456
 176 00a4 00000000 		.word	HAL_GPIO_WritePin
 177 00a8 00000000 		.word	HAL_GPIO_Init
 178 00ac 00001110 		.word	269549568
 179 00b0 000C0140 		.word	1073810432
 180 00b4 00000000 		.word	HAL_NVIC_SetPriority
 181 00b8 00000000 		.word	HAL_NVIC_EnableIRQ
 182              		.cfi_endproc
 183              	.LFE65:
 185              		.text
 186              	.Letext0:
 187              		.file 2 "../c:\\users\\ika\\desktop\\gnu mcu\\arm-none-eabi-gcc-9.3.1-1.1\\arm-none-eabi\\include\
 188              		.file 3 "../c:\\users\\ika\\desktop\\gnu mcu\\arm-none-eabi-gcc-9.3.1-1.1\\arm-none-eabi\\include\
 189              		.file 4 "../Drivers/CMSIS/Include/core_cm3.h"
 190              		.file 5 "../Drivers/CMSIS/Device/ST/STM32F1xx/Include/system_stm32f1xx.h"
 191              		.file 6 "../Drivers/CMSIS/Device/ST/STM32F1xx/Include/stm32f103x6.h"
 192              		.file 7 "../Drivers/STM32F1xx_HAL_Driver/Inc/stm32f1xx_hal_gpio.h"
 193              		.file 8 "../Drivers/STM32F1xx_HAL_Driver/Inc/stm32f1xx_hal.h"
 194              		.file 9 "../Drivers/STM32F1xx_HAL_Driver/Inc/stm32f1xx_hal_cortex.h"
ARM GAS  C:\Users\Ika\AppData\Local\Temp\cciFrxSB.s 			page 5


DEFINED SYMBOLS
                            *ABS*:0000000000000000 gpio.c
C:\Users\Ika\AppData\Local\Temp\cciFrxSB.s:16     .text.MX_GPIO_Init:0000000000000000 $t
C:\Users\Ika\AppData\Local\Temp\cciFrxSB.s:24     .text.MX_GPIO_Init:0000000000000000 MX_GPIO_Init
C:\Users\Ika\AppData\Local\Temp\cciFrxSB.s:174    .text.MX_GPIO_Init:000000000000009c $d

UNDEFINED SYMBOLS
HAL_GPIO_WritePin
HAL_GPIO_Init
HAL_NVIC_SetPriority
HAL_NVIC_EnableIRQ
