ARM GAS  C:\Users\Ika\AppData\Local\Temp\ccLrZV2c.s 			page 1


   1              		.cpu cortex-m3
   2              		.eabi_attribute 20, 1
   3              		.eabi_attribute 21, 1
   4              		.eabi_attribute 23, 3
   5              		.eabi_attribute 24, 1
   6              		.eabi_attribute 25, 1
   7              		.eabi_attribute 26, 1
   8              		.eabi_attribute 30, 1
   9              		.eabi_attribute 34, 1
  10              		.eabi_attribute 18, 4
  11              		.file	"stm32f1xx_it.c"
  12              		.text
  13              	.Ltext0:
  14              		.cfi_sections	.debug_frame
  15              		.section	.text.NMI_Handler,"ax",%progbits
  16              		.align	1
  17              		.global	NMI_Handler
  18              		.arch armv7-m
  19              		.syntax unified
  20              		.thumb
  21              		.thumb_func
  22              		.fpu softvfp
  24              	NMI_Handler:
  25              	.LFB65:
  26              		.file 1 "../Core/Src/stm32f1xx_it.c"
   1:../Core/Src/stm32f1xx_it.c **** 
  27              		.loc 1 72 1 view -0
  28              		.cfi_startproc
  29              		@ Volatile: function does not return.
  30              		@ args = 0, pretend = 0, frame = 0
  31              		@ frame_needed = 0, uses_anonymous_args = 0
  32              		@ link register save eliminated.
  33              	.L2:
  34              		.loc 1 77 3 discriminator 1 view .LVU1
  35              		.loc 1 79 3 discriminator 1 view .LVU2
  36              		.loc 1 77 9 discriminator 1 view .LVU3
  37 0000 FEE7     		b	.L2
  38              		.cfi_endproc
  39              	.LFE65:
  41              		.section	.text.HardFault_Handler,"ax",%progbits
  42              		.align	1
  43              		.global	HardFault_Handler
  44              		.syntax unified
  45              		.thumb
  46              		.thumb_func
  47              		.fpu softvfp
  49              	HardFault_Handler:
  50              	.LFB66:
  51              		.loc 1 87 1 view -0
  52              		.cfi_startproc
  53              		@ Volatile: function does not return.
  54              		@ args = 0, pretend = 0, frame = 0
  55              		@ frame_needed = 0, uses_anonymous_args = 0
  56              		@ link register save eliminated.
  57              	.L4:
  58              		.loc 1 91 3 discriminator 1 view .LVU5
  59              		.loc 1 95 3 discriminator 1 view .LVU6
ARM GAS  C:\Users\Ika\AppData\Local\Temp\ccLrZV2c.s 			page 2


  60              		.loc 1 91 9 discriminator 1 view .LVU7
  61 0000 FEE7     		b	.L4
  62              		.cfi_endproc
  63              	.LFE66:
  65              		.section	.text.MemManage_Handler,"ax",%progbits
  66              		.align	1
  67              		.global	MemManage_Handler
  68              		.syntax unified
  69              		.thumb
  70              		.thumb_func
  71              		.fpu softvfp
  73              	MemManage_Handler:
  74              	.LFB67:
  75              		.loc 1 102 1 view -0
  76              		.cfi_startproc
  77              		@ Volatile: function does not return.
  78              		@ args = 0, pretend = 0, frame = 0
  79              		@ frame_needed = 0, uses_anonymous_args = 0
  80              		@ link register save eliminated.
  81              	.L6:
  82              		.loc 1 106 3 discriminator 1 view .LVU9
  83              		.loc 1 110 3 discriminator 1 view .LVU10
  84              		.loc 1 106 9 discriminator 1 view .LVU11
  85 0000 FEE7     		b	.L6
  86              		.cfi_endproc
  87              	.LFE67:
  89              		.section	.text.BusFault_Handler,"ax",%progbits
  90              		.align	1
  91              		.global	BusFault_Handler
  92              		.syntax unified
  93              		.thumb
  94              		.thumb_func
  95              		.fpu softvfp
  97              	BusFault_Handler:
  98              	.LFB68:
  99              		.loc 1 117 1 view -0
 100              		.cfi_startproc
 101              		@ Volatile: function does not return.
 102              		@ args = 0, pretend = 0, frame = 0
 103              		@ frame_needed = 0, uses_anonymous_args = 0
 104              		@ link register save eliminated.
 105              	.L8:
 106              		.loc 1 121 3 discriminator 1 view .LVU13
 107              		.loc 1 125 3 discriminator 1 view .LVU14
 108              		.loc 1 121 9 discriminator 1 view .LVU15
 109 0000 FEE7     		b	.L8
 110              		.cfi_endproc
 111              	.LFE68:
 113              		.section	.text.UsageFault_Handler,"ax",%progbits
 114              		.align	1
 115              		.global	UsageFault_Handler
 116              		.syntax unified
 117              		.thumb
 118              		.thumb_func
 119              		.fpu softvfp
 121              	UsageFault_Handler:
 122              	.LFB69:
ARM GAS  C:\Users\Ika\AppData\Local\Temp\ccLrZV2c.s 			page 3


 123              		.loc 1 132 1 view -0
 124              		.cfi_startproc
 125              		@ Volatile: function does not return.
 126              		@ args = 0, pretend = 0, frame = 0
 127              		@ frame_needed = 0, uses_anonymous_args = 0
 128              		@ link register save eliminated.
 129              	.L10:
 130              		.loc 1 136 3 discriminator 1 view .LVU17
 131              		.loc 1 140 3 discriminator 1 view .LVU18
 132              		.loc 1 136 9 discriminator 1 view .LVU19
 133 0000 FEE7     		b	.L10
 134              		.cfi_endproc
 135              	.LFE69:
 137              		.section	.text.DebugMon_Handler,"ax",%progbits
 138              		.align	1
 139              		.global	DebugMon_Handler
 140              		.syntax unified
 141              		.thumb
 142              		.thumb_func
 143              		.fpu softvfp
 145              	DebugMon_Handler:
 146              	.LFB70:
 147              		.loc 1 147 1 view -0
 148              		.cfi_startproc
 149              		@ args = 0, pretend = 0, frame = 0
 150              		@ frame_needed = 0, uses_anonymous_args = 0
 151              		@ link register save eliminated.
 152              		.loc 1 154 1 view .LVU21
 153 0000 7047     		bx	lr
 154              		.cfi_endproc
 155              	.LFE70:
 157              		.section	.text.EXTI0_IRQHandler,"ax",%progbits
 158              		.align	1
 159              		.global	EXTI0_IRQHandler
 160              		.syntax unified
 161              		.thumb
 162              		.thumb_func
 163              		.fpu softvfp
 165              	EXTI0_IRQHandler:
 166              	.LFB71:
 167              		.loc 1 167 1 view -0
 168              		.cfi_startproc
 169              		@ args = 0, pretend = 0, frame = 0
 170              		@ frame_needed = 0, uses_anonymous_args = 0
 171 0000 08B5     		push	{r3, lr}
 172              	.LCFI0:
 173              		.cfi_def_cfa_offset 8
 174              		.cfi_offset 3, -8
 175              		.cfi_offset 14, -4
 176              		.loc 1 171 3 view .LVU23
 177 0002 0120     		movs	r0, #1
 178 0004 014B     		ldr	r3, .L14
 179 0006 9847     		blx	r3
 180              	.LVL0:
 181              		.loc 1 175 1 is_stmt 0 view .LVU24
 182 0008 08BD     		pop	{r3, pc}
 183              	.L15:
ARM GAS  C:\Users\Ika\AppData\Local\Temp\ccLrZV2c.s 			page 4


 184 000a 00BF     		.align	2
 185              	.L14:
 186 000c 00000000 		.word	HAL_GPIO_EXTI_IRQHandler
 187              		.cfi_endproc
 188              	.LFE71:
 190              		.section	.text.EXTI1_IRQHandler,"ax",%progbits
 191              		.align	1
 192              		.global	EXTI1_IRQHandler
 193              		.syntax unified
 194              		.thumb
 195              		.thumb_func
 196              		.fpu softvfp
 198              	EXTI1_IRQHandler:
 199              	.LFB72:
 200              		.loc 1 181 1 is_stmt 1 view -0
 201              		.cfi_startproc
 202              		@ args = 0, pretend = 0, frame = 0
 203              		@ frame_needed = 0, uses_anonymous_args = 0
 204 0000 08B5     		push	{r3, lr}
 205              	.LCFI1:
 206              		.cfi_def_cfa_offset 8
 207              		.cfi_offset 3, -8
 208              		.cfi_offset 14, -4
 209              		.loc 1 185 3 view .LVU26
 210 0002 0220     		movs	r0, #2
 211 0004 014B     		ldr	r3, .L18
 212 0006 9847     		blx	r3
 213              	.LVL1:
 214              		.loc 1 189 1 is_stmt 0 view .LVU27
 215 0008 08BD     		pop	{r3, pc}
 216              	.L19:
 217 000a 00BF     		.align	2
 218              	.L18:
 219 000c 00000000 		.word	HAL_GPIO_EXTI_IRQHandler
 220              		.cfi_endproc
 221              	.LFE72:
 223              		.section	.text.EXTI2_IRQHandler,"ax",%progbits
 224              		.align	1
 225              		.global	EXTI2_IRQHandler
 226              		.syntax unified
 227              		.thumb
 228              		.thumb_func
 229              		.fpu softvfp
 231              	EXTI2_IRQHandler:
 232              	.LFB73:
 233              		.loc 1 195 1 is_stmt 1 view -0
 234              		.cfi_startproc
 235              		@ args = 0, pretend = 0, frame = 0
 236              		@ frame_needed = 0, uses_anonymous_args = 0
 237 0000 08B5     		push	{r3, lr}
 238              	.LCFI2:
 239              		.cfi_def_cfa_offset 8
 240              		.cfi_offset 3, -8
 241              		.cfi_offset 14, -4
 242              		.loc 1 199 3 view .LVU29
 243 0002 0420     		movs	r0, #4
 244 0004 014B     		ldr	r3, .L22
ARM GAS  C:\Users\Ika\AppData\Local\Temp\ccLrZV2c.s 			page 5


 245 0006 9847     		blx	r3
 246              	.LVL2:
 247              		.loc 1 203 1 is_stmt 0 view .LVU30
 248 0008 08BD     		pop	{r3, pc}
 249              	.L23:
 250 000a 00BF     		.align	2
 251              	.L22:
 252 000c 00000000 		.word	HAL_GPIO_EXTI_IRQHandler
 253              		.cfi_endproc
 254              	.LFE73:
 256              		.section	.text.EXTI3_IRQHandler,"ax",%progbits
 257              		.align	1
 258              		.global	EXTI3_IRQHandler
 259              		.syntax unified
 260              		.thumb
 261              		.thumb_func
 262              		.fpu softvfp
 264              	EXTI3_IRQHandler:
 265              	.LFB74:
 266              		.loc 1 209 1 is_stmt 1 view -0
 267              		.cfi_startproc
 268              		@ args = 0, pretend = 0, frame = 0
 269              		@ frame_needed = 0, uses_anonymous_args = 0
 270 0000 08B5     		push	{r3, lr}
 271              	.LCFI3:
 272              		.cfi_def_cfa_offset 8
 273              		.cfi_offset 3, -8
 274              		.cfi_offset 14, -4
 275              		.loc 1 213 3 view .LVU32
 276 0002 0820     		movs	r0, #8
 277 0004 014B     		ldr	r3, .L26
 278 0006 9847     		blx	r3
 279              	.LVL3:
 280              		.loc 1 217 1 is_stmt 0 view .LVU33
 281 0008 08BD     		pop	{r3, pc}
 282              	.L27:
 283 000a 00BF     		.align	2
 284              	.L26:
 285 000c 00000000 		.word	HAL_GPIO_EXTI_IRQHandler
 286              		.cfi_endproc
 287              	.LFE74:
 289              		.section	.text.TIM1_UP_IRQHandler,"ax",%progbits
 290              		.align	1
 291              		.global	TIM1_UP_IRQHandler
 292              		.syntax unified
 293              		.thumb
 294              		.thumb_func
 295              		.fpu softvfp
 297              	TIM1_UP_IRQHandler:
 298              	.LFB75:
 299              		.loc 1 223 1 is_stmt 1 view -0
 300              		.cfi_startproc
 301              		@ args = 0, pretend = 0, frame = 0
 302              		@ frame_needed = 0, uses_anonymous_args = 0
 303 0000 08B5     		push	{r3, lr}
 304              	.LCFI4:
 305              		.cfi_def_cfa_offset 8
ARM GAS  C:\Users\Ika\AppData\Local\Temp\ccLrZV2c.s 			page 6


 306              		.cfi_offset 3, -8
 307              		.cfi_offset 14, -4
 308              		.loc 1 227 3 view .LVU35
 309 0002 0248     		ldr	r0, .L30
 310 0004 024B     		ldr	r3, .L30+4
 311 0006 9847     		blx	r3
 312              	.LVL4:
 313              		.loc 1 231 1 is_stmt 0 view .LVU36
 314 0008 08BD     		pop	{r3, pc}
 315              	.L31:
 316 000a 00BF     		.align	2
 317              	.L30:
 318 000c 00000000 		.word	htim1
 319 0010 00000000 		.word	HAL_TIM_IRQHandler
 320              		.cfi_endproc
 321              	.LFE75:
 323              		.text
 324              	.Letext0:
 325              		.file 2 "../c:\\users\\ika\\desktop\\gnu mcu\\arm-none-eabi-gcc-9.3.1-1.1\\arm-none-eabi\\include\
 326              		.file 3 "../c:\\users\\ika\\desktop\\gnu mcu\\arm-none-eabi-gcc-9.3.1-1.1\\arm-none-eabi\\include\
 327              		.file 4 "../Drivers/CMSIS/Include/core_cm3.h"
 328              		.file 5 "../Drivers/CMSIS/Device/ST/STM32F1xx/Include/system_stm32f1xx.h"
 329              		.file 6 "../Drivers/CMSIS/Device/ST/STM32F1xx/Include/stm32f103x6.h"
 330              		.file 7 "../Drivers/STM32F1xx_HAL_Driver/Inc/stm32f1xx_hal_def.h"
 331              		.file 8 "../Drivers/STM32F1xx_HAL_Driver/Inc/stm32f1xx_hal_dma.h"
 332              		.file 9 "../Drivers/STM32F1xx_HAL_Driver/Inc/stm32f1xx_hal_tim.h"
 333              		.file 10 "../Drivers/STM32F1xx_HAL_Driver/Inc/stm32f1xx_hal.h"
 334              		.file 11 "../Drivers/STM32F1xx_HAL_Driver/Inc/stm32f1xx_hal_gpio.h"
ARM GAS  C:\Users\Ika\AppData\Local\Temp\ccLrZV2c.s 			page 7


DEFINED SYMBOLS
                            *ABS*:0000000000000000 stm32f1xx_it.c
C:\Users\Ika\AppData\Local\Temp\ccLrZV2c.s:16     .text.NMI_Handler:0000000000000000 $t
C:\Users\Ika\AppData\Local\Temp\ccLrZV2c.s:24     .text.NMI_Handler:0000000000000000 NMI_Handler
C:\Users\Ika\AppData\Local\Temp\ccLrZV2c.s:42     .text.HardFault_Handler:0000000000000000 $t
C:\Users\Ika\AppData\Local\Temp\ccLrZV2c.s:49     .text.HardFault_Handler:0000000000000000 HardFault_Handler
C:\Users\Ika\AppData\Local\Temp\ccLrZV2c.s:66     .text.MemManage_Handler:0000000000000000 $t
C:\Users\Ika\AppData\Local\Temp\ccLrZV2c.s:73     .text.MemManage_Handler:0000000000000000 MemManage_Handler
C:\Users\Ika\AppData\Local\Temp\ccLrZV2c.s:90     .text.BusFault_Handler:0000000000000000 $t
C:\Users\Ika\AppData\Local\Temp\ccLrZV2c.s:97     .text.BusFault_Handler:0000000000000000 BusFault_Handler
C:\Users\Ika\AppData\Local\Temp\ccLrZV2c.s:114    .text.UsageFault_Handler:0000000000000000 $t
C:\Users\Ika\AppData\Local\Temp\ccLrZV2c.s:121    .text.UsageFault_Handler:0000000000000000 UsageFault_Handler
C:\Users\Ika\AppData\Local\Temp\ccLrZV2c.s:138    .text.DebugMon_Handler:0000000000000000 $t
C:\Users\Ika\AppData\Local\Temp\ccLrZV2c.s:145    .text.DebugMon_Handler:0000000000000000 DebugMon_Handler
C:\Users\Ika\AppData\Local\Temp\ccLrZV2c.s:158    .text.EXTI0_IRQHandler:0000000000000000 $t
C:\Users\Ika\AppData\Local\Temp\ccLrZV2c.s:165    .text.EXTI0_IRQHandler:0000000000000000 EXTI0_IRQHandler
C:\Users\Ika\AppData\Local\Temp\ccLrZV2c.s:186    .text.EXTI0_IRQHandler:000000000000000c $d
C:\Users\Ika\AppData\Local\Temp\ccLrZV2c.s:191    .text.EXTI1_IRQHandler:0000000000000000 $t
C:\Users\Ika\AppData\Local\Temp\ccLrZV2c.s:198    .text.EXTI1_IRQHandler:0000000000000000 EXTI1_IRQHandler
C:\Users\Ika\AppData\Local\Temp\ccLrZV2c.s:219    .text.EXTI1_IRQHandler:000000000000000c $d
C:\Users\Ika\AppData\Local\Temp\ccLrZV2c.s:224    .text.EXTI2_IRQHandler:0000000000000000 $t
C:\Users\Ika\AppData\Local\Temp\ccLrZV2c.s:231    .text.EXTI2_IRQHandler:0000000000000000 EXTI2_IRQHandler
C:\Users\Ika\AppData\Local\Temp\ccLrZV2c.s:252    .text.EXTI2_IRQHandler:000000000000000c $d
C:\Users\Ika\AppData\Local\Temp\ccLrZV2c.s:257    .text.EXTI3_IRQHandler:0000000000000000 $t
C:\Users\Ika\AppData\Local\Temp\ccLrZV2c.s:264    .text.EXTI3_IRQHandler:0000000000000000 EXTI3_IRQHandler
C:\Users\Ika\AppData\Local\Temp\ccLrZV2c.s:285    .text.EXTI3_IRQHandler:000000000000000c $d
C:\Users\Ika\AppData\Local\Temp\ccLrZV2c.s:290    .text.TIM1_UP_IRQHandler:0000000000000000 $t
C:\Users\Ika\AppData\Local\Temp\ccLrZV2c.s:297    .text.TIM1_UP_IRQHandler:0000000000000000 TIM1_UP_IRQHandler
C:\Users\Ika\AppData\Local\Temp\ccLrZV2c.s:318    .text.TIM1_UP_IRQHandler:000000000000000c $d

UNDEFINED SYMBOLS
HAL_GPIO_EXTI_IRQHandler
htim1
HAL_TIM_IRQHandler
