ARM GAS  C:\Users\Ika\AppData\Local\Temp\ccKSNZ46.s 			page 1


   1              		.cpu cortex-m3
   2              		.eabi_attribute 20, 1
   3              		.eabi_attribute 21, 1
   4              		.eabi_attribute 23, 3
   5              		.eabi_attribute 24, 1
   6              		.eabi_attribute 25, 1
   7              		.eabi_attribute 26, 1
   8              		.eabi_attribute 30, 1
   9              		.eabi_attribute 34, 1
  10              		.eabi_attribute 18, 4
  11              		.file	"gpio.c"
  12              		.text
  13              	.Ltext0:
  14              		.cfi_sections	.debug_frame
  15              		.section	.text.MX_GPIO_Init,"ax",%progbits
  16              		.align	1
  17              		.global	MX_GPIO_Init
  18              		.arch armv7-m
  19              		.syntax unified
  20              		.thumb
  21              		.thumb_func
  22              		.fpu softvfp
  24              	MX_GPIO_Init:
  25              	.LFB65:
  26              		.file 1 "../Core/Src/gpio.c"
   1:../Core/Src/gpio.c **** 
  27              		.loc 1 36 1 view -0
  28              		.cfi_startproc
  29              		@ args = 0, pretend = 0, frame = 24
  30              		@ frame_needed = 0, uses_anonymous_args = 0
  31 0000 2DE9F041 		push	{r4, r5, r6, r7, r8, lr}
  32              	.LCFI0:
  33              		.cfi_def_cfa_offset 24
  34              		.cfi_offset 4, -24
  35              		.cfi_offset 5, -20
  36              		.cfi_offset 6, -16
  37              		.cfi_offset 7, -12
  38              		.cfi_offset 8, -8
  39              		.cfi_offset 14, -4
  40 0004 86B0     		sub	sp, sp, #24
  41              	.LCFI1:
  42              		.cfi_def_cfa_offset 48
  43              		.loc 1 38 3 view .LVU1
  44              		.loc 1 38 20 is_stmt 0 view .LVU2
  45 0006 0024     		movs	r4, #0
  46 0008 0294     		str	r4, [sp, #8]
  47 000a 0394     		str	r4, [sp, #12]
  48 000c 0494     		str	r4, [sp, #16]
  49 000e 0594     		str	r4, [sp, #20]
  50              		.loc 1 41 3 is_stmt 1 view .LVU3
  51              	.LBB2:
  52              		.loc 1 41 3 view .LVU4
  53              		.loc 1 41 3 view .LVU5
  54 0010 254B     		ldr	r3, .L3
  55 0012 9A69     		ldr	r2, [r3, #24]
  56 0014 42F01002 		orr	r2, r2, #16
  57 0018 9A61     		str	r2, [r3, #24]
ARM GAS  C:\Users\Ika\AppData\Local\Temp\ccKSNZ46.s 			page 2


  58              		.loc 1 41 3 view .LVU6
  59 001a 9A69     		ldr	r2, [r3, #24]
  60 001c 02F01002 		and	r2, r2, #16
  61 0020 0092     		str	r2, [sp]
  62              		.loc 1 41 3 view .LVU7
  63 0022 009A     		ldr	r2, [sp]
  64              	.LBE2:
  65              		.loc 1 41 3 view .LVU8
  66              		.loc 1 42 3 view .LVU9
  67              	.LBB3:
  68              		.loc 1 42 3 view .LVU10
  69              		.loc 1 42 3 view .LVU11
  70 0024 9A69     		ldr	r2, [r3, #24]
  71 0026 42F00802 		orr	r2, r2, #8
  72 002a 9A61     		str	r2, [r3, #24]
  73              		.loc 1 42 3 view .LVU12
  74 002c 9B69     		ldr	r3, [r3, #24]
  75 002e 03F00803 		and	r3, r3, #8
  76 0032 0193     		str	r3, [sp, #4]
  77              		.loc 1 42 3 view .LVU13
  78 0034 019B     		ldr	r3, [sp, #4]
  79              	.LBE3:
  80              		.loc 1 42 3 view .LVU14
  81              		.loc 1 45 3 view .LVU15
  82 0036 DFF87C80 		ldr	r8, .L3+12
  83 003a 2246     		mov	r2, r4
  84 003c 40F6FF71 		movw	r1, #4095
  85 0040 4046     		mov	r0, r8
  86 0042 FFF7FEFF 		bl	HAL_GPIO_WritePin
  87              	.LVL0:
  88              		.loc 1 50 3 view .LVU16
  89 0046 194E     		ldr	r6, .L3+4
  90 0048 2246     		mov	r2, r4
  91 004a 0B21     		movs	r1, #11
  92 004c 3046     		mov	r0, r6
  93 004e FFF7FEFF 		bl	HAL_GPIO_WritePin
  94              	.LVL1:
  95              		.loc 1 55 3 view .LVU17
  96              		.loc 1 55 23 is_stmt 0 view .LVU18
  97 0052 40F6FF73 		movw	r3, #4095
  98 0056 0293     		str	r3, [sp, #8]
  99              		.loc 1 58 3 is_stmt 1 view .LVU19
 100              		.loc 1 58 24 is_stmt 0 view .LVU20
 101 0058 0125     		movs	r5, #1
 102 005a 0395     		str	r5, [sp, #12]
 103              		.loc 1 59 3 is_stmt 1 view .LVU21
 104              		.loc 1 59 24 is_stmt 0 view .LVU22
 105 005c 0495     		str	r5, [sp, #16]
 106              		.loc 1 60 3 is_stmt 1 view .LVU23
 107              		.loc 1 60 25 is_stmt 0 view .LVU24
 108 005e 0227     		movs	r7, #2
 109 0060 0597     		str	r7, [sp, #20]
 110              		.loc 1 61 3 is_stmt 1 view .LVU25
 111 0062 02A9     		add	r1, sp, #8
 112 0064 4046     		mov	r0, r8
 113 0066 FFF7FEFF 		bl	HAL_GPIO_Init
 114              	.LVL2:
ARM GAS  C:\Users\Ika\AppData\Local\Temp\ccKSNZ46.s 			page 3


 115              		.loc 1 64 3 view .LVU26
 116              		.loc 1 64 23 is_stmt 0 view .LVU27
 117 006a 0B23     		movs	r3, #11
 118 006c 0293     		str	r3, [sp, #8]
 119              		.loc 1 65 3 is_stmt 1 view .LVU28
 120              		.loc 1 65 24 is_stmt 0 view .LVU29
 121 006e 0395     		str	r5, [sp, #12]
 122              		.loc 1 66 3 is_stmt 1 view .LVU30
 123              		.loc 1 66 24 is_stmt 0 view .LVU31
 124 0070 0495     		str	r5, [sp, #16]
 125              		.loc 1 67 3 is_stmt 1 view .LVU32
 126              		.loc 1 67 25 is_stmt 0 view .LVU33
 127 0072 0597     		str	r7, [sp, #20]
 128              		.loc 1 68 3 is_stmt 1 view .LVU34
 129 0074 02A9     		add	r1, sp, #8
 130 0076 3046     		mov	r0, r6
 131 0078 FFF7FEFF 		bl	HAL_GPIO_Init
 132              	.LVL3:
 133              		.loc 1 71 3 view .LVU35
 134              		.loc 1 71 23 is_stmt 0 view .LVU36
 135 007c 4FF40043 		mov	r3, #32768
 136 0080 0293     		str	r3, [sp, #8]
 137              		.loc 1 72 3 is_stmt 1 view .LVU37
 138              		.loc 1 72 24 is_stmt 0 view .LVU38
 139 0082 0B4B     		ldr	r3, .L3+8
 140 0084 0393     		str	r3, [sp, #12]
 141              		.loc 1 73 3 is_stmt 1 view .LVU39
 142              		.loc 1 73 24 is_stmt 0 view .LVU40
 143 0086 0495     		str	r5, [sp, #16]
 144              		.loc 1 74 3 is_stmt 1 view .LVU41
 145 0088 02A9     		add	r1, sp, #8
 146 008a 3046     		mov	r0, r6
 147 008c FFF7FEFF 		bl	HAL_GPIO_Init
 148              	.LVL4:
 149              		.loc 1 77 3 view .LVU42
 150 0090 2246     		mov	r2, r4
 151 0092 2146     		mov	r1, r4
 152 0094 2820     		movs	r0, #40
 153 0096 FFF7FEFF 		bl	HAL_NVIC_SetPriority
 154              	.LVL5:
 155              		.loc 1 78 3 view .LVU43
 156 009a 2820     		movs	r0, #40
 157 009c FFF7FEFF 		bl	HAL_NVIC_EnableIRQ
 158              	.LVL6:
 159              		.loc 1 80 1 is_stmt 0 view .LVU44
 160 00a0 06B0     		add	sp, sp, #24
 161              	.LCFI2:
 162              		.cfi_def_cfa_offset 24
 163              		@ sp needed
 164 00a2 BDE8F081 		pop	{r4, r5, r6, r7, r8, pc}
 165              	.L4:
 166 00a6 00BF     		.align	2
 167              	.L3:
 168 00a8 00100240 		.word	1073876992
 169 00ac 000C0140 		.word	1073810432
 170 00b0 00001110 		.word	269549568
 171 00b4 00100140 		.word	1073811456
ARM GAS  C:\Users\Ika\AppData\Local\Temp\ccKSNZ46.s 			page 4


 172              		.cfi_endproc
 173              	.LFE65:
 175              		.section	.text.HAL_GPIO_EXTI_Callback,"ax",%progbits
 176              		.align	1
 177              		.global	HAL_GPIO_EXTI_Callback
 178              		.syntax unified
 179              		.thumb
 180              		.thumb_func
 181              		.fpu softvfp
 183              	HAL_GPIO_EXTI_Callback:
 184              	.LVL7:
 185              	.LFB66:
 186              		.loc 1 83 47 is_stmt 1 view -0
 187              		.cfi_startproc
 188              		@ args = 0, pretend = 0, frame = 0
 189              		@ frame_needed = 0, uses_anonymous_args = 0
 190              		.loc 1 84 2 view .LVU46
 191 0000 B0F5004F 		cmp	r0, #32768
 192 0004 00D0     		beq	.L11
 193 0006 7047     		bx	lr
 194              	.L11:
 195              		.loc 1 83 47 is_stmt 0 view .LVU47
 196 0008 08B5     		push	{r3, lr}
 197              	.LCFI3:
 198              		.cfi_def_cfa_offset 8
 199              		.cfi_offset 3, -8
 200              		.cfi_offset 14, -4
 201              		.loc 1 86 5 is_stmt 1 view .LVU48
 202 000a 0821     		movs	r1, #8
 203 000c 0248     		ldr	r0, .L12
 204              	.LVL8:
 205              		.loc 1 86 5 is_stmt 0 view .LVU49
 206 000e FFF7FEFF 		bl	HAL_GPIO_TogglePin
 207              	.LVL9:
 208              		.loc 1 87 5 is_stmt 1 view .LVU50
 209 0012 FFF7FEFF 		bl	resetStoperice
 210              	.LVL10:
 211              		.loc 1 88 5 view .LVU51
 212              		.loc 1 90 1 is_stmt 0 view .LVU52
 213 0016 08BD     		pop	{r3, pc}
 214              	.L13:
 215              		.align	2
 216              	.L12:
 217 0018 000C0140 		.word	1073810432
 218              		.cfi_endproc
 219              	.LFE66:
 221              		.text
 222              	.Letext0:
 223              		.file 2 "../c:\\users\\ika\\desktop\\gnu mcu\\arm-none-eabi-gcc-9.3.1-1.1\\arm-none-eabi\\include\
 224              		.file 3 "../c:\\users\\ika\\desktop\\gnu mcu\\arm-none-eabi-gcc-9.3.1-1.1\\arm-none-eabi\\include\
 225              		.file 4 "../Drivers/CMSIS/Include/core_cm3.h"
 226              		.file 5 "../Drivers/CMSIS/Device/ST/STM32F1xx/Include/system_stm32f1xx.h"
 227              		.file 6 "../Drivers/CMSIS/Device/ST/STM32F1xx/Include/stm32f103x6.h"
 228              		.file 7 "../Drivers/STM32F1xx_HAL_Driver/Inc/stm32f1xx_hal_def.h"
 229              		.file 8 "../Drivers/STM32F1xx_HAL_Driver/Inc/stm32f1xx_hal_gpio.h"
 230              		.file 9 "../Drivers/STM32F1xx_HAL_Driver/Inc/stm32f1xx_hal_dma.h"
 231              		.file 10 "../Drivers/STM32F1xx_HAL_Driver/Inc/stm32f1xx_hal_tim.h"
ARM GAS  C:\Users\Ika\AppData\Local\Temp\ccKSNZ46.s 			page 5


 232              		.file 11 "../Drivers/STM32F1xx_HAL_Driver/Inc/stm32f1xx_hal.h"
 233              		.file 12 "../Core/Inc/tim.h"
 234              		.file 13 "../Core/Inc/casovnik.h"
 235              		.file 14 "../Drivers/STM32F1xx_HAL_Driver/Inc/stm32f1xx_hal_cortex.h"
ARM GAS  C:\Users\Ika\AppData\Local\Temp\ccKSNZ46.s 			page 6


DEFINED SYMBOLS
                            *ABS*:0000000000000000 gpio.c
C:\Users\Ika\AppData\Local\Temp\ccKSNZ46.s:16     .text.MX_GPIO_Init:0000000000000000 $t
C:\Users\Ika\AppData\Local\Temp\ccKSNZ46.s:24     .text.MX_GPIO_Init:0000000000000000 MX_GPIO_Init
C:\Users\Ika\AppData\Local\Temp\ccKSNZ46.s:168    .text.MX_GPIO_Init:00000000000000a8 $d
C:\Users\Ika\AppData\Local\Temp\ccKSNZ46.s:176    .text.HAL_GPIO_EXTI_Callback:0000000000000000 $t
C:\Users\Ika\AppData\Local\Temp\ccKSNZ46.s:183    .text.HAL_GPIO_EXTI_Callback:0000000000000000 HAL_GPIO_EXTI_Callback
C:\Users\Ika\AppData\Local\Temp\ccKSNZ46.s:217    .text.HAL_GPIO_EXTI_Callback:0000000000000018 $d

UNDEFINED SYMBOLS
HAL_GPIO_WritePin
HAL_GPIO_Init
HAL_NVIC_SetPriority
HAL_NVIC_EnableIRQ
HAL_GPIO_TogglePin
resetStoperice
