ARM GAS  C:\Users\Ika\AppData\Local\Temp\ccnGthta.s 			page 1


   1              		.cpu cortex-m3
   2              		.eabi_attribute 20, 1
   3              		.eabi_attribute 21, 1
   4              		.eabi_attribute 23, 3
   5              		.eabi_attribute 24, 1
   6              		.eabi_attribute 25, 1
   7              		.eabi_attribute 26, 1
   8              		.eabi_attribute 30, 1
   9              		.eabi_attribute 34, 1
  10              		.eabi_attribute 18, 4
  11              		.file	"stm32f1xx_hal_rcc.c"
  12              		.text
  13              	.Ltext0:
  14              		.cfi_sections	.debug_frame
  15              		.section	.text.RCC_Delay,"ax",%progbits
  16              		.align	1
  17              		.arch armv7-m
  18              		.syntax unified
  19              		.thumb
  20              		.thumb_func
  21              		.fpu softvfp
  23              	RCC_Delay:
  24              	.LVL0:
  25              	.LFB78:
  26              		.file 1 "../Drivers/STM32F1xx_HAL_Driver/Src/stm32f1xx_hal_rcc.c"
   1:../Drivers/STM32F1xx_HAL_Driver/Src/stm32f1xx_hal_rcc.c **** 
  27              		.loc 1 1366 1 view -0
  28              		.cfi_startproc
  29              		@ args = 0, pretend = 0, frame = 8
  30              		@ frame_needed = 0, uses_anonymous_args = 0
  31              		@ link register save eliminated.
  32              		.loc 1 1366 1 is_stmt 0 view .LVU1
  33 0000 82B0     		sub	sp, sp, #8
  34              	.LCFI0:
  35              		.cfi_def_cfa_offset 8
  36              		.loc 1 1367 3 is_stmt 1 view .LVU2
  37              		.loc 1 1367 56 is_stmt 0 view .LVU3
  38 0002 084B     		ldr	r3, .L4
  39 0004 1B68     		ldr	r3, [r3]
  40 0006 084A     		ldr	r2, .L4+4
  41 0008 A2FB0323 		umull	r2, r3, r2, r3
  42 000c 5B0A     		lsrs	r3, r3, #9
  43              		.loc 1 1367 32 view .LVU4
  44 000e 00FB03F3 		mul	r3, r0, r3
  45              		.loc 1 1367 17 view .LVU5
  46 0012 0193     		str	r3, [sp, #4]
  47              	.L2:
  48              		.loc 1 1368 3 is_stmt 1 discriminator 1 view .LVU6
  49              		.loc 1 1370 5 discriminator 1 view .LVU7
  50              		.syntax unified
  51              	@ 1370 "Drivers/STM32F1xx_HAL_Driver/Src/stm32f1xx_hal_rcc.c" 1
  52 0014 00BF     		nop
  53              	@ 0 "" 2
  54              		.loc 1 1372 9 discriminator 1 view .LVU8
  55              		.loc 1 1372 16 is_stmt 0 discriminator 1 view .LVU9
  56              		.thumb
  57              		.syntax unified
ARM GAS  C:\Users\Ika\AppData\Local\Temp\ccnGthta.s 			page 2


  58 0016 019B     		ldr	r3, [sp, #4]
  59 0018 5A1E     		subs	r2, r3, #1
  60 001a 0192     		str	r2, [sp, #4]
  61              		.loc 1 1372 3 discriminator 1 view .LVU10
  62 001c 002B     		cmp	r3, #0
  63 001e F9D1     		bne	.L2
  64              		.loc 1 1373 1 view .LVU11
  65 0020 02B0     		add	sp, sp, #8
  66              	.LCFI1:
  67              		.cfi_def_cfa_offset 0
  68              		@ sp needed
  69 0022 7047     		bx	lr
  70              	.L5:
  71              		.align	2
  72              	.L4:
  73 0024 00000000 		.word	SystemCoreClock
  74 0028 D34D6210 		.word	274877907
  75              		.cfi_endproc
  76              	.LFE78:
  78              		.section	.text.HAL_RCC_DeInit,"ax",%progbits
  79              		.align	1
  80              		.global	HAL_RCC_DeInit
  81              		.syntax unified
  82              		.thumb
  83              		.thumb_func
  84              		.fpu softvfp
  86              	HAL_RCC_DeInit:
  87              	.LFB65:
  88              		.loc 1 203 1 is_stmt 1 view -0
  89              		.cfi_startproc
  90              		@ args = 0, pretend = 0, frame = 0
  91              		@ frame_needed = 0, uses_anonymous_args = 0
  92 0000 70B5     		push	{r4, r5, r6, lr}
  93              	.LCFI2:
  94              		.cfi_def_cfa_offset 16
  95              		.cfi_offset 4, -16
  96              		.cfi_offset 5, -12
  97              		.cfi_offset 6, -8
  98              		.cfi_offset 14, -4
  99              		.loc 1 204 3 view .LVU13
 100              		.loc 1 207 3 view .LVU14
 101              		.loc 1 207 15 is_stmt 0 view .LVU15
 102 0002 FFF7FEFF 		bl	HAL_GetTick
 103              	.LVL1:
 104 0006 0446     		mov	r4, r0
 105              	.LVL2:
 106              		.loc 1 210 3 is_stmt 1 view .LVU16
 107 0008 364A     		ldr	r2, .L27
 108 000a 1368     		ldr	r3, [r2]
 109 000c 43F00103 		orr	r3, r3, #1
 110 0010 1360     		str	r3, [r2]
 111              		.loc 1 213 3 view .LVU17
 112              	.LVL3:
 113              	.L7:
 114              		.loc 1 213 9 view .LVU18
 115              		.loc 1 213 10 is_stmt 0 view .LVU19
 116 0012 344B     		ldr	r3, .L27
ARM GAS  C:\Users\Ika\AppData\Local\Temp\ccnGthta.s 			page 3


 117 0014 1B68     		ldr	r3, [r3]
 118              		.loc 1 213 9 view .LVU20
 119 0016 13F0020F 		tst	r3, #2
 120 001a 07D1     		bne	.L22
 121              		.loc 1 215 5 is_stmt 1 view .LVU21
 122              		.loc 1 215 10 is_stmt 0 view .LVU22
 123 001c FFF7FEFF 		bl	HAL_GetTick
 124              	.LVL4:
 125              		.loc 1 215 24 view .LVU23
 126 0020 001B     		subs	r0, r0, r4
 127              		.loc 1 215 8 view .LVU24
 128 0022 0228     		cmp	r0, #2
 129 0024 F5D9     		bls	.L7
 130              		.loc 1 217 14 view .LVU25
 131 0026 0324     		movs	r4, #3
 132              	.LVL5:
 133              	.L8:
 134              		.loc 1 330 1 view .LVU26
 135 0028 2046     		mov	r0, r4
 136 002a 70BD     		pop	{r4, r5, r6, pc}
 137              	.LVL6:
 138              	.L22:
 139              		.loc 1 222 3 is_stmt 1 view .LVU27
 140 002c 2D4D     		ldr	r5, .L27
 141 002e 2B68     		ldr	r3, [r5]
 142 0030 23F0F803 		bic	r3, r3, #248
 143 0034 43F08003 		orr	r3, r3, #128
 144 0038 2B60     		str	r3, [r5]
 145              		.loc 1 225 3 view .LVU28
 146              		.loc 1 225 15 is_stmt 0 view .LVU29
 147 003a FFF7FEFF 		bl	HAL_GetTick
 148              	.LVL7:
 149 003e 0446     		mov	r4, r0
 150              	.LVL8:
 151              		.loc 1 228 3 is_stmt 1 view .LVU30
 152 0040 0023     		movs	r3, #0
 153 0042 6B60     		str	r3, [r5, #4]
 154              		.loc 1 231 3 view .LVU31
 155              	.LVL9:
 156              	.L10:
 157              		.loc 1 231 9 view .LVU32
 158              		.loc 1 231 10 is_stmt 0 view .LVU33
 159 0044 274B     		ldr	r3, .L27
 160 0046 5B68     		ldr	r3, [r3, #4]
 161              		.loc 1 231 9 view .LVU34
 162 0048 13F00C0F 		tst	r3, #12
 163 004c 08D0     		beq	.L23
 164              		.loc 1 233 5 is_stmt 1 view .LVU35
 165              		.loc 1 233 10 is_stmt 0 view .LVU36
 166 004e FFF7FEFF 		bl	HAL_GetTick
 167              	.LVL10:
 168              		.loc 1 233 24 view .LVU37
 169 0052 001B     		subs	r0, r0, r4
 170              		.loc 1 233 8 view .LVU38
 171 0054 41F28833 		movw	r3, #5000
 172 0058 9842     		cmp	r0, r3
 173 005a F3D9     		bls	.L10
ARM GAS  C:\Users\Ika\AppData\Local\Temp\ccnGthta.s 			page 4


 174              		.loc 1 235 14 view .LVU39
 175 005c 0324     		movs	r4, #3
 176              	.LVL11:
 177              		.loc 1 235 14 view .LVU40
 178 005e E3E7     		b	.L8
 179              	.LVL12:
 180              	.L23:
 181              		.loc 1 240 3 is_stmt 1 view .LVU41
 182              		.loc 1 240 19 is_stmt 0 view .LVU42
 183 0060 214B     		ldr	r3, .L27+4
 184 0062 224A     		ldr	r2, .L27+8
 185 0064 1A60     		str	r2, [r3]
 186              		.loc 1 243 3 is_stmt 1 view .LVU43
 187              		.loc 1 243 7 is_stmt 0 view .LVU44
 188 0066 224B     		ldr	r3, .L27+12
 189 0068 1868     		ldr	r0, [r3]
 190 006a FFF7FEFF 		bl	HAL_InitTick
 191              	.LVL13:
 192              		.loc 1 243 6 view .LVU45
 193 006e 0446     		mov	r4, r0
 194              	.LVL14:
 195              		.loc 1 243 6 view .LVU46
 196 0070 08B1     		cbz	r0, .L24
 197              		.loc 1 245 12 view .LVU47
 198 0072 0124     		movs	r4, #1
 199 0074 D8E7     		b	.L8
 200              	.L24:
 201              		.loc 1 249 3 is_stmt 1 view .LVU48
 202              		.loc 1 249 15 is_stmt 0 view .LVU49
 203 0076 FFF7FEFF 		bl	HAL_GetTick
 204              	.LVL15:
 205 007a 0546     		mov	r5, r0
 206              	.LVL16:
 207              		.loc 1 252 3 is_stmt 1 view .LVU50
 208 007c 194A     		ldr	r2, .L27
 209 007e 1368     		ldr	r3, [r2]
 210 0080 23F08073 		bic	r3, r3, #16777216
 211 0084 1360     		str	r3, [r2]
 212              		.loc 1 255 3 view .LVU51
 213              	.LVL17:
 214              	.L12:
 215              		.loc 1 255 9 view .LVU52
 216              		.loc 1 255 10 is_stmt 0 view .LVU53
 217 0086 174B     		ldr	r3, .L27
 218 0088 1B68     		ldr	r3, [r3]
 219              		.loc 1 255 9 view .LVU54
 220 008a 13F0007F 		tst	r3, #33554432
 221 008e 06D0     		beq	.L25
 222              		.loc 1 257 5 is_stmt 1 view .LVU55
 223              		.loc 1 257 10 is_stmt 0 view .LVU56
 224 0090 FFF7FEFF 		bl	HAL_GetTick
 225              	.LVL18:
 226              		.loc 1 257 24 view .LVU57
 227 0094 401B     		subs	r0, r0, r5
 228              		.loc 1 257 8 view .LVU58
 229 0096 0228     		cmp	r0, #2
 230 0098 F5D9     		bls	.L12
ARM GAS  C:\Users\Ika\AppData\Local\Temp\ccnGthta.s 			page 5


 231              		.loc 1 259 14 view .LVU59
 232 009a 0324     		movs	r4, #3
 233 009c C4E7     		b	.L8
 234              	.L25:
 235              		.loc 1 264 3 is_stmt 1 view .LVU60
 236 009e 114E     		ldr	r6, .L27
 237 00a0 0023     		movs	r3, #0
 238 00a2 7360     		str	r3, [r6, #4]
 239              		.loc 1 267 3 view .LVU61
 240              		.loc 1 267 15 is_stmt 0 view .LVU62
 241 00a4 FFF7FEFF 		bl	HAL_GetTick
 242              	.LVL19:
 243 00a8 0546     		mov	r5, r0
 244              	.LVL20:
 245              		.loc 1 270 3 is_stmt 1 view .LVU63
 246 00aa 3368     		ldr	r3, [r6]
 247 00ac 23F41023 		bic	r3, r3, #589824
 248 00b0 3360     		str	r3, [r6]
 249              		.loc 1 273 3 view .LVU64
 250              	.LVL21:
 251              	.L14:
 252              		.loc 1 273 9 view .LVU65
 253              		.loc 1 273 10 is_stmt 0 view .LVU66
 254 00b2 0C4B     		ldr	r3, .L27
 255 00b4 1B68     		ldr	r3, [r3]
 256              		.loc 1 273 9 view .LVU67
 257 00b6 13F4003F 		tst	r3, #131072
 258 00ba 06D0     		beq	.L26
 259              		.loc 1 275 5 is_stmt 1 view .LVU68
 260              		.loc 1 275 10 is_stmt 0 view .LVU69
 261 00bc FFF7FEFF 		bl	HAL_GetTick
 262              	.LVL22:
 263              		.loc 1 275 24 view .LVU70
 264 00c0 401B     		subs	r0, r0, r5
 265              		.loc 1 275 8 view .LVU71
 266 00c2 6428     		cmp	r0, #100
 267 00c4 F5D9     		bls	.L14
 268              		.loc 1 277 14 view .LVU72
 269 00c6 0324     		movs	r4, #3
 270 00c8 AEE7     		b	.L8
 271              	.L26:
 272              		.loc 1 282 3 is_stmt 1 view .LVU73
 273 00ca 064B     		ldr	r3, .L27
 274 00cc 1A68     		ldr	r2, [r3]
 275 00ce 22F48022 		bic	r2, r2, #262144
 276 00d2 1A60     		str	r2, [r3]
 277              		.loc 1 324 3 view .LVU74
 278 00d4 5A6A     		ldr	r2, [r3, #36]
 279 00d6 42F08072 		orr	r2, r2, #16777216
 280 00da 5A62     		str	r2, [r3, #36]
 281              		.loc 1 327 3 view .LVU75
 282 00dc 0022     		movs	r2, #0
 283 00de 9A60     		str	r2, [r3, #8]
 284              		.loc 1 329 3 view .LVU76
 285              		.loc 1 329 10 is_stmt 0 view .LVU77
 286 00e0 A2E7     		b	.L8
 287              	.L28:
ARM GAS  C:\Users\Ika\AppData\Local\Temp\ccnGthta.s 			page 6


 288 00e2 00BF     		.align	2
 289              	.L27:
 290 00e4 00100240 		.word	1073876992
 291 00e8 00000000 		.word	SystemCoreClock
 292 00ec 00127A00 		.word	8000000
 293 00f0 00000000 		.word	uwTickPrio
 294              		.cfi_endproc
 295              	.LFE65:
 297              		.section	.text.HAL_RCC_OscConfig,"ax",%progbits
 298              		.align	1
 299              		.global	HAL_RCC_OscConfig
 300              		.syntax unified
 301              		.thumb
 302              		.thumb_func
 303              		.fpu softvfp
 305              	HAL_RCC_OscConfig:
 306              	.LVL23:
 307              	.LFB66:
 308              		.loc 1 348 1 is_stmt 1 view -0
 309              		.cfi_startproc
 310              		@ args = 0, pretend = 0, frame = 8
 311              		@ frame_needed = 0, uses_anonymous_args = 0
 312              		.loc 1 349 3 view .LVU79
 313              		.loc 1 350 3 view .LVU80
 314              		.loc 1 353 3 view .LVU81
 315              		.loc 1 353 6 is_stmt 0 view .LVU82
 316 0000 0028     		cmp	r0, #0
 317 0002 00F0F181 		beq	.L82
 318              		.loc 1 348 1 view .LVU83
 319 0006 70B5     		push	{r4, r5, r6, lr}
 320              	.LCFI3:
 321              		.cfi_def_cfa_offset 16
 322              		.cfi_offset 4, -16
 323              		.cfi_offset 5, -12
 324              		.cfi_offset 6, -8
 325              		.cfi_offset 14, -4
 326 0008 82B0     		sub	sp, sp, #8
 327              	.LCFI4:
 328              		.cfi_def_cfa_offset 24
 329 000a 0446     		mov	r4, r0
 330              		.loc 1 359 3 is_stmt 1 view .LVU84
 331              		.loc 1 362 3 view .LVU85
 332              		.loc 1 362 26 is_stmt 0 view .LVU86
 333 000c 0368     		ldr	r3, [r0]
 334              		.loc 1 362 6 view .LVU87
 335 000e 13F0010F 		tst	r3, #1
 336 0012 2CD0     		beq	.L31
 337              		.loc 1 365 5 is_stmt 1 view .LVU88
 338              		.loc 1 368 5 view .LVU89
 339              		.loc 1 368 10 is_stmt 0 view .LVU90
 340 0014 AA4B     		ldr	r3, .L122
 341 0016 5B68     		ldr	r3, [r3, #4]
 342 0018 03F00C03 		and	r3, r3, #12
 343              		.loc 1 368 8 view .LVU91
 344 001c 042B     		cmp	r3, #4
 345 001e 1DD0     		beq	.L32
 346              		.loc 1 369 14 view .LVU92
ARM GAS  C:\Users\Ika\AppData\Local\Temp\ccnGthta.s 			page 7


 347 0020 A74B     		ldr	r3, .L122
 348 0022 5B68     		ldr	r3, [r3, #4]
 349 0024 03F00C03 		and	r3, r3, #12
 350              		.loc 1 369 9 view .LVU93
 351 0028 082B     		cmp	r3, #8
 352 002a 12D0     		beq	.L106
 353              	.L33:
 354              		.loc 1 379 7 is_stmt 1 view .LVU94
 355              		.loc 1 379 7 view .LVU95
 356 002c 6368     		ldr	r3, [r4, #4]
 357 002e B3F5803F 		cmp	r3, #65536
 358 0032 41D0     		beq	.L107
 359              		.loc 1 379 7 discriminator 2 view .LVU96
 360 0034 002B     		cmp	r3, #0
 361 0036 55D1     		bne	.L36
 362              		.loc 1 379 7 discriminator 4 view .LVU97
 363 0038 03F18043 		add	r3, r3, #1073741824
 364 003c 03F50433 		add	r3, r3, #135168
 365 0040 1A68     		ldr	r2, [r3]
 366 0042 22F48032 		bic	r2, r2, #65536
 367 0046 1A60     		str	r2, [r3]
 368              		.loc 1 379 7 discriminator 4 view .LVU98
 369 0048 1A68     		ldr	r2, [r3]
 370 004a 22F48022 		bic	r2, r2, #262144
 371 004e 1A60     		str	r2, [r3]
 372 0050 37E0     		b	.L35
 373              	.L106:
 374              		.loc 1 369 83 is_stmt 0 discriminator 1 view .LVU99
 375 0052 9B4B     		ldr	r3, .L122
 376 0054 5B68     		ldr	r3, [r3, #4]
 377              		.loc 1 369 79 discriminator 1 view .LVU100
 378 0056 13F4803F 		tst	r3, #65536
 379 005a E7D0     		beq	.L33
 380              	.L32:
 381              		.loc 1 371 7 is_stmt 1 view .LVU101
 382              		.loc 1 371 12 is_stmt 0 view .LVU102
 383 005c 984B     		ldr	r3, .L122
 384 005e 1B68     		ldr	r3, [r3]
 385              		.loc 1 371 10 view .LVU103
 386 0060 13F4003F 		tst	r3, #131072
 387 0064 03D0     		beq	.L31
 388              		.loc 1 371 79 discriminator 1 view .LVU104
 389 0066 6368     		ldr	r3, [r4, #4]
 390              		.loc 1 371 58 discriminator 1 view .LVU105
 391 0068 002B     		cmp	r3, #0
 392 006a 00F0BF81 		beq	.L108
 393              	.LVL24:
 394              	.L31:
 395              		.loc 1 414 3 is_stmt 1 view .LVU106
 396              		.loc 1 414 26 is_stmt 0 view .LVU107
 397 006e 2368     		ldr	r3, [r4]
 398              		.loc 1 414 6 view .LVU108
 399 0070 13F0020F 		tst	r3, #2
 400 0074 75D0     		beq	.L43
 401              		.loc 1 417 5 is_stmt 1 view .LVU109
 402              		.loc 1 418 5 view .LVU110
 403              		.loc 1 421 5 view .LVU111
ARM GAS  C:\Users\Ika\AppData\Local\Temp\ccnGthta.s 			page 8


 404              		.loc 1 421 10 is_stmt 0 view .LVU112
 405 0076 924B     		ldr	r3, .L122
 406 0078 5B68     		ldr	r3, [r3, #4]
 407              		.loc 1 421 8 view .LVU113
 408 007a 13F00C0F 		tst	r3, #12
 409 007e 5FD0     		beq	.L44
 410              		.loc 1 422 14 view .LVU114
 411 0080 8F4B     		ldr	r3, .L122
 412 0082 5B68     		ldr	r3, [r3, #4]
 413 0084 03F00C03 		and	r3, r3, #12
 414              		.loc 1 422 9 view .LVU115
 415 0088 082B     		cmp	r3, #8
 416 008a 54D0     		beq	.L109
 417              	.L45:
 418              		.loc 1 439 7 is_stmt 1 view .LVU116
 419              		.loc 1 439 28 is_stmt 0 view .LVU117
 420 008c 2369     		ldr	r3, [r4, #16]
 421              		.loc 1 439 10 view .LVU118
 422 008e 002B     		cmp	r3, #0
 423 0090 00F08980 		beq	.L47
 424              		.loc 1 442 9 is_stmt 1 view .LVU119
 425 0094 8B4B     		ldr	r3, .L122+4
 426 0096 0122     		movs	r2, #1
 427 0098 1A60     		str	r2, [r3]
 428              		.loc 1 445 9 view .LVU120
 429              		.loc 1 445 21 is_stmt 0 view .LVU121
 430 009a FFF7FEFF 		bl	HAL_GetTick
 431              	.LVL25:
 432 009e 0546     		mov	r5, r0
 433              	.LVL26:
 434              		.loc 1 448 9 is_stmt 1 view .LVU122
 435              	.L48:
 436              		.loc 1 448 15 view .LVU123
 437              		.loc 1 448 16 is_stmt 0 view .LVU124
 438 00a0 874B     		ldr	r3, .L122
 439 00a2 1B68     		ldr	r3, [r3]
 440              		.loc 1 448 15 view .LVU125
 441 00a4 13F0020F 		tst	r3, #2
 442 00a8 74D1     		bne	.L110
 443              		.loc 1 450 11 is_stmt 1 view .LVU126
 444              		.loc 1 450 16 is_stmt 0 view .LVU127
 445 00aa FFF7FEFF 		bl	HAL_GetTick
 446              	.LVL27:
 447              		.loc 1 450 30 view .LVU128
 448 00ae 401B     		subs	r0, r0, r5
 449              		.loc 1 450 14 view .LVU129
 450 00b0 0228     		cmp	r0, #2
 451 00b2 F5D9     		bls	.L48
 452              		.loc 1 452 20 view .LVU130
 453 00b4 0320     		movs	r0, #3
 454 00b6 9EE1     		b	.L30
 455              	.LVL28:
 456              	.L107:
 457              		.loc 1 379 7 is_stmt 1 discriminator 1 view .LVU131
 458 00b8 814A     		ldr	r2, .L122
 459 00ba 1368     		ldr	r3, [r2]
 460 00bc 43F48033 		orr	r3, r3, #65536
ARM GAS  C:\Users\Ika\AppData\Local\Temp\ccnGthta.s 			page 9


 461 00c0 1360     		str	r3, [r2]
 462              	.L35:
 463              		.loc 1 379 7 discriminator 10 view .LVU132
 464              		.loc 1 383 7 discriminator 10 view .LVU133
 465              		.loc 1 383 28 is_stmt 0 discriminator 10 view .LVU134
 466 00c2 6368     		ldr	r3, [r4, #4]
 467              		.loc 1 383 10 discriminator 10 view .LVU135
 468 00c4 43B3     		cbz	r3, .L38
 469              		.loc 1 386 9 is_stmt 1 view .LVU136
 470              		.loc 1 386 21 is_stmt 0 view .LVU137
 471 00c6 FFF7FEFF 		bl	HAL_GetTick
 472              	.LVL29:
 473              		.loc 1 386 21 view .LVU138
 474 00ca 0546     		mov	r5, r0
 475              	.LVL30:
 476              		.loc 1 389 9 is_stmt 1 view .LVU139
 477              	.L39:
 478              		.loc 1 389 15 view .LVU140
 479              		.loc 1 389 16 is_stmt 0 view .LVU141
 480 00cc 7C4B     		ldr	r3, .L122
 481 00ce 1B68     		ldr	r3, [r3]
 482              		.loc 1 389 15 view .LVU142
 483 00d0 13F4003F 		tst	r3, #131072
 484 00d4 CBD1     		bne	.L31
 485              		.loc 1 391 11 is_stmt 1 view .LVU143
 486              		.loc 1 391 16 is_stmt 0 view .LVU144
 487 00d6 FFF7FEFF 		bl	HAL_GetTick
 488              	.LVL31:
 489              		.loc 1 391 30 view .LVU145
 490 00da 401B     		subs	r0, r0, r5
 491              		.loc 1 391 14 view .LVU146
 492 00dc 6428     		cmp	r0, #100
 493 00de F5D9     		bls	.L39
 494              		.loc 1 393 20 view .LVU147
 495 00e0 0320     		movs	r0, #3
 496 00e2 88E1     		b	.L30
 497              	.LVL32:
 498              	.L36:
 499              		.loc 1 379 7 is_stmt 1 discriminator 5 view .LVU148
 500 00e4 B3F5A02F 		cmp	r3, #327680
 501 00e8 09D0     		beq	.L111
 502              		.loc 1 379 7 discriminator 8 view .LVU149
 503 00ea 754B     		ldr	r3, .L122
 504 00ec 1A68     		ldr	r2, [r3]
 505 00ee 22F48032 		bic	r2, r2, #65536
 506 00f2 1A60     		str	r2, [r3]
 507              		.loc 1 379 7 discriminator 8 view .LVU150
 508 00f4 1A68     		ldr	r2, [r3]
 509 00f6 22F48022 		bic	r2, r2, #262144
 510 00fa 1A60     		str	r2, [r3]
 511 00fc E1E7     		b	.L35
 512              	.L111:
 513              		.loc 1 379 7 discriminator 7 view .LVU151
 514 00fe 03F18043 		add	r3, r3, #1073741824
 515 0102 A3F53C33 		sub	r3, r3, #192512
 516 0106 1A68     		ldr	r2, [r3]
 517 0108 42F48022 		orr	r2, r2, #262144
ARM GAS  C:\Users\Ika\AppData\Local\Temp\ccnGthta.s 			page 10


 518 010c 1A60     		str	r2, [r3]
 519              		.loc 1 379 7 discriminator 7 view .LVU152
 520 010e 1A68     		ldr	r2, [r3]
 521 0110 42F48032 		orr	r2, r2, #65536
 522 0114 1A60     		str	r2, [r3]
 523 0116 D4E7     		b	.L35
 524              	.L38:
 525              		.loc 1 400 9 view .LVU153
 526              		.loc 1 400 21 is_stmt 0 view .LVU154
 527 0118 FFF7FEFF 		bl	HAL_GetTick
 528              	.LVL33:
 529              		.loc 1 400 21 view .LVU155
 530 011c 0546     		mov	r5, r0
 531              	.LVL34:
 532              		.loc 1 403 9 is_stmt 1 view .LVU156
 533              	.L41:
 534              		.loc 1 403 15 view .LVU157
 535              		.loc 1 403 16 is_stmt 0 view .LVU158
 536 011e 684B     		ldr	r3, .L122
 537 0120 1B68     		ldr	r3, [r3]
 538              		.loc 1 403 15 view .LVU159
 539 0122 13F4003F 		tst	r3, #131072
 540 0126 A2D0     		beq	.L31
 541              		.loc 1 405 11 is_stmt 1 view .LVU160
 542              		.loc 1 405 16 is_stmt 0 view .LVU161
 543 0128 FFF7FEFF 		bl	HAL_GetTick
 544              	.LVL35:
 545              		.loc 1 405 30 view .LVU162
 546 012c 401B     		subs	r0, r0, r5
 547              		.loc 1 405 14 view .LVU163
 548 012e 6428     		cmp	r0, #100
 549 0130 F5D9     		bls	.L41
 550              		.loc 1 407 20 view .LVU164
 551 0132 0320     		movs	r0, #3
 552 0134 5FE1     		b	.L30
 553              	.LVL36:
 554              	.L109:
 555              		.loc 1 422 83 discriminator 1 view .LVU165
 556 0136 624B     		ldr	r3, .L122
 557 0138 5B68     		ldr	r3, [r3, #4]
 558              		.loc 1 422 79 discriminator 1 view .LVU166
 559 013a 13F4803F 		tst	r3, #65536
 560 013e A5D1     		bne	.L45
 561              	.L44:
 562              		.loc 1 425 7 is_stmt 1 view .LVU167
 563              		.loc 1 425 12 is_stmt 0 view .LVU168
 564 0140 5F4B     		ldr	r3, .L122
 565 0142 1B68     		ldr	r3, [r3]
 566              		.loc 1 425 10 view .LVU169
 567 0144 13F0020F 		tst	r3, #2
 568 0148 03D0     		beq	.L46
 569              		.loc 1 425 79 discriminator 1 view .LVU170
 570 014a 2369     		ldr	r3, [r4, #16]
 571              		.loc 1 425 58 discriminator 1 view .LVU171
 572 014c 012B     		cmp	r3, #1
 573 014e 40F04F81 		bne	.L86
 574              	.L46:
ARM GAS  C:\Users\Ika\AppData\Local\Temp\ccnGthta.s 			page 11


 575              		.loc 1 433 9 is_stmt 1 view .LVU172
 576 0152 5B4A     		ldr	r2, .L122
 577 0154 1368     		ldr	r3, [r2]
 578 0156 23F0F803 		bic	r3, r3, #248
 579 015a 6169     		ldr	r1, [r4, #20]
 580 015c 43EAC103 		orr	r3, r3, r1, lsl #3
 581 0160 1360     		str	r3, [r2]
 582              	.L43:
 583              		.loc 1 479 3 view .LVU173
 584              		.loc 1 479 26 is_stmt 0 view .LVU174
 585 0162 2368     		ldr	r3, [r4]
 586              		.loc 1 479 6 view .LVU175
 587 0164 13F0080F 		tst	r3, #8
 588 0168 32D0     		beq	.L52
 589              		.loc 1 482 5 is_stmt 1 view .LVU176
 590              		.loc 1 485 5 view .LVU177
 591              		.loc 1 485 26 is_stmt 0 view .LVU178
 592 016a A369     		ldr	r3, [r4, #24]
 593              		.loc 1 485 8 view .LVU179
 594 016c 002B     		cmp	r3, #0
 595 016e 45D0     		beq	.L53
 596              		.loc 1 488 7 is_stmt 1 view .LVU180
 597 0170 554B     		ldr	r3, .L122+8
 598 0172 0122     		movs	r2, #1
 599 0174 1A60     		str	r2, [r3]
 600              		.loc 1 491 7 view .LVU181
 601              		.loc 1 491 19 is_stmt 0 view .LVU182
 602 0176 FFF7FEFF 		bl	HAL_GetTick
 603              	.LVL37:
 604 017a 0546     		mov	r5, r0
 605              	.LVL38:
 606              		.loc 1 494 7 is_stmt 1 view .LVU183
 607              	.L54:
 608              		.loc 1 494 13 view .LVU184
 609              		.loc 1 494 14 is_stmt 0 view .LVU185
 610 017c 504B     		ldr	r3, .L122
 611 017e 5B6A     		ldr	r3, [r3, #36]
 612              		.loc 1 494 13 view .LVU186
 613 0180 13F0020F 		tst	r3, #2
 614 0184 21D1     		bne	.L112
 615              		.loc 1 496 9 is_stmt 1 view .LVU187
 616              		.loc 1 496 14 is_stmt 0 view .LVU188
 617 0186 FFF7FEFF 		bl	HAL_GetTick
 618              	.LVL39:
 619              		.loc 1 496 28 view .LVU189
 620 018a 401B     		subs	r0, r0, r5
 621              		.loc 1 496 12 view .LVU190
 622 018c 0228     		cmp	r0, #2
 623 018e F5D9     		bls	.L54
 624              		.loc 1 498 18 view .LVU191
 625 0190 0320     		movs	r0, #3
 626 0192 30E1     		b	.L30
 627              	.L110:
 628              		.loc 1 457 9 is_stmt 1 view .LVU192
 629 0194 4A4A     		ldr	r2, .L122
 630 0196 1368     		ldr	r3, [r2]
 631 0198 23F0F803 		bic	r3, r3, #248
ARM GAS  C:\Users\Ika\AppData\Local\Temp\ccnGthta.s 			page 12


 632 019c 6169     		ldr	r1, [r4, #20]
 633 019e 43EAC103 		orr	r3, r3, r1, lsl #3
 634 01a2 1360     		str	r3, [r2]
 635 01a4 DDE7     		b	.L43
 636              	.LVL40:
 637              	.L47:
 638              		.loc 1 462 9 view .LVU193
 639 01a6 474B     		ldr	r3, .L122+4
 640 01a8 0022     		movs	r2, #0
 641 01aa 1A60     		str	r2, [r3]
 642              		.loc 1 465 9 view .LVU194
 643              		.loc 1 465 21 is_stmt 0 view .LVU195
 644 01ac FFF7FEFF 		bl	HAL_GetTick
 645              	.LVL41:
 646 01b0 0546     		mov	r5, r0
 647              	.LVL42:
 648              		.loc 1 468 9 is_stmt 1 view .LVU196
 649              	.L50:
 650              		.loc 1 468 15 view .LVU197
 651              		.loc 1 468 16 is_stmt 0 view .LVU198
 652 01b2 434B     		ldr	r3, .L122
 653 01b4 1B68     		ldr	r3, [r3]
 654              		.loc 1 468 15 view .LVU199
 655 01b6 13F0020F 		tst	r3, #2
 656 01ba D2D0     		beq	.L43
 657              		.loc 1 470 11 is_stmt 1 view .LVU200
 658              		.loc 1 470 16 is_stmt 0 view .LVU201
 659 01bc FFF7FEFF 		bl	HAL_GetTick
 660              	.LVL43:
 661              		.loc 1 470 30 view .LVU202
 662 01c0 401B     		subs	r0, r0, r5
 663              		.loc 1 470 14 view .LVU203
 664 01c2 0228     		cmp	r0, #2
 665 01c4 F5D9     		bls	.L50
 666              		.loc 1 472 20 view .LVU204
 667 01c6 0320     		movs	r0, #3
 668 01c8 15E1     		b	.L30
 669              	.L112:
 670              		.loc 1 503 7 is_stmt 1 view .LVU205
 671 01ca 0120     		movs	r0, #1
 672 01cc FFF7FEFF 		bl	RCC_Delay
 673              	.LVL44:
 674              	.L52:
 675              		.loc 1 524 3 view .LVU206
 676              		.loc 1 524 26 is_stmt 0 view .LVU207
 677 01d0 2368     		ldr	r3, [r4]
 678              		.loc 1 524 6 view .LVU208
 679 01d2 13F0040F 		tst	r3, #4
 680 01d6 00F09780 		beq	.L58
 681              	.LBB2:
 682              		.loc 1 526 5 is_stmt 1 view .LVU209
 683              	.LVL45:
 684              		.loc 1 529 5 view .LVU210
 685              		.loc 1 533 5 view .LVU211
 686              		.loc 1 533 9 is_stmt 0 view .LVU212
 687 01da 394B     		ldr	r3, .L122
 688 01dc DB69     		ldr	r3, [r3, #28]
ARM GAS  C:\Users\Ika\AppData\Local\Temp\ccnGthta.s 			page 13


 689              		.loc 1 533 8 view .LVU213
 690 01de 13F0805F 		tst	r3, #268435456
 691 01e2 1DD1     		bne	.L91
 692              		.loc 1 535 7 is_stmt 1 view .LVU214
 693              	.LBB3:
 694              		.loc 1 535 7 view .LVU215
 695              		.loc 1 535 7 view .LVU216
 696 01e4 364B     		ldr	r3, .L122
 697 01e6 DA69     		ldr	r2, [r3, #28]
 698 01e8 42F08052 		orr	r2, r2, #268435456
 699 01ec DA61     		str	r2, [r3, #28]
 700              		.loc 1 535 7 view .LVU217
 701 01ee DB69     		ldr	r3, [r3, #28]
 702 01f0 03F08053 		and	r3, r3, #268435456
 703 01f4 0193     		str	r3, [sp, #4]
 704              		.loc 1 535 7 view .LVU218
 705 01f6 019B     		ldr	r3, [sp, #4]
 706              	.LBE3:
 707              		.loc 1 535 7 view .LVU219
 708              		.loc 1 536 7 view .LVU220
 709              	.LVL46:
 710              		.loc 1 536 21 is_stmt 0 view .LVU221
 711 01f8 0125     		movs	r5, #1
 712 01fa 12E0     		b	.L59
 713              	.LVL47:
 714              	.L53:
 715              		.loc 1 536 21 view .LVU222
 716              	.LBE2:
 717              		.loc 1 508 7 is_stmt 1 view .LVU223
 718 01fc 324B     		ldr	r3, .L122+8
 719 01fe 0022     		movs	r2, #0
 720 0200 1A60     		str	r2, [r3]
 721              		.loc 1 511 7 view .LVU224
 722              		.loc 1 511 19 is_stmt 0 view .LVU225
 723 0202 FFF7FEFF 		bl	HAL_GetTick
 724              	.LVL48:
 725 0206 0546     		mov	r5, r0
 726              	.LVL49:
 727              		.loc 1 514 7 is_stmt 1 view .LVU226
 728              	.L56:
 729              		.loc 1 514 13 view .LVU227
 730              		.loc 1 514 14 is_stmt 0 view .LVU228
 731 0208 2D4B     		ldr	r3, .L122
 732 020a 5B6A     		ldr	r3, [r3, #36]
 733              		.loc 1 514 13 view .LVU229
 734 020c 13F0020F 		tst	r3, #2
 735 0210 DED0     		beq	.L52
 736              		.loc 1 516 9 is_stmt 1 view .LVU230
 737              		.loc 1 516 14 is_stmt 0 view .LVU231
 738 0212 FFF7FEFF 		bl	HAL_GetTick
 739              	.LVL50:
 740              		.loc 1 516 28 view .LVU232
 741 0216 401B     		subs	r0, r0, r5
 742              		.loc 1 516 12 view .LVU233
 743 0218 0228     		cmp	r0, #2
 744 021a F5D9     		bls	.L56
 745              		.loc 1 518 18 view .LVU234
ARM GAS  C:\Users\Ika\AppData\Local\Temp\ccnGthta.s 			page 14


 746 021c 0320     		movs	r0, #3
 747 021e EAE0     		b	.L30
 748              	.LVL51:
 749              	.L91:
 750              	.LBB4:
 751              		.loc 1 526 22 view .LVU235
 752 0220 0025     		movs	r5, #0
 753              	.LVL52:
 754              	.L59:
 755              		.loc 1 539 5 is_stmt 1 view .LVU236
 756              		.loc 1 539 9 is_stmt 0 view .LVU237
 757 0222 2A4B     		ldr	r3, .L122+12
 758 0224 1B68     		ldr	r3, [r3]
 759              		.loc 1 539 8 view .LVU238
 760 0226 13F4807F 		tst	r3, #256
 761 022a 11D0     		beq	.L113
 762              	.L60:
 763              		.loc 1 557 5 is_stmt 1 view .LVU239
 764              		.loc 1 557 5 view .LVU240
 765 022c E368     		ldr	r3, [r4, #12]
 766 022e 012B     		cmp	r3, #1
 767 0230 22D0     		beq	.L114
 768              		.loc 1 557 5 discriminator 2 view .LVU241
 769 0232 002B     		cmp	r3, #0
 770 0234 38D1     		bne	.L65
 771              		.loc 1 557 5 discriminator 4 view .LVU242
 772 0236 03F18043 		add	r3, r3, #1073741824
 773 023a 03F50433 		add	r3, r3, #135168
 774 023e 1A6A     		ldr	r2, [r3, #32]
 775 0240 22F00102 		bic	r2, r2, #1
 776 0244 1A62     		str	r2, [r3, #32]
 777              		.loc 1 557 5 discriminator 4 view .LVU243
 778 0246 1A6A     		ldr	r2, [r3, #32]
 779 0248 22F00402 		bic	r2, r2, #4
 780 024c 1A62     		str	r2, [r3, #32]
 781 024e 18E0     		b	.L64
 782              	.L113:
 783              		.loc 1 542 7 view .LVU244
 784 0250 1E4A     		ldr	r2, .L122+12
 785 0252 1368     		ldr	r3, [r2]
 786 0254 43F48073 		orr	r3, r3, #256
 787 0258 1360     		str	r3, [r2]
 788              		.loc 1 545 7 view .LVU245
 789              		.loc 1 545 19 is_stmt 0 view .LVU246
 790 025a FFF7FEFF 		bl	HAL_GetTick
 791              	.LVL53:
 792 025e 0646     		mov	r6, r0
 793              	.LVL54:
 794              		.loc 1 547 7 is_stmt 1 view .LVU247
 795              	.L61:
 796              		.loc 1 547 13 view .LVU248
 797              		.loc 1 547 14 is_stmt 0 view .LVU249
 798 0260 1A4B     		ldr	r3, .L122+12
 799 0262 1B68     		ldr	r3, [r3]
 800              		.loc 1 547 13 view .LVU250
 801 0264 13F4807F 		tst	r3, #256
 802 0268 E0D1     		bne	.L60
ARM GAS  C:\Users\Ika\AppData\Local\Temp\ccnGthta.s 			page 15


 803              		.loc 1 549 9 is_stmt 1 view .LVU251
 804              		.loc 1 549 14 is_stmt 0 view .LVU252
 805 026a FFF7FEFF 		bl	HAL_GetTick
 806              	.LVL55:
 807              		.loc 1 549 28 view .LVU253
 808 026e 801B     		subs	r0, r0, r6
 809              		.loc 1 549 12 view .LVU254
 810 0270 6428     		cmp	r0, #100
 811 0272 F5D9     		bls	.L61
 812              		.loc 1 551 18 view .LVU255
 813 0274 0320     		movs	r0, #3
 814 0276 BEE0     		b	.L30
 815              	.LVL56:
 816              	.L114:
 817              		.loc 1 557 5 is_stmt 1 discriminator 1 view .LVU256
 818 0278 114A     		ldr	r2, .L122
 819 027a 136A     		ldr	r3, [r2, #32]
 820 027c 43F00103 		orr	r3, r3, #1
 821 0280 1362     		str	r3, [r2, #32]
 822              	.L64:
 823              		.loc 1 557 5 discriminator 10 view .LVU257
 824              		.loc 1 559 5 discriminator 10 view .LVU258
 825              		.loc 1 559 26 is_stmt 0 discriminator 10 view .LVU259
 826 0282 E368     		ldr	r3, [r4, #12]
 827              		.loc 1 559 8 discriminator 10 view .LVU260
 828 0284 73B3     		cbz	r3, .L67
 829              		.loc 1 562 7 is_stmt 1 view .LVU261
 830              		.loc 1 562 19 is_stmt 0 view .LVU262
 831 0286 FFF7FEFF 		bl	HAL_GetTick
 832              	.LVL57:
 833 028a 0646     		mov	r6, r0
 834              	.LVL58:
 835              		.loc 1 565 7 is_stmt 1 view .LVU263
 836              	.L68:
 837              		.loc 1 565 13 view .LVU264
 838              		.loc 1 565 14 is_stmt 0 view .LVU265
 839 028c 0C4B     		ldr	r3, .L122
 840 028e 1B6A     		ldr	r3, [r3, #32]
 841              		.loc 1 565 13 view .LVU266
 842 0290 13F0020F 		tst	r3, #2
 843 0294 37D1     		bne	.L70
 844              		.loc 1 567 9 is_stmt 1 view .LVU267
 845              		.loc 1 567 14 is_stmt 0 view .LVU268
 846 0296 FFF7FEFF 		bl	HAL_GetTick
 847              	.LVL59:
 848              		.loc 1 567 28 view .LVU269
 849 029a 801B     		subs	r0, r0, r6
 850              		.loc 1 567 12 view .LVU270
 851 029c 41F28833 		movw	r3, #5000
 852 02a0 9842     		cmp	r0, r3
 853 02a2 F3D9     		bls	.L68
 854              		.loc 1 569 18 view .LVU271
 855 02a4 0320     		movs	r0, #3
 856 02a6 A6E0     		b	.L30
 857              	.LVL60:
 858              	.L65:
 859              		.loc 1 557 5 is_stmt 1 discriminator 5 view .LVU272
ARM GAS  C:\Users\Ika\AppData\Local\Temp\ccnGthta.s 			page 16


 860 02a8 052B     		cmp	r3, #5
 861 02aa 11D0     		beq	.L115
 862              		.loc 1 557 5 discriminator 8 view .LVU273
 863 02ac 044B     		ldr	r3, .L122
 864 02ae 1A6A     		ldr	r2, [r3, #32]
 865 02b0 22F00102 		bic	r2, r2, #1
 866 02b4 1A62     		str	r2, [r3, #32]
 867              		.loc 1 557 5 discriminator 8 view .LVU274
 868 02b6 1A6A     		ldr	r2, [r3, #32]
 869 02b8 22F00402 		bic	r2, r2, #4
 870 02bc 1A62     		str	r2, [r3, #32]
 871 02be E0E7     		b	.L64
 872              	.L123:
 873              		.align	2
 874              	.L122:
 875 02c0 00100240 		.word	1073876992
 876 02c4 00004242 		.word	1111621632
 877 02c8 80044242 		.word	1111622784
 878 02cc 00700040 		.word	1073770496
 879              	.L115:
 880              		.loc 1 557 5 discriminator 7 view .LVU275
 881 02d0 4D4B     		ldr	r3, .L124
 882 02d2 1A6A     		ldr	r2, [r3, #32]
 883 02d4 42F00402 		orr	r2, r2, #4
 884 02d8 1A62     		str	r2, [r3, #32]
 885              		.loc 1 557 5 discriminator 7 view .LVU276
 886 02da 1A6A     		ldr	r2, [r3, #32]
 887 02dc 42F00102 		orr	r2, r2, #1
 888 02e0 1A62     		str	r2, [r3, #32]
 889 02e2 CEE7     		b	.L64
 890              	.L67:
 891              		.loc 1 576 7 view .LVU277
 892              		.loc 1 576 19 is_stmt 0 view .LVU278
 893 02e4 FFF7FEFF 		bl	HAL_GetTick
 894              	.LVL61:
 895 02e8 0646     		mov	r6, r0
 896              	.LVL62:
 897              		.loc 1 579 7 is_stmt 1 view .LVU279
 898              	.L71:
 899              		.loc 1 579 13 view .LVU280
 900              		.loc 1 579 14 is_stmt 0 view .LVU281
 901 02ea 474B     		ldr	r3, .L124
 902 02ec 1B6A     		ldr	r3, [r3, #32]
 903              		.loc 1 579 13 view .LVU282
 904 02ee 13F0020F 		tst	r3, #2
 905 02f2 08D0     		beq	.L70
 906              		.loc 1 581 9 is_stmt 1 view .LVU283
 907              		.loc 1 581 14 is_stmt 0 view .LVU284
 908 02f4 FFF7FEFF 		bl	HAL_GetTick
 909              	.LVL63:
 910              		.loc 1 581 28 view .LVU285
 911 02f8 801B     		subs	r0, r0, r6
 912              		.loc 1 581 12 view .LVU286
 913 02fa 41F28833 		movw	r3, #5000
 914 02fe 9842     		cmp	r0, r3
 915 0300 F3D9     		bls	.L71
 916              		.loc 1 583 18 view .LVU287
ARM GAS  C:\Users\Ika\AppData\Local\Temp\ccnGthta.s 			page 17


 917 0302 0320     		movs	r0, #3
 918 0304 77E0     		b	.L30
 919              	.L70:
 920              		.loc 1 589 5 is_stmt 1 view .LVU288
 921              		.loc 1 589 8 is_stmt 0 view .LVU289
 922 0306 E5B9     		cbnz	r5, .L116
 923              	.LVL64:
 924              	.L58:
 925              		.loc 1 589 8 view .LVU290
 926              	.LBE4:
 927              		.loc 1 687 3 is_stmt 1 view .LVU291
 928              		.loc 1 688 3 view .LVU292
 929              		.loc 1 688 30 is_stmt 0 view .LVU293
 930 0308 E369     		ldr	r3, [r4, #28]
 931              		.loc 1 688 6 view .LVU294
 932 030a 002B     		cmp	r3, #0
 933 030c 72D0     		beq	.L95
 934              		.loc 1 691 5 is_stmt 1 view .LVU295
 935              		.loc 1 691 9 is_stmt 0 view .LVU296
 936 030e 3E4A     		ldr	r2, .L124
 937 0310 5268     		ldr	r2, [r2, #4]
 938 0312 02F00C02 		and	r2, r2, #12
 939              		.loc 1 691 8 view .LVU297
 940 0316 082A     		cmp	r2, #8
 941 0318 56D0     		beq	.L73
 942              		.loc 1 693 7 is_stmt 1 view .LVU298
 943              		.loc 1 693 10 is_stmt 0 view .LVU299
 944 031a 022B     		cmp	r3, #2
 945 031c 17D0     		beq	.L117
 946              		.loc 1 752 9 is_stmt 1 view .LVU300
 947 031e 3B4B     		ldr	r3, .L124+4
 948 0320 0022     		movs	r2, #0
 949 0322 1A60     		str	r2, [r3]
 950              		.loc 1 755 9 view .LVU301
 951              		.loc 1 755 21 is_stmt 0 view .LVU302
 952 0324 FFF7FEFF 		bl	HAL_GetTick
 953              	.LVL65:
 954 0328 0446     		mov	r4, r0
 955              	.LVL66:
 956              		.loc 1 758 9 is_stmt 1 view .LVU303
 957              	.L80:
 958              		.loc 1 758 15 view .LVU304
 959              		.loc 1 758 16 is_stmt 0 view .LVU305
 960 032a 374B     		ldr	r3, .L124
 961 032c 1B68     		ldr	r3, [r3]
 962              		.loc 1 758 15 view .LVU306
 963 032e 13F0007F 		tst	r3, #33554432
 964 0332 47D0     		beq	.L118
 965              		.loc 1 760 11 is_stmt 1 view .LVU307
 966              		.loc 1 760 16 is_stmt 0 view .LVU308
 967 0334 FFF7FEFF 		bl	HAL_GetTick
 968              	.LVL67:
 969              		.loc 1 760 30 view .LVU309
 970 0338 001B     		subs	r0, r0, r4
 971              		.loc 1 760 14 view .LVU310
 972 033a 0228     		cmp	r0, #2
 973 033c F5D9     		bls	.L80
ARM GAS  C:\Users\Ika\AppData\Local\Temp\ccnGthta.s 			page 18


 974              		.loc 1 762 20 view .LVU311
 975 033e 0320     		movs	r0, #3
 976 0340 59E0     		b	.L30
 977              	.LVL68:
 978              	.L116:
 979              	.LBB5:
 980              		.loc 1 591 7 is_stmt 1 view .LVU312
 981 0342 314A     		ldr	r2, .L124
 982 0344 D369     		ldr	r3, [r2, #28]
 983 0346 23F08053 		bic	r3, r3, #268435456
 984 034a D361     		str	r3, [r2, #28]
 985 034c DCE7     		b	.L58
 986              	.LVL69:
 987              	.L117:
 988              		.loc 1 591 7 is_stmt 0 view .LVU313
 989              	.LBE5:
 990              		.loc 1 696 9 is_stmt 1 view .LVU314
 991              		.loc 1 697 9 view .LVU315
 992              		.loc 1 700 9 view .LVU316
 993 034e 2F4B     		ldr	r3, .L124+4
 994 0350 0022     		movs	r2, #0
 995 0352 1A60     		str	r2, [r3]
 996              		.loc 1 703 9 view .LVU317
 997              		.loc 1 703 21 is_stmt 0 view .LVU318
 998 0354 FFF7FEFF 		bl	HAL_GetTick
 999              	.LVL70:
 1000 0358 0546     		mov	r5, r0
 1001              	.LVL71:
 1002              		.loc 1 706 9 is_stmt 1 view .LVU319
 1003              	.L75:
 1004              		.loc 1 706 15 view .LVU320
 1005              		.loc 1 706 16 is_stmt 0 view .LVU321
 1006 035a 2B4B     		ldr	r3, .L124
 1007 035c 1B68     		ldr	r3, [r3]
 1008              		.loc 1 706 15 view .LVU322
 1009 035e 13F0007F 		tst	r3, #33554432
 1010 0362 06D0     		beq	.L119
 1011              		.loc 1 708 11 is_stmt 1 view .LVU323
 1012              		.loc 1 708 16 is_stmt 0 view .LVU324
 1013 0364 FFF7FEFF 		bl	HAL_GetTick
 1014              	.LVL72:
 1015              		.loc 1 708 30 view .LVU325
 1016 0368 401B     		subs	r0, r0, r5
 1017              		.loc 1 708 14 view .LVU326
 1018 036a 0228     		cmp	r0, #2
 1019 036c F5D9     		bls	.L75
 1020              		.loc 1 710 20 view .LVU327
 1021 036e 0320     		movs	r0, #3
 1022 0370 41E0     		b	.L30
 1023              	.L119:
 1024              		.loc 1 716 9 is_stmt 1 view .LVU328
 1025              		.loc 1 716 35 is_stmt 0 view .LVU329
 1026 0372 236A     		ldr	r3, [r4, #32]
 1027              		.loc 1 716 12 view .LVU330
 1028 0374 B3F5803F 		cmp	r3, #65536
 1029 0378 1AD0     		beq	.L120
 1030              	.L77:
ARM GAS  C:\Users\Ika\AppData\Local\Temp\ccnGthta.s 			page 19


 1031              		.loc 1 732 9 is_stmt 1 view .LVU331
 1032 037a 2349     		ldr	r1, .L124
 1033 037c 4B68     		ldr	r3, [r1, #4]
 1034 037e 23F47413 		bic	r3, r3, #3997696
 1035 0382 226A     		ldr	r2, [r4, #32]
 1036 0384 606A     		ldr	r0, [r4, #36]
 1037 0386 0243     		orrs	r2, r2, r0
 1038 0388 1343     		orrs	r3, r3, r2
 1039 038a 4B60     		str	r3, [r1, #4]
 1040              		.loc 1 735 9 view .LVU332
 1041 038c 1F4B     		ldr	r3, .L124+4
 1042 038e 0122     		movs	r2, #1
 1043 0390 1A60     		str	r2, [r3]
 1044              		.loc 1 738 9 view .LVU333
 1045              		.loc 1 738 21 is_stmt 0 view .LVU334
 1046 0392 FFF7FEFF 		bl	HAL_GetTick
 1047              	.LVL73:
 1048 0396 0446     		mov	r4, r0
 1049              	.LVL74:
 1050              		.loc 1 741 9 is_stmt 1 view .LVU335
 1051              	.L78:
 1052              		.loc 1 741 15 view .LVU336
 1053              		.loc 1 741 16 is_stmt 0 view .LVU337
 1054 0398 1B4B     		ldr	r3, .L124
 1055 039a 1B68     		ldr	r3, [r3]
 1056              		.loc 1 741 15 view .LVU338
 1057 039c 13F0007F 		tst	r3, #33554432
 1058 03a0 0ED1     		bne	.L121
 1059              		.loc 1 743 11 is_stmt 1 view .LVU339
 1060              		.loc 1 743 16 is_stmt 0 view .LVU340
 1061 03a2 FFF7FEFF 		bl	HAL_GetTick
 1062              	.LVL75:
 1063              		.loc 1 743 30 view .LVU341
 1064 03a6 001B     		subs	r0, r0, r4
 1065              		.loc 1 743 14 view .LVU342
 1066 03a8 0228     		cmp	r0, #2
 1067 03aa F5D9     		bls	.L78
 1068              		.loc 1 745 20 view .LVU343
 1069 03ac 0320     		movs	r0, #3
 1070 03ae 22E0     		b	.L30
 1071              	.LVL76:
 1072              	.L120:
 1073              		.loc 1 719 11 is_stmt 1 view .LVU344
 1074              		.loc 1 728 11 view .LVU345
 1075 03b0 154A     		ldr	r2, .L124
 1076 03b2 5368     		ldr	r3, [r2, #4]
 1077 03b4 23F40033 		bic	r3, r3, #131072
 1078 03b8 A168     		ldr	r1, [r4, #8]
 1079 03ba 0B43     		orrs	r3, r3, r1
 1080 03bc 5360     		str	r3, [r2, #4]
 1081 03be DCE7     		b	.L77
 1082              	.LVL77:
 1083              	.L121:
 1084              		.loc 1 787 10 is_stmt 0 view .LVU346
 1085 03c0 0020     		movs	r0, #0
 1086 03c2 18E0     		b	.L30
 1087              	.L118:
ARM GAS  C:\Users\Ika\AppData\Local\Temp\ccnGthta.s 			page 20


 1088              		.loc 1 787 10 view .LVU347
 1089 03c4 0020     		movs	r0, #0
 1090 03c6 16E0     		b	.L30
 1091              	.LVL78:
 1092              	.L73:
 1093              		.loc 1 770 7 is_stmt 1 view .LVU348
 1094              		.loc 1 770 10 is_stmt 0 view .LVU349
 1095 03c8 012B     		cmp	r3, #1
 1096 03ca 16D0     		beq	.L99
 1097              		.loc 1 777 9 is_stmt 1 view .LVU350
 1098              		.loc 1 777 20 is_stmt 0 view .LVU351
 1099 03cc 0E4B     		ldr	r3, .L124
 1100 03ce 5B68     		ldr	r3, [r3, #4]
 1101              	.LVL79:
 1102              		.loc 1 778 9 is_stmt 1 view .LVU352
 1103              		.loc 1 778 14 is_stmt 0 view .LVU353
 1104 03d0 03F48031 		and	r1, r3, #65536
 1105              		.loc 1 778 77 view .LVU354
 1106 03d4 226A     		ldr	r2, [r4, #32]
 1107              		.loc 1 778 12 view .LVU355
 1108 03d6 9142     		cmp	r1, r2
 1109 03d8 11D1     		bne	.L100
 1110              		.loc 1 779 14 discriminator 1 view .LVU356
 1111 03da 03F47013 		and	r3, r3, #3932160
 1112              	.LVL80:
 1113              		.loc 1 779 78 discriminator 1 view .LVU357
 1114 03de 626A     		ldr	r2, [r4, #36]
 1115              		.loc 1 778 89 discriminator 1 view .LVU358
 1116 03e0 9342     		cmp	r3, r2
 1117 03e2 0ED1     		bne	.L101
 1118              		.loc 1 787 10 view .LVU359
 1119 03e4 0020     		movs	r0, #0
 1120 03e6 06E0     		b	.L30
 1121              	.LVL81:
 1122              	.L82:
 1123              	.LCFI5:
 1124              		.cfi_def_cfa_offset 0
 1125              		.cfi_restore 4
 1126              		.cfi_restore 5
 1127              		.cfi_restore 6
 1128              		.cfi_restore 14
 1129              		.loc 1 355 12 view .LVU360
 1130 03e8 0120     		movs	r0, #1
 1131              	.LVL82:
 1132              		.loc 1 788 1 view .LVU361
 1133 03ea 7047     		bx	lr
 1134              	.LVL83:
 1135              	.L108:
 1136              	.LCFI6:
 1137              		.cfi_def_cfa_offset 24
 1138              		.cfi_offset 4, -16
 1139              		.cfi_offset 5, -12
 1140              		.cfi_offset 6, -8
 1141              		.cfi_offset 14, -4
 1142              		.loc 1 373 16 view .LVU362
 1143 03ec 0120     		movs	r0, #1
 1144              	.LVL84:
ARM GAS  C:\Users\Ika\AppData\Local\Temp\ccnGthta.s 			page 21


 1145              		.loc 1 373 16 view .LVU363
 1146 03ee 02E0     		b	.L30
 1147              	.L86:
 1148              		.loc 1 427 16 view .LVU364
 1149 03f0 0120     		movs	r0, #1
 1150 03f2 00E0     		b	.L30
 1151              	.L95:
 1152              		.loc 1 787 10 view .LVU365
 1153 03f4 0020     		movs	r0, #0
 1154              	.LVL85:
 1155              	.L30:
 1156              		.loc 1 788 1 view .LVU366
 1157 03f6 02B0     		add	sp, sp, #8
 1158              	.LCFI7:
 1159              		.cfi_remember_state
 1160              		.cfi_def_cfa_offset 16
 1161              		@ sp needed
 1162 03f8 70BD     		pop	{r4, r5, r6, pc}
 1163              	.LVL86:
 1164              	.L99:
 1165              	.LCFI8:
 1166              		.cfi_restore_state
 1167              		.loc 1 772 16 view .LVU367
 1168 03fa 0120     		movs	r0, #1
 1169 03fc FBE7     		b	.L30
 1170              	.LVL87:
 1171              	.L100:
 1172              		.loc 1 781 18 view .LVU368
 1173 03fe 0120     		movs	r0, #1
 1174 0400 F9E7     		b	.L30
 1175              	.LVL88:
 1176              	.L101:
 1177              		.loc 1 781 18 view .LVU369
 1178 0402 0120     		movs	r0, #1
 1179 0404 F7E7     		b	.L30
 1180              	.L125:
 1181 0406 00BF     		.align	2
 1182              	.L124:
 1183 0408 00100240 		.word	1073876992
 1184 040c 60004242 		.word	1111621728
 1185              		.cfi_endproc
 1186              	.LFE66:
 1188              		.section	.text.HAL_RCC_MCOConfig,"ax",%progbits
 1189              		.align	1
 1190              		.global	HAL_RCC_MCOConfig
 1191              		.syntax unified
 1192              		.thumb
 1193              		.thumb_func
 1194              		.fpu softvfp
 1196              	HAL_RCC_MCOConfig:
 1197              	.LVL89:
 1198              	.LFB68:
 1199              		.loc 1 1003 1 is_stmt 1 view -0
 1200              		.cfi_startproc
 1201              		@ args = 0, pretend = 0, frame = 24
 1202              		@ frame_needed = 0, uses_anonymous_args = 0
 1203              		.loc 1 1003 1 is_stmt 0 view .LVU371
ARM GAS  C:\Users\Ika\AppData\Local\Temp\ccnGthta.s 			page 22


 1204 0000 30B5     		push	{r4, r5, lr}
 1205              	.LCFI9:
 1206              		.cfi_def_cfa_offset 12
 1207              		.cfi_offset 4, -12
 1208              		.cfi_offset 5, -8
 1209              		.cfi_offset 14, -4
 1210 0002 87B0     		sub	sp, sp, #28
 1211              	.LCFI10:
 1212              		.cfi_def_cfa_offset 40
 1213 0004 0D46     		mov	r5, r1
 1214              		.loc 1 1004 3 is_stmt 1 view .LVU372
 1215              		.loc 1 1007 3 view .LVU373
 1216              		.loc 1 1008 3 view .LVU374
 1217              		.loc 1 1009 3 view .LVU375
 1218              		.loc 1 1012 3 view .LVU376
 1219              		.loc 1 1013 3 view .LVU377
 1220              		.loc 1 1016 3 view .LVU378
 1221              		.loc 1 1016 18 is_stmt 0 view .LVU379
 1222 0006 0223     		movs	r3, #2
 1223 0008 0393     		str	r3, [sp, #12]
 1224              		.loc 1 1017 3 is_stmt 1 view .LVU380
 1225              		.loc 1 1017 18 is_stmt 0 view .LVU381
 1226 000a 0323     		movs	r3, #3
 1227 000c 0593     		str	r3, [sp, #20]
 1228              		.loc 1 1018 3 is_stmt 1 view .LVU382
 1229              		.loc 1 1018 18 is_stmt 0 view .LVU383
 1230 000e 0023     		movs	r3, #0
 1231 0010 0493     		str	r3, [sp, #16]
 1232              		.loc 1 1019 3 is_stmt 1 view .LVU384
 1233              		.loc 1 1019 18 is_stmt 0 view .LVU385
 1234 0012 4FF48073 		mov	r3, #256
 1235 0016 0293     		str	r3, [sp, #8]
 1236              		.loc 1 1022 3 is_stmt 1 view .LVU386
 1237              	.LBB6:
 1238              		.loc 1 1022 3 view .LVU387
 1239              		.loc 1 1022 3 view .LVU388
 1240 0018 0A4C     		ldr	r4, .L128
 1241 001a A369     		ldr	r3, [r4, #24]
 1242 001c 43F00403 		orr	r3, r3, #4
 1243 0020 A361     		str	r3, [r4, #24]
 1244              		.loc 1 1022 3 view .LVU389
 1245 0022 A369     		ldr	r3, [r4, #24]
 1246 0024 03F00403 		and	r3, r3, #4
 1247 0028 0193     		str	r3, [sp, #4]
 1248              		.loc 1 1022 3 view .LVU390
 1249 002a 019B     		ldr	r3, [sp, #4]
 1250              	.LBE6:
 1251              		.loc 1 1022 3 view .LVU391
 1252              		.loc 1 1024 3 view .LVU392
 1253 002c 02A9     		add	r1, sp, #8
 1254              	.LVL90:
 1255              		.loc 1 1024 3 is_stmt 0 view .LVU393
 1256 002e 0648     		ldr	r0, .L128+4
 1257              	.LVL91:
 1258              		.loc 1 1024 3 view .LVU394
 1259 0030 FFF7FEFF 		bl	HAL_GPIO_Init
 1260              	.LVL92:
ARM GAS  C:\Users\Ika\AppData\Local\Temp\ccnGthta.s 			page 23


 1261              		.loc 1 1027 3 is_stmt 1 view .LVU395
 1262 0034 6368     		ldr	r3, [r4, #4]
 1263 0036 23F0E063 		bic	r3, r3, #117440512
 1264 003a 2B43     		orrs	r3, r3, r5
 1265 003c 6360     		str	r3, [r4, #4]
 1266              		.loc 1 1028 1 is_stmt 0 view .LVU396
 1267 003e 07B0     		add	sp, sp, #28
 1268              	.LCFI11:
 1269              		.cfi_def_cfa_offset 12
 1270              		@ sp needed
 1271 0040 30BD     		pop	{r4, r5, pc}
 1272              	.LVL93:
 1273              	.L129:
 1274              		.loc 1 1028 1 view .LVU397
 1275 0042 00BF     		.align	2
 1276              	.L128:
 1277 0044 00100240 		.word	1073876992
 1278 0048 00080140 		.word	1073809408
 1279              		.cfi_endproc
 1280              	.LFE68:
 1282              		.section	.text.HAL_RCC_EnableCSS,"ax",%progbits
 1283              		.align	1
 1284              		.global	HAL_RCC_EnableCSS
 1285              		.syntax unified
 1286              		.thumb
 1287              		.thumb_func
 1288              		.fpu softvfp
 1290              	HAL_RCC_EnableCSS:
 1291              	.LFB69:
 1292              		.loc 1 1040 1 is_stmt 1 view -0
 1293              		.cfi_startproc
 1294              		@ args = 0, pretend = 0, frame = 0
 1295              		@ frame_needed = 0, uses_anonymous_args = 0
 1296              		@ link register save eliminated.
 1297              		.loc 1 1041 3 view .LVU399
 1298              		.loc 1 1041 38 is_stmt 0 view .LVU400
 1299 0000 014B     		ldr	r3, .L131
 1300 0002 0122     		movs	r2, #1
 1301 0004 1A60     		str	r2, [r3]
 1302              		.loc 1 1042 1 view .LVU401
 1303 0006 7047     		bx	lr
 1304              	.L132:
 1305              		.align	2
 1306              	.L131:
 1307 0008 4C004242 		.word	1111621708
 1308              		.cfi_endproc
 1309              	.LFE69:
 1311              		.section	.text.HAL_RCC_DisableCSS,"ax",%progbits
 1312              		.align	1
 1313              		.global	HAL_RCC_DisableCSS
 1314              		.syntax unified
 1315              		.thumb
 1316              		.thumb_func
 1317              		.fpu softvfp
 1319              	HAL_RCC_DisableCSS:
 1320              	.LFB70:
 1321              		.loc 1 1049 1 is_stmt 1 view -0
ARM GAS  C:\Users\Ika\AppData\Local\Temp\ccnGthta.s 			page 24


 1322              		.cfi_startproc
 1323              		@ args = 0, pretend = 0, frame = 0
 1324              		@ frame_needed = 0, uses_anonymous_args = 0
 1325              		@ link register save eliminated.
 1326              		.loc 1 1050 3 view .LVU403
 1327              		.loc 1 1050 38 is_stmt 0 view .LVU404
 1328 0000 014B     		ldr	r3, .L134
 1329 0002 0022     		movs	r2, #0
 1330 0004 1A60     		str	r2, [r3]
 1331              		.loc 1 1051 1 view .LVU405
 1332 0006 7047     		bx	lr
 1333              	.L135:
 1334              		.align	2
 1335              	.L134:
 1336 0008 4C004242 		.word	1111621708
 1337              		.cfi_endproc
 1338              	.LFE70:
 1340              		.section	.rodata.HAL_RCC_GetSysClockFreq.str1.4,"aMS",%progbits,1
 1341              		.align	2
 1342              	.LC0:
 1343 0000 02030405 		.ascii	"\002\003\004\005\006\007\010\011\012\013\014\015\016"
 1343      06070809 
 1343      0A0B0C0D 
 1343      0E
 1344 000d 0F101000 		.ascii	"\017\020\020\000"
 1345              		.section	.text.HAL_RCC_GetSysClockFreq,"ax",%progbits
 1346              		.align	1
 1347              		.global	HAL_RCC_GetSysClockFreq
 1348              		.syntax unified
 1349              		.thumb
 1350              		.thumb_func
 1351              		.fpu softvfp
 1353              	HAL_RCC_GetSysClockFreq:
 1354              	.LFB71:
 1355              		.loc 1 1083 1 is_stmt 1 view -0
 1356              		.cfi_startproc
 1357              		@ args = 0, pretend = 0, frame = 24
 1358              		@ frame_needed = 0, uses_anonymous_args = 0
 1359              		@ link register save eliminated.
 1360 0000 86B0     		sub	sp, sp, #24
 1361              	.LCFI12:
 1362              		.cfi_def_cfa_offset 24
 1363              		.loc 1 1088 3 view .LVU407
 1364              		.loc 1 1088 17 is_stmt 0 view .LVU408
 1365 0002 164B     		ldr	r3, .L142
 1366 0004 0FCB     		ldm	r3, {r0, r1, r2, r3}
 1367 0006 0DF1180C 		add	ip, sp, #24
 1368 000a 0CE90F00 		stmdb	ip, {r0, r1, r2, r3}
 1369              		.loc 1 1092 3 is_stmt 1 view .LVU409
 1370              		.loc 1 1092 17 is_stmt 0 view .LVU410
 1371 000e 40F20123 		movw	r3, #513
 1372 0012 ADF80430 		strh	r3, [sp, #4]	@ movhi
 1373              		.loc 1 1096 3 is_stmt 1 view .LVU411
 1374              	.LVL94:
 1375              		.loc 1 1097 3 view .LVU412
 1376              		.loc 1 1102 3 view .LVU413
 1377              		.loc 1 1102 10 is_stmt 0 view .LVU414
ARM GAS  C:\Users\Ika\AppData\Local\Temp\ccnGthta.s 			page 25


 1378 0016 124B     		ldr	r3, .L142+4
 1379 0018 5B68     		ldr	r3, [r3, #4]
 1380              	.LVL95:
 1381              		.loc 1 1105 3 is_stmt 1 view .LVU415
 1382              		.loc 1 1105 18 is_stmt 0 view .LVU416
 1383 001a 03F00C02 		and	r2, r3, #12
 1384              		.loc 1 1105 3 view .LVU417
 1385 001e 082A     		cmp	r2, #8
 1386 0020 02D0     		beq	.L141
 1387              		.loc 1 1109 20 view .LVU418
 1388 0022 1048     		ldr	r0, .L142+8
 1389              	.LVL96:
 1390              		.loc 1 1164 3 is_stmt 1 view .LVU419
 1391              	.L136:
 1392              		.loc 1 1165 1 is_stmt 0 view .LVU420
 1393 0024 06B0     		add	sp, sp, #24
 1394              	.LCFI13:
 1395              		.cfi_remember_state
 1396              		.cfi_def_cfa_offset 0
 1397              		@ sp needed
 1398 0026 7047     		bx	lr
 1399              	.LVL97:
 1400              	.L141:
 1401              	.LCFI14:
 1402              		.cfi_restore_state
 1403              		.loc 1 1114 7 is_stmt 1 view .LVU421
 1404              		.loc 1 1114 73 is_stmt 0 view .LVU422
 1405 0028 C3F38342 		ubfx	r2, r3, #18, #4
 1406              		.loc 1 1114 34 view .LVU423
 1407 002c 6244     		add	r2, r2, ip
 1408 002e 12F8102C 		ldrb	r2, [r2, #-16]	@ zero_extendqisi2
 1409              	.LVL98:
 1410              		.loc 1 1115 7 is_stmt 1 view .LVU424
 1411              		.loc 1 1115 10 is_stmt 0 view .LVU425
 1412 0032 13F4803F 		tst	r3, #65536
 1413 0036 0CD0     		beq	.L138
 1414              		.loc 1 1120 9 is_stmt 1 view .LVU426
 1415              		.loc 1 1120 51 is_stmt 0 view .LVU427
 1416 0038 094B     		ldr	r3, .L142+4
 1417              	.LVL99:
 1418              		.loc 1 1120 51 view .LVU428
 1419 003a 5B68     		ldr	r3, [r3, #4]
 1420              		.loc 1 1120 79 view .LVU429
 1421 003c C3F34043 		ubfx	r3, r3, #17, #1
 1422              		.loc 1 1120 36 view .LVU430
 1423 0040 6344     		add	r3, r3, ip
 1424 0042 13F8143C 		ldrb	r3, [r3, #-20]	@ zero_extendqisi2
 1425              	.LVL100:
 1426              		.loc 1 1146 9 is_stmt 1 view .LVU431
 1427              		.loc 1 1146 41 is_stmt 0 view .LVU432
 1428 0046 0748     		ldr	r0, .L142+8
 1429 0048 00FB02F0 		mul	r0, r0, r2
 1430              		.loc 1 1146 16 view .LVU433
 1431 004c B0FBF3F0 		udiv	r0, r0, r3
 1432              	.LVL101:
 1433              		.loc 1 1146 16 view .LVU434
 1434 0050 E8E7     		b	.L136
ARM GAS  C:\Users\Ika\AppData\Local\Temp\ccnGthta.s 			page 26


 1435              	.LVL102:
 1436              	.L138:
 1437              		.loc 1 1152 9 is_stmt 1 view .LVU435
 1438              		.loc 1 1152 16 is_stmt 0 view .LVU436
 1439 0052 0548     		ldr	r0, .L142+12
 1440 0054 00FB02F0 		mul	r0, r0, r2
 1441              	.LVL103:
 1442              		.loc 1 1152 16 view .LVU437
 1443 0058 E4E7     		b	.L136
 1444              	.L143:
 1445 005a 00BF     		.align	2
 1446              	.L142:
 1447 005c 00000000 		.word	.LC0
 1448 0060 00100240 		.word	1073876992
 1449 0064 00127A00 		.word	8000000
 1450 0068 00093D00 		.word	4000000
 1451              		.cfi_endproc
 1452              	.LFE71:
 1454              		.section	.text.HAL_RCC_ClockConfig,"ax",%progbits
 1455              		.align	1
 1456              		.global	HAL_RCC_ClockConfig
 1457              		.syntax unified
 1458              		.thumb
 1459              		.thumb_func
 1460              		.fpu softvfp
 1462              	HAL_RCC_ClockConfig:
 1463              	.LVL104:
 1464              	.LFB67:
 1465              		.loc 1 814 1 is_stmt 1 view -0
 1466              		.cfi_startproc
 1467              		@ args = 0, pretend = 0, frame = 0
 1468              		@ frame_needed = 0, uses_anonymous_args = 0
 1469              		.loc 1 815 3 view .LVU439
 1470              		.loc 1 818 3 view .LVU440
 1471              		.loc 1 818 6 is_stmt 0 view .LVU441
 1472 0000 0028     		cmp	r0, #0
 1473 0002 00F0A080 		beq	.L159
 1474              		.loc 1 814 1 view .LVU442
 1475 0006 70B5     		push	{r4, r5, r6, lr}
 1476              	.LCFI15:
 1477              		.cfi_def_cfa_offset 16
 1478              		.cfi_offset 4, -16
 1479              		.cfi_offset 5, -12
 1480              		.cfi_offset 6, -8
 1481              		.cfi_offset 14, -4
 1482 0008 0D46     		mov	r5, r1
 1483 000a 0446     		mov	r4, r0
 1484              		.loc 1 824 3 is_stmt 1 view .LVU443
 1485              		.loc 1 825 3 view .LVU444
 1486              		.loc 1 833 3 view .LVU445
 1487              		.loc 1 833 18 is_stmt 0 view .LVU446
 1488 000c 524B     		ldr	r3, .L172
 1489 000e 1B68     		ldr	r3, [r3]
 1490 0010 03F00703 		and	r3, r3, #7
 1491              		.loc 1 833 6 view .LVU447
 1492 0014 8B42     		cmp	r3, r1
 1493 0016 0BD2     		bcs	.L146
ARM GAS  C:\Users\Ika\AppData\Local\Temp\ccnGthta.s 			page 27


 1494              		.loc 1 836 5 is_stmt 1 view .LVU448
 1495 0018 4F4A     		ldr	r2, .L172
 1496 001a 1368     		ldr	r3, [r2]
 1497 001c 23F00703 		bic	r3, r3, #7
 1498 0020 0B43     		orrs	r3, r3, r1
 1499 0022 1360     		str	r3, [r2]
 1500              		.loc 1 840 5 view .LVU449
 1501              		.loc 1 840 9 is_stmt 0 view .LVU450
 1502 0024 1368     		ldr	r3, [r2]
 1503 0026 03F00703 		and	r3, r3, #7
 1504              		.loc 1 840 8 view .LVU451
 1505 002a 8B42     		cmp	r3, r1
 1506 002c 40F08D80 		bne	.L160
 1507              	.L146:
 1508              		.loc 1 848 1 is_stmt 1 view .LVU452
 1509              		.loc 1 848 24 is_stmt 0 view .LVU453
 1510 0030 2368     		ldr	r3, [r4]
 1511              		.loc 1 848 4 view .LVU454
 1512 0032 13F0020F 		tst	r3, #2
 1513 0036 17D0     		beq	.L147
 1514              		.loc 1 852 5 is_stmt 1 view .LVU455
 1515              		.loc 1 852 8 is_stmt 0 view .LVU456
 1516 0038 13F0040F 		tst	r3, #4
 1517 003c 04D0     		beq	.L148
 1518              		.loc 1 854 7 is_stmt 1 view .LVU457
 1519 003e 474A     		ldr	r2, .L172+4
 1520 0040 5368     		ldr	r3, [r2, #4]
 1521 0042 43F4E063 		orr	r3, r3, #1792
 1522 0046 5360     		str	r3, [r2, #4]
 1523              	.L148:
 1524              		.loc 1 857 5 view .LVU458
 1525              		.loc 1 857 28 is_stmt 0 view .LVU459
 1526 0048 2368     		ldr	r3, [r4]
 1527              		.loc 1 857 8 view .LVU460
 1528 004a 13F0080F 		tst	r3, #8
 1529 004e 04D0     		beq	.L149
 1530              		.loc 1 859 7 is_stmt 1 view .LVU461
 1531 0050 424A     		ldr	r2, .L172+4
 1532 0052 5368     		ldr	r3, [r2, #4]
 1533 0054 43F46053 		orr	r3, r3, #14336
 1534 0058 5360     		str	r3, [r2, #4]
 1535              	.L149:
 1536              		.loc 1 863 5 view .LVU462
 1537              		.loc 1 864 5 view .LVU463
 1538 005a 404A     		ldr	r2, .L172+4
 1539 005c 5368     		ldr	r3, [r2, #4]
 1540 005e 23F0F003 		bic	r3, r3, #240
 1541 0062 A168     		ldr	r1, [r4, #8]
 1542              	.LVL105:
 1543              		.loc 1 864 5 is_stmt 0 view .LVU464
 1544 0064 0B43     		orrs	r3, r3, r1
 1545 0066 5360     		str	r3, [r2, #4]
 1546              	.L147:
 1547              		.loc 1 868 3 is_stmt 1 view .LVU465
 1548              		.loc 1 868 26 is_stmt 0 view .LVU466
 1549 0068 2368     		ldr	r3, [r4]
 1550              		.loc 1 868 6 view .LVU467
ARM GAS  C:\Users\Ika\AppData\Local\Temp\ccnGthta.s 			page 28


 1551 006a 13F0010F 		tst	r3, #1
 1552 006e 31D0     		beq	.L150
 1553              		.loc 1 870 5 is_stmt 1 view .LVU468
 1554              		.loc 1 873 5 view .LVU469
 1555              		.loc 1 873 26 is_stmt 0 view .LVU470
 1556 0070 6368     		ldr	r3, [r4, #4]
 1557              		.loc 1 873 8 view .LVU471
 1558 0072 012B     		cmp	r3, #1
 1559 0074 20D0     		beq	.L170
 1560              		.loc 1 882 10 is_stmt 1 view .LVU472
 1561              		.loc 1 882 13 is_stmt 0 view .LVU473
 1562 0076 022B     		cmp	r3, #2
 1563 0078 25D0     		beq	.L171
 1564              		.loc 1 894 7 is_stmt 1 view .LVU474
 1565              		.loc 1 894 11 is_stmt 0 view .LVU475
 1566 007a 384A     		ldr	r2, .L172+4
 1567 007c 1268     		ldr	r2, [r2]
 1568              		.loc 1 894 10 view .LVU476
 1569 007e 12F0020F 		tst	r2, #2
 1570 0082 64D0     		beq	.L163
 1571              	.L152:
 1572              		.loc 1 899 5 is_stmt 1 view .LVU477
 1573 0084 3549     		ldr	r1, .L172+4
 1574 0086 4A68     		ldr	r2, [r1, #4]
 1575 0088 22F00302 		bic	r2, r2, #3
 1576 008c 1343     		orrs	r3, r3, r2
 1577 008e 4B60     		str	r3, [r1, #4]
 1578              		.loc 1 902 5 view .LVU478
 1579              		.loc 1 902 17 is_stmt 0 view .LVU479
 1580 0090 FFF7FEFF 		bl	HAL_GetTick
 1581              	.LVL106:
 1582              		.loc 1 902 17 view .LVU480
 1583 0094 0646     		mov	r6, r0
 1584              	.LVL107:
 1585              		.loc 1 904 5 is_stmt 1 view .LVU481
 1586              	.L154:
 1587              		.loc 1 904 11 view .LVU482
 1588              		.loc 1 904 12 is_stmt 0 view .LVU483
 1589 0096 314B     		ldr	r3, .L172+4
 1590 0098 5B68     		ldr	r3, [r3, #4]
 1591 009a 03F00C03 		and	r3, r3, #12
 1592              		.loc 1 904 63 view .LVU484
 1593 009e 6268     		ldr	r2, [r4, #4]
 1594              		.loc 1 904 11 view .LVU485
 1595 00a0 B3EB820F 		cmp	r3, r2, lsl #2
 1596 00a4 16D0     		beq	.L150
 1597              		.loc 1 906 7 is_stmt 1 view .LVU486
 1598              		.loc 1 906 12 is_stmt 0 view .LVU487
 1599 00a6 FFF7FEFF 		bl	HAL_GetTick
 1600              	.LVL108:
 1601              		.loc 1 906 26 view .LVU488
 1602 00aa 801B     		subs	r0, r0, r6
 1603              		.loc 1 906 10 view .LVU489
 1604 00ac 41F28833 		movw	r3, #5000
 1605 00b0 9842     		cmp	r0, r3
 1606 00b2 F0D9     		bls	.L154
 1607              		.loc 1 908 16 view .LVU490
ARM GAS  C:\Users\Ika\AppData\Local\Temp\ccnGthta.s 			page 29


 1608 00b4 0320     		movs	r0, #3
 1609 00b6 45E0     		b	.L145
 1610              	.LVL109:
 1611              	.L170:
 1612              		.loc 1 876 7 is_stmt 1 view .LVU491
 1613              		.loc 1 876 11 is_stmt 0 view .LVU492
 1614 00b8 284A     		ldr	r2, .L172+4
 1615 00ba 1268     		ldr	r2, [r2]
 1616              		.loc 1 876 10 view .LVU493
 1617 00bc 12F4003F 		tst	r2, #131072
 1618 00c0 E0D1     		bne	.L152
 1619              		.loc 1 878 16 view .LVU494
 1620 00c2 0120     		movs	r0, #1
 1621              	.LVL110:
 1622              		.loc 1 878 16 view .LVU495
 1623 00c4 3EE0     		b	.L145
 1624              	.LVL111:
 1625              	.L171:
 1626              		.loc 1 885 7 is_stmt 1 view .LVU496
 1627              		.loc 1 885 11 is_stmt 0 view .LVU497
 1628 00c6 254A     		ldr	r2, .L172+4
 1629 00c8 1268     		ldr	r2, [r2]
 1630              		.loc 1 885 10 view .LVU498
 1631 00ca 12F0007F 		tst	r2, #33554432
 1632 00ce D9D1     		bne	.L152
 1633              		.loc 1 887 16 view .LVU499
 1634 00d0 0120     		movs	r0, #1
 1635              	.LVL112:
 1636              		.loc 1 887 16 view .LVU500
 1637 00d2 37E0     		b	.L145
 1638              	.L150:
 1639              		.loc 1 915 3 is_stmt 1 view .LVU501
 1640              		.loc 1 915 18 is_stmt 0 view .LVU502
 1641 00d4 204B     		ldr	r3, .L172
 1642 00d6 1B68     		ldr	r3, [r3]
 1643 00d8 03F00703 		and	r3, r3, #7
 1644              		.loc 1 915 6 view .LVU503
 1645 00dc AB42     		cmp	r3, r5
 1646 00de 0AD9     		bls	.L156
 1647              		.loc 1 918 5 is_stmt 1 view .LVU504
 1648 00e0 1D4A     		ldr	r2, .L172
 1649 00e2 1368     		ldr	r3, [r2]
 1650 00e4 23F00703 		bic	r3, r3, #7
 1651 00e8 2B43     		orrs	r3, r3, r5
 1652 00ea 1360     		str	r3, [r2]
 1653              		.loc 1 922 5 view .LVU505
 1654              		.loc 1 922 9 is_stmt 0 view .LVU506
 1655 00ec 1368     		ldr	r3, [r2]
 1656 00ee 03F00703 		and	r3, r3, #7
 1657              		.loc 1 922 8 view .LVU507
 1658 00f2 AB42     		cmp	r3, r5
 1659 00f4 2DD1     		bne	.L165
 1660              	.L156:
 1661              		.loc 1 930 1 is_stmt 1 view .LVU508
 1662              		.loc 1 930 24 is_stmt 0 view .LVU509
 1663 00f6 2368     		ldr	r3, [r4]
 1664              		.loc 1 930 4 view .LVU510
ARM GAS  C:\Users\Ika\AppData\Local\Temp\ccnGthta.s 			page 30


 1665 00f8 13F0040F 		tst	r3, #4
 1666 00fc 06D0     		beq	.L157
 1667              		.loc 1 932 5 is_stmt 1 view .LVU511
 1668              		.loc 1 933 5 view .LVU512
 1669 00fe 174A     		ldr	r2, .L172+4
 1670 0100 5368     		ldr	r3, [r2, #4]
 1671 0102 23F4E063 		bic	r3, r3, #1792
 1672 0106 E168     		ldr	r1, [r4, #12]
 1673 0108 0B43     		orrs	r3, r3, r1
 1674 010a 5360     		str	r3, [r2, #4]
 1675              	.L157:
 1676              		.loc 1 937 3 view .LVU513
 1677              		.loc 1 937 26 is_stmt 0 view .LVU514
 1678 010c 2368     		ldr	r3, [r4]
 1679              		.loc 1 937 6 view .LVU515
 1680 010e 13F0080F 		tst	r3, #8
 1681 0112 07D0     		beq	.L158
 1682              		.loc 1 939 5 is_stmt 1 view .LVU516
 1683              		.loc 1 940 5 view .LVU517
 1684 0114 114A     		ldr	r2, .L172+4
 1685 0116 5368     		ldr	r3, [r2, #4]
 1686 0118 23F46053 		bic	r3, r3, #14336
 1687 011c 2169     		ldr	r1, [r4, #16]
 1688 011e 43EAC103 		orr	r3, r3, r1, lsl #3
 1689 0122 5360     		str	r3, [r2, #4]
 1690              	.L158:
 1691              		.loc 1 944 3 view .LVU518
 1692              		.loc 1 944 21 is_stmt 0 view .LVU519
 1693 0124 FFF7FEFF 		bl	HAL_RCC_GetSysClockFreq
 1694              	.LVL113:
 1695              		.loc 1 944 68 view .LVU520
 1696 0128 0C4B     		ldr	r3, .L172+4
 1697 012a 5B68     		ldr	r3, [r3, #4]
 1698              		.loc 1 944 92 view .LVU521
 1699 012c C3F30313 		ubfx	r3, r3, #4, #4
 1700              		.loc 1 944 63 view .LVU522
 1701 0130 0B4A     		ldr	r2, .L172+8
 1702 0132 D35C     		ldrb	r3, [r2, r3]	@ zero_extendqisi2
 1703              		.loc 1 944 47 view .LVU523
 1704 0134 D840     		lsrs	r0, r0, r3
 1705              		.loc 1 944 19 view .LVU524
 1706 0136 0B4B     		ldr	r3, .L172+12
 1707 0138 1860     		str	r0, [r3]
 1708              		.loc 1 947 3 is_stmt 1 view .LVU525
 1709 013a 0B4B     		ldr	r3, .L172+16
 1710 013c 1868     		ldr	r0, [r3]
 1711 013e FFF7FEFF 		bl	HAL_InitTick
 1712              	.LVL114:
 1713              		.loc 1 949 3 view .LVU526
 1714              		.loc 1 949 10 is_stmt 0 view .LVU527
 1715 0142 0020     		movs	r0, #0
 1716              	.L145:
 1717              		.loc 1 950 1 view .LVU528
 1718 0144 70BD     		pop	{r4, r5, r6, pc}
 1719              	.LVL115:
 1720              	.L159:
 1721              	.LCFI16:
ARM GAS  C:\Users\Ika\AppData\Local\Temp\ccnGthta.s 			page 31


 1722              		.cfi_def_cfa_offset 0
 1723              		.cfi_restore 4
 1724              		.cfi_restore 5
 1725              		.cfi_restore 6
 1726              		.cfi_restore 14
 1727              		.loc 1 820 12 view .LVU529
 1728 0146 0120     		movs	r0, #1
 1729              	.LVL116:
 1730              		.loc 1 950 1 view .LVU530
 1731 0148 7047     		bx	lr
 1732              	.LVL117:
 1733              	.L160:
 1734              	.LCFI17:
 1735              		.cfi_def_cfa_offset 16
 1736              		.cfi_offset 4, -16
 1737              		.cfi_offset 5, -12
 1738              		.cfi_offset 6, -8
 1739              		.cfi_offset 14, -4
 1740              		.loc 1 842 12 view .LVU531
 1741 014a 0120     		movs	r0, #1
 1742              	.LVL118:
 1743              		.loc 1 842 12 view .LVU532
 1744 014c FAE7     		b	.L145
 1745              	.LVL119:
 1746              	.L163:
 1747              		.loc 1 896 16 view .LVU533
 1748 014e 0120     		movs	r0, #1
 1749              	.LVL120:
 1750              		.loc 1 896 16 view .LVU534
 1751 0150 F8E7     		b	.L145
 1752              	.L165:
 1753              		.loc 1 924 12 view .LVU535
 1754 0152 0120     		movs	r0, #1
 1755 0154 F6E7     		b	.L145
 1756              	.L173:
 1757 0156 00BF     		.align	2
 1758              	.L172:
 1759 0158 00200240 		.word	1073881088
 1760 015c 00100240 		.word	1073876992
 1761 0160 00000000 		.word	AHBPrescTable
 1762 0164 00000000 		.word	SystemCoreClock
 1763 0168 00000000 		.word	uwTickPrio
 1764              		.cfi_endproc
 1765              	.LFE67:
 1767              		.section	.text.HAL_RCC_GetHCLKFreq,"ax",%progbits
 1768              		.align	1
 1769              		.global	HAL_RCC_GetHCLKFreq
 1770              		.syntax unified
 1771              		.thumb
 1772              		.thumb_func
 1773              		.fpu softvfp
 1775              	HAL_RCC_GetHCLKFreq:
 1776              	.LFB72:
 1777              		.loc 1 1177 1 is_stmt 1 view -0
 1778              		.cfi_startproc
 1779              		@ args = 0, pretend = 0, frame = 0
 1780              		@ frame_needed = 0, uses_anonymous_args = 0
ARM GAS  C:\Users\Ika\AppData\Local\Temp\ccnGthta.s 			page 32


 1781              		@ link register save eliminated.
 1782              		.loc 1 1178 3 view .LVU537
 1783              		.loc 1 1179 1 is_stmt 0 view .LVU538
 1784 0000 014B     		ldr	r3, .L175
 1785 0002 1868     		ldr	r0, [r3]
 1786 0004 7047     		bx	lr
 1787              	.L176:
 1788 0006 00BF     		.align	2
 1789              	.L175:
 1790 0008 00000000 		.word	SystemCoreClock
 1791              		.cfi_endproc
 1792              	.LFE72:
 1794              		.section	.text.HAL_RCC_GetPCLK1Freq,"ax",%progbits
 1795              		.align	1
 1796              		.global	HAL_RCC_GetPCLK1Freq
 1797              		.syntax unified
 1798              		.thumb
 1799              		.thumb_func
 1800              		.fpu softvfp
 1802              	HAL_RCC_GetPCLK1Freq:
 1803              	.LFB73:
 1804              		.loc 1 1188 1 is_stmt 1 view -0
 1805              		.cfi_startproc
 1806              		@ args = 0, pretend = 0, frame = 0
 1807              		@ frame_needed = 0, uses_anonymous_args = 0
 1808 0000 08B5     		push	{r3, lr}
 1809              	.LCFI18:
 1810              		.cfi_def_cfa_offset 8
 1811              		.cfi_offset 3, -8
 1812              		.cfi_offset 14, -4
 1813              		.loc 1 1190 3 view .LVU540
 1814              		.loc 1 1190 11 is_stmt 0 view .LVU541
 1815 0002 FFF7FEFF 		bl	HAL_RCC_GetHCLKFreq
 1816              	.LVL121:
 1817              		.loc 1 1190 54 view .LVU542
 1818 0006 044B     		ldr	r3, .L179
 1819 0008 5B68     		ldr	r3, [r3, #4]
 1820              		.loc 1 1190 79 view .LVU543
 1821 000a C3F30223 		ubfx	r3, r3, #8, #3
 1822              		.loc 1 1190 49 view .LVU544
 1823 000e 034A     		ldr	r2, .L179+4
 1824 0010 D35C     		ldrb	r3, [r2, r3]	@ zero_extendqisi2
 1825              		.loc 1 1191 1 view .LVU545
 1826 0012 D840     		lsrs	r0, r0, r3
 1827 0014 08BD     		pop	{r3, pc}
 1828              	.L180:
 1829 0016 00BF     		.align	2
 1830              	.L179:
 1831 0018 00100240 		.word	1073876992
 1832 001c 00000000 		.word	APBPrescTable
 1833              		.cfi_endproc
 1834              	.LFE73:
 1836              		.section	.text.HAL_RCC_GetPCLK2Freq,"ax",%progbits
 1837              		.align	1
 1838              		.global	HAL_RCC_GetPCLK2Freq
 1839              		.syntax unified
 1840              		.thumb
ARM GAS  C:\Users\Ika\AppData\Local\Temp\ccnGthta.s 			page 33


 1841              		.thumb_func
 1842              		.fpu softvfp
 1844              	HAL_RCC_GetPCLK2Freq:
 1845              	.LFB74:
 1846              		.loc 1 1200 1 is_stmt 1 view -0
 1847              		.cfi_startproc
 1848              		@ args = 0, pretend = 0, frame = 0
 1849              		@ frame_needed = 0, uses_anonymous_args = 0
 1850 0000 08B5     		push	{r3, lr}
 1851              	.LCFI19:
 1852              		.cfi_def_cfa_offset 8
 1853              		.cfi_offset 3, -8
 1854              		.cfi_offset 14, -4
 1855              		.loc 1 1202 3 view .LVU547
 1856              		.loc 1 1202 11 is_stmt 0 view .LVU548
 1857 0002 FFF7FEFF 		bl	HAL_RCC_GetHCLKFreq
 1858              	.LVL122:
 1859              		.loc 1 1202 54 view .LVU549
 1860 0006 044B     		ldr	r3, .L183
 1861 0008 5B68     		ldr	r3, [r3, #4]
 1862              		.loc 1 1202 79 view .LVU550
 1863 000a C3F3C223 		ubfx	r3, r3, #11, #3
 1864              		.loc 1 1202 49 view .LVU551
 1865 000e 034A     		ldr	r2, .L183+4
 1866 0010 D35C     		ldrb	r3, [r2, r3]	@ zero_extendqisi2
 1867              		.loc 1 1203 1 view .LVU552
 1868 0012 D840     		lsrs	r0, r0, r3
 1869 0014 08BD     		pop	{r3, pc}
 1870              	.L184:
 1871 0016 00BF     		.align	2
 1872              	.L183:
 1873 0018 00100240 		.word	1073876992
 1874 001c 00000000 		.word	APBPrescTable
 1875              		.cfi_endproc
 1876              	.LFE74:
 1878              		.section	.text.HAL_RCC_GetOscConfig,"ax",%progbits
 1879              		.align	1
 1880              		.global	HAL_RCC_GetOscConfig
 1881              		.syntax unified
 1882              		.thumb
 1883              		.thumb_func
 1884              		.fpu softvfp
 1886              	HAL_RCC_GetOscConfig:
 1887              	.LVL123:
 1888              	.LFB75:
 1889              		.loc 1 1213 1 is_stmt 1 view -0
 1890              		.cfi_startproc
 1891              		@ args = 0, pretend = 0, frame = 0
 1892              		@ frame_needed = 0, uses_anonymous_args = 0
 1893              		@ link register save eliminated.
 1894              		.loc 1 1215 3 view .LVU554
 1895              		.loc 1 1218 3 view .LVU555
 1896              		.loc 1 1218 37 is_stmt 0 view .LVU556
 1897 0000 0F23     		movs	r3, #15
 1898 0002 0360     		str	r3, [r0]
 1899              		.loc 1 1227 3 is_stmt 1 view .LVU557
 1900              		.loc 1 1227 11 is_stmt 0 view .LVU558
ARM GAS  C:\Users\Ika\AppData\Local\Temp\ccnGthta.s 			page 34


 1901 0004 2A4B     		ldr	r3, .L198
 1902 0006 1B68     		ldr	r3, [r3]
 1903              		.loc 1 1227 6 view .LVU559
 1904 0008 13F4802F 		tst	r3, #262144
 1905 000c 30D0     		beq	.L186
 1906              		.loc 1 1229 5 is_stmt 1 view .LVU560
 1907              		.loc 1 1229 33 is_stmt 0 view .LVU561
 1908 000e 4FF4A023 		mov	r3, #327680
 1909 0012 4360     		str	r3, [r0, #4]
 1910              	.L187:
 1911              		.loc 1 1239 3 is_stmt 1 view .LVU562
 1912              		.loc 1 1239 39 is_stmt 0 view .LVU563
 1913 0014 264A     		ldr	r2, .L198
 1914 0016 5368     		ldr	r3, [r2, #4]
 1915 0018 03F40033 		and	r3, r3, #131072
 1916              		.loc 1 1239 37 view .LVU564
 1917 001c 8360     		str	r3, [r0, #8]
 1918              		.loc 1 1242 3 is_stmt 1 view .LVU565
 1919              		.loc 1 1242 11 is_stmt 0 view .LVU566
 1920 001e 1368     		ldr	r3, [r2]
 1921              		.loc 1 1242 6 view .LVU567
 1922 0020 13F0010F 		tst	r3, #1
 1923 0024 30D0     		beq	.L189
 1924              		.loc 1 1244 5 is_stmt 1 view .LVU568
 1925              		.loc 1 1244 33 is_stmt 0 view .LVU569
 1926 0026 0123     		movs	r3, #1
 1927 0028 0361     		str	r3, [r0, #16]
 1928              	.L190:
 1929              		.loc 1 1251 3 is_stmt 1 view .LVU570
 1930              		.loc 1 1251 59 is_stmt 0 view .LVU571
 1931 002a 214A     		ldr	r2, .L198
 1932 002c 1368     		ldr	r3, [r2]
 1933              		.loc 1 1251 44 view .LVU572
 1934 002e C3F3C403 		ubfx	r3, r3, #3, #5
 1935              		.loc 1 1251 42 view .LVU573
 1936 0032 4361     		str	r3, [r0, #20]
 1937              		.loc 1 1254 3 is_stmt 1 view .LVU574
 1938              		.loc 1 1254 11 is_stmt 0 view .LVU575
 1939 0034 136A     		ldr	r3, [r2, #32]
 1940              		.loc 1 1254 6 view .LVU576
 1941 0036 13F0040F 		tst	r3, #4
 1942 003a 28D0     		beq	.L191
 1943              		.loc 1 1256 5 is_stmt 1 view .LVU577
 1944              		.loc 1 1256 33 is_stmt 0 view .LVU578
 1945 003c 0523     		movs	r3, #5
 1946 003e C360     		str	r3, [r0, #12]
 1947              	.L192:
 1948              		.loc 1 1268 3 is_stmt 1 view .LVU579
 1949              		.loc 1 1268 11 is_stmt 0 view .LVU580
 1950 0040 1B4B     		ldr	r3, .L198
 1951 0042 5B6A     		ldr	r3, [r3, #36]
 1952              		.loc 1 1268 6 view .LVU581
 1953 0044 13F0010F 		tst	r3, #1
 1954 0048 2CD0     		beq	.L194
 1955              		.loc 1 1270 5 is_stmt 1 view .LVU582
 1956              		.loc 1 1270 33 is_stmt 0 view .LVU583
 1957 004a 0123     		movs	r3, #1
ARM GAS  C:\Users\Ika\AppData\Local\Temp\ccnGthta.s 			page 35


 1958 004c 8361     		str	r3, [r0, #24]
 1959              	.L195:
 1960              		.loc 1 1279 3 is_stmt 1 view .LVU584
 1961              		.loc 1 1279 11 is_stmt 0 view .LVU585
 1962 004e 184B     		ldr	r3, .L198
 1963 0050 1B68     		ldr	r3, [r3]
 1964              		.loc 1 1279 6 view .LVU586
 1965 0052 13F0807F 		tst	r3, #16777216
 1966 0056 28D0     		beq	.L196
 1967              		.loc 1 1281 5 is_stmt 1 view .LVU587
 1968              		.loc 1 1281 37 is_stmt 0 view .LVU588
 1969 0058 0223     		movs	r3, #2
 1970 005a C361     		str	r3, [r0, #28]
 1971              	.L197:
 1972              		.loc 1 1287 3 is_stmt 1 view .LVU589
 1973              		.loc 1 1287 52 is_stmt 0 view .LVU590
 1974 005c 144A     		ldr	r2, .L198
 1975 005e 5368     		ldr	r3, [r2, #4]
 1976              		.loc 1 1287 38 view .LVU591
 1977 0060 03F48033 		and	r3, r3, #65536
 1978              		.loc 1 1287 36 view .LVU592
 1979 0064 0362     		str	r3, [r0, #32]
 1980              		.loc 1 1288 3 is_stmt 1 view .LVU593
 1981              		.loc 1 1288 49 is_stmt 0 view .LVU594
 1982 0066 5368     		ldr	r3, [r2, #4]
 1983              		.loc 1 1288 35 view .LVU595
 1984 0068 03F47013 		and	r3, r3, #3932160
 1985              		.loc 1 1288 33 view .LVU596
 1986 006c 4362     		str	r3, [r0, #36]
 1987              		.loc 1 1302 1 view .LVU597
 1988 006e 7047     		bx	lr
 1989              	.L186:
 1990              		.loc 1 1231 8 is_stmt 1 view .LVU598
 1991              		.loc 1 1231 16 is_stmt 0 view .LVU599
 1992 0070 0F4B     		ldr	r3, .L198
 1993 0072 1B68     		ldr	r3, [r3]
 1994              		.loc 1 1231 11 view .LVU600
 1995 0074 13F4803F 		tst	r3, #65536
 1996 0078 03D0     		beq	.L188
 1997              		.loc 1 1233 5 is_stmt 1 view .LVU601
 1998              		.loc 1 1233 33 is_stmt 0 view .LVU602
 1999 007a 4FF48033 		mov	r3, #65536
 2000 007e 4360     		str	r3, [r0, #4]
 2001 0080 C8E7     		b	.L187
 2002              	.L188:
 2003              		.loc 1 1237 5 is_stmt 1 view .LVU603
 2004              		.loc 1 1237 33 is_stmt 0 view .LVU604
 2005 0082 0023     		movs	r3, #0
 2006 0084 4360     		str	r3, [r0, #4]
 2007 0086 C5E7     		b	.L187
 2008              	.L189:
 2009              		.loc 1 1248 5 is_stmt 1 view .LVU605
 2010              		.loc 1 1248 33 is_stmt 0 view .LVU606
 2011 0088 0023     		movs	r3, #0
 2012 008a 0361     		str	r3, [r0, #16]
 2013 008c CDE7     		b	.L190
 2014              	.L191:
ARM GAS  C:\Users\Ika\AppData\Local\Temp\ccnGthta.s 			page 36


 2015              		.loc 1 1258 8 is_stmt 1 view .LVU607
 2016              		.loc 1 1258 16 is_stmt 0 view .LVU608
 2017 008e 084B     		ldr	r3, .L198
 2018 0090 1B6A     		ldr	r3, [r3, #32]
 2019              		.loc 1 1258 11 view .LVU609
 2020 0092 13F0010F 		tst	r3, #1
 2021 0096 02D0     		beq	.L193
 2022              		.loc 1 1260 5 is_stmt 1 view .LVU610
 2023              		.loc 1 1260 33 is_stmt 0 view .LVU611
 2024 0098 0123     		movs	r3, #1
 2025 009a C360     		str	r3, [r0, #12]
 2026 009c D0E7     		b	.L192
 2027              	.L193:
 2028              		.loc 1 1264 5 is_stmt 1 view .LVU612
 2029              		.loc 1 1264 33 is_stmt 0 view .LVU613
 2030 009e 0023     		movs	r3, #0
 2031 00a0 C360     		str	r3, [r0, #12]
 2032 00a2 CDE7     		b	.L192
 2033              	.L194:
 2034              		.loc 1 1274 5 is_stmt 1 view .LVU614
 2035              		.loc 1 1274 33 is_stmt 0 view .LVU615
 2036 00a4 0023     		movs	r3, #0
 2037 00a6 8361     		str	r3, [r0, #24]
 2038 00a8 D1E7     		b	.L195
 2039              	.L196:
 2040              		.loc 1 1285 5 is_stmt 1 view .LVU616
 2041              		.loc 1 1285 37 is_stmt 0 view .LVU617
 2042 00aa 0123     		movs	r3, #1
 2043 00ac C361     		str	r3, [r0, #28]
 2044 00ae D5E7     		b	.L197
 2045              	.L199:
 2046              		.align	2
 2047              	.L198:
 2048 00b0 00100240 		.word	1073876992
 2049              		.cfi_endproc
 2050              	.LFE75:
 2052              		.section	.text.HAL_RCC_GetClockConfig,"ax",%progbits
 2053              		.align	1
 2054              		.global	HAL_RCC_GetClockConfig
 2055              		.syntax unified
 2056              		.thumb
 2057              		.thumb_func
 2058              		.fpu softvfp
 2060              	HAL_RCC_GetClockConfig:
 2061              	.LVL124:
 2062              	.LFB76:
 2063              		.loc 1 1313 1 is_stmt 1 view -0
 2064              		.cfi_startproc
 2065              		@ args = 0, pretend = 0, frame = 0
 2066              		@ frame_needed = 0, uses_anonymous_args = 0
 2067              		@ link register save eliminated.
 2068              		.loc 1 1315 3 view .LVU619
 2069              		.loc 1 1316 3 view .LVU620
 2070              		.loc 1 1319 3 view .LVU621
 2071              		.loc 1 1319 32 is_stmt 0 view .LVU622
 2072 0000 0F23     		movs	r3, #15
 2073 0002 0360     		str	r3, [r0]
ARM GAS  C:\Users\Ika\AppData\Local\Temp\ccnGthta.s 			page 37


 2074              		.loc 1 1322 3 is_stmt 1 view .LVU623
 2075              		.loc 1 1322 51 is_stmt 0 view .LVU624
 2076 0004 0B4B     		ldr	r3, .L201
 2077 0006 5A68     		ldr	r2, [r3, #4]
 2078              		.loc 1 1322 37 view .LVU625
 2079 0008 02F00302 		and	r2, r2, #3
 2080              		.loc 1 1322 35 view .LVU626
 2081 000c 4260     		str	r2, [r0, #4]
 2082              		.loc 1 1325 3 is_stmt 1 view .LVU627
 2083              		.loc 1 1325 52 is_stmt 0 view .LVU628
 2084 000e 5A68     		ldr	r2, [r3, #4]
 2085              		.loc 1 1325 38 view .LVU629
 2086 0010 02F0F002 		and	r2, r2, #240
 2087              		.loc 1 1325 36 view .LVU630
 2088 0014 8260     		str	r2, [r0, #8]
 2089              		.loc 1 1328 3 is_stmt 1 view .LVU631
 2090              		.loc 1 1328 53 is_stmt 0 view .LVU632
 2091 0016 5A68     		ldr	r2, [r3, #4]
 2092              		.loc 1 1328 39 view .LVU633
 2093 0018 02F4E062 		and	r2, r2, #1792
 2094              		.loc 1 1328 37 view .LVU634
 2095 001c C260     		str	r2, [r0, #12]
 2096              		.loc 1 1331 3 is_stmt 1 view .LVU635
 2097              		.loc 1 1331 54 is_stmt 0 view .LVU636
 2098 001e 5B68     		ldr	r3, [r3, #4]
 2099              		.loc 1 1331 39 view .LVU637
 2100 0020 DB08     		lsrs	r3, r3, #3
 2101 0022 03F4E063 		and	r3, r3, #1792
 2102              		.loc 1 1331 37 view .LVU638
 2103 0026 0361     		str	r3, [r0, #16]
 2104              		.loc 1 1335 3 is_stmt 1 view .LVU639
 2105              		.loc 1 1335 32 is_stmt 0 view .LVU640
 2106 0028 034B     		ldr	r3, .L201+4
 2107 002a 1B68     		ldr	r3, [r3]
 2108              		.loc 1 1335 16 view .LVU641
 2109 002c 03F00703 		and	r3, r3, #7
 2110              		.loc 1 1335 14 view .LVU642
 2111 0030 0B60     		str	r3, [r1]
 2112              		.loc 1 1340 1 view .LVU643
 2113 0032 7047     		bx	lr
 2114              	.L202:
 2115              		.align	2
 2116              	.L201:
 2117 0034 00100240 		.word	1073876992
 2118 0038 00200240 		.word	1073881088
 2119              		.cfi_endproc
 2120              	.LFE76:
 2122              		.section	.text.HAL_RCC_CSSCallback,"ax",%progbits
 2123              		.align	1
 2124              		.weak	HAL_RCC_CSSCallback
 2125              		.syntax unified
 2126              		.thumb
 2127              		.thumb_func
 2128              		.fpu softvfp
 2130              	HAL_RCC_CSSCallback:
 2131              	.LFB79:
 2132              		.loc 1 1380 1 is_stmt 1 view -0
ARM GAS  C:\Users\Ika\AppData\Local\Temp\ccnGthta.s 			page 38


 2133              		.cfi_startproc
 2134              		@ args = 0, pretend = 0, frame = 0
 2135              		@ frame_needed = 0, uses_anonymous_args = 0
 2136              		@ link register save eliminated.
 2137              		.loc 1 1384 1 view .LVU645
 2138 0000 7047     		bx	lr
 2139              		.cfi_endproc
 2140              	.LFE79:
 2142              		.section	.text.HAL_RCC_NMI_IRQHandler,"ax",%progbits
 2143              		.align	1
 2144              		.global	HAL_RCC_NMI_IRQHandler
 2145              		.syntax unified
 2146              		.thumb
 2147              		.thumb_func
 2148              		.fpu softvfp
 2150              	HAL_RCC_NMI_IRQHandler:
 2151              	.LFB77:
 2152              		.loc 1 1348 1 view -0
 2153              		.cfi_startproc
 2154              		@ args = 0, pretend = 0, frame = 0
 2155              		@ frame_needed = 0, uses_anonymous_args = 0
 2156 0000 08B5     		push	{r3, lr}
 2157              	.LCFI20:
 2158              		.cfi_def_cfa_offset 8
 2159              		.cfi_offset 3, -8
 2160              		.cfi_offset 14, -4
 2161              		.loc 1 1350 3 view .LVU647
 2162              		.loc 1 1350 7 is_stmt 0 view .LVU648
 2163 0002 064B     		ldr	r3, .L208
 2164 0004 9B68     		ldr	r3, [r3, #8]
 2165              		.loc 1 1350 6 view .LVU649
 2166 0006 13F0800F 		tst	r3, #128
 2167 000a 00D1     		bne	.L207
 2168              	.L204:
 2169              		.loc 1 1358 1 view .LVU650
 2170 000c 08BD     		pop	{r3, pc}
 2171              	.L207:
 2172              		.loc 1 1353 5 is_stmt 1 view .LVU651
 2173 000e FFF7FEFF 		bl	HAL_RCC_CSSCallback
 2174              	.LVL125:
 2175              		.loc 1 1356 5 view .LVU652
 2176 0012 034B     		ldr	r3, .L208+4
 2177 0014 8022     		movs	r2, #128
 2178 0016 1A70     		strb	r2, [r3]
 2179              		.loc 1 1358 1 is_stmt 0 view .LVU653
 2180 0018 F8E7     		b	.L204
 2181              	.L209:
 2182 001a 00BF     		.align	2
 2183              	.L208:
 2184 001c 00100240 		.word	1073876992
 2185 0020 0A100240 		.word	1073877002
 2186              		.cfi_endproc
 2187              	.LFE77:
 2189              		.text
 2190              	.Letext0:
 2191              		.file 2 "../c:\\users\\ika\\desktop\\gnu mcu\\arm-none-eabi-gcc-9.3.1-1.1\\arm-none-eabi\\include\
 2192              		.file 3 "../c:\\users\\ika\\desktop\\gnu mcu\\arm-none-eabi-gcc-9.3.1-1.1\\arm-none-eabi\\include\
ARM GAS  C:\Users\Ika\AppData\Local\Temp\ccnGthta.s 			page 39


 2193              		.file 4 "../Drivers/CMSIS/Include/core_cm3.h"
 2194              		.file 5 "../Drivers/CMSIS/Device/ST/STM32F1xx/Include/system_stm32f1xx.h"
 2195              		.file 6 "../Drivers/CMSIS/Device/ST/STM32F1xx/Include/stm32f103x6.h"
 2196              		.file 7 "../Drivers/CMSIS/Device/ST/STM32F1xx/Include/stm32f1xx.h"
 2197              		.file 8 "../Drivers/STM32F1xx_HAL_Driver/Inc/stm32f1xx_hal_def.h"
 2198              		.file 9 "../Drivers/STM32F1xx_HAL_Driver/Inc/stm32f1xx_hal_rcc.h"
 2199              		.file 10 "../Drivers/STM32F1xx_HAL_Driver/Inc/stm32f1xx_hal_rcc_ex.h"
 2200              		.file 11 "../Drivers/STM32F1xx_HAL_Driver/Inc/stm32f1xx_hal_gpio.h"
 2201              		.file 12 "../Drivers/STM32F1xx_HAL_Driver/Inc/stm32f1xx_hal.h"
ARM GAS  C:\Users\Ika\AppData\Local\Temp\ccnGthta.s 			page 40


DEFINED SYMBOLS
                            *ABS*:0000000000000000 stm32f1xx_hal_rcc.c
C:\Users\Ika\AppData\Local\Temp\ccnGthta.s:16     .text.RCC_Delay:0000000000000000 $t
C:\Users\Ika\AppData\Local\Temp\ccnGthta.s:23     .text.RCC_Delay:0000000000000000 RCC_Delay
C:\Users\Ika\AppData\Local\Temp\ccnGthta.s:73     .text.RCC_Delay:0000000000000024 $d
C:\Users\Ika\AppData\Local\Temp\ccnGthta.s:79     .text.HAL_RCC_DeInit:0000000000000000 $t
C:\Users\Ika\AppData\Local\Temp\ccnGthta.s:86     .text.HAL_RCC_DeInit:0000000000000000 HAL_RCC_DeInit
C:\Users\Ika\AppData\Local\Temp\ccnGthta.s:290    .text.HAL_RCC_DeInit:00000000000000e4 $d
C:\Users\Ika\AppData\Local\Temp\ccnGthta.s:298    .text.HAL_RCC_OscConfig:0000000000000000 $t
C:\Users\Ika\AppData\Local\Temp\ccnGthta.s:305    .text.HAL_RCC_OscConfig:0000000000000000 HAL_RCC_OscConfig
C:\Users\Ika\AppData\Local\Temp\ccnGthta.s:875    .text.HAL_RCC_OscConfig:00000000000002c0 $d
C:\Users\Ika\AppData\Local\Temp\ccnGthta.s:881    .text.HAL_RCC_OscConfig:00000000000002d0 $t
C:\Users\Ika\AppData\Local\Temp\ccnGthta.s:1183   .text.HAL_RCC_OscConfig:0000000000000408 $d
C:\Users\Ika\AppData\Local\Temp\ccnGthta.s:1189   .text.HAL_RCC_MCOConfig:0000000000000000 $t
C:\Users\Ika\AppData\Local\Temp\ccnGthta.s:1196   .text.HAL_RCC_MCOConfig:0000000000000000 HAL_RCC_MCOConfig
C:\Users\Ika\AppData\Local\Temp\ccnGthta.s:1277   .text.HAL_RCC_MCOConfig:0000000000000044 $d
C:\Users\Ika\AppData\Local\Temp\ccnGthta.s:1283   .text.HAL_RCC_EnableCSS:0000000000000000 $t
C:\Users\Ika\AppData\Local\Temp\ccnGthta.s:1290   .text.HAL_RCC_EnableCSS:0000000000000000 HAL_RCC_EnableCSS
C:\Users\Ika\AppData\Local\Temp\ccnGthta.s:1307   .text.HAL_RCC_EnableCSS:0000000000000008 $d
C:\Users\Ika\AppData\Local\Temp\ccnGthta.s:1312   .text.HAL_RCC_DisableCSS:0000000000000000 $t
C:\Users\Ika\AppData\Local\Temp\ccnGthta.s:1319   .text.HAL_RCC_DisableCSS:0000000000000000 HAL_RCC_DisableCSS
C:\Users\Ika\AppData\Local\Temp\ccnGthta.s:1336   .text.HAL_RCC_DisableCSS:0000000000000008 $d
C:\Users\Ika\AppData\Local\Temp\ccnGthta.s:1341   .rodata.HAL_RCC_GetSysClockFreq.str1.4:0000000000000000 $d
C:\Users\Ika\AppData\Local\Temp\ccnGthta.s:1346   .text.HAL_RCC_GetSysClockFreq:0000000000000000 $t
C:\Users\Ika\AppData\Local\Temp\ccnGthta.s:1353   .text.HAL_RCC_GetSysClockFreq:0000000000000000 HAL_RCC_GetSysClockFreq
C:\Users\Ika\AppData\Local\Temp\ccnGthta.s:1447   .text.HAL_RCC_GetSysClockFreq:000000000000005c $d
C:\Users\Ika\AppData\Local\Temp\ccnGthta.s:1455   .text.HAL_RCC_ClockConfig:0000000000000000 $t
C:\Users\Ika\AppData\Local\Temp\ccnGthta.s:1462   .text.HAL_RCC_ClockConfig:0000000000000000 HAL_RCC_ClockConfig
C:\Users\Ika\AppData\Local\Temp\ccnGthta.s:1759   .text.HAL_RCC_ClockConfig:0000000000000158 $d
C:\Users\Ika\AppData\Local\Temp\ccnGthta.s:1768   .text.HAL_RCC_GetHCLKFreq:0000000000000000 $t
C:\Users\Ika\AppData\Local\Temp\ccnGthta.s:1775   .text.HAL_RCC_GetHCLKFreq:0000000000000000 HAL_RCC_GetHCLKFreq
C:\Users\Ika\AppData\Local\Temp\ccnGthta.s:1790   .text.HAL_RCC_GetHCLKFreq:0000000000000008 $d
C:\Users\Ika\AppData\Local\Temp\ccnGthta.s:1795   .text.HAL_RCC_GetPCLK1Freq:0000000000000000 $t
C:\Users\Ika\AppData\Local\Temp\ccnGthta.s:1802   .text.HAL_RCC_GetPCLK1Freq:0000000000000000 HAL_RCC_GetPCLK1Freq
C:\Users\Ika\AppData\Local\Temp\ccnGthta.s:1831   .text.HAL_RCC_GetPCLK1Freq:0000000000000018 $d
C:\Users\Ika\AppData\Local\Temp\ccnGthta.s:1837   .text.HAL_RCC_GetPCLK2Freq:0000000000000000 $t
C:\Users\Ika\AppData\Local\Temp\ccnGthta.s:1844   .text.HAL_RCC_GetPCLK2Freq:0000000000000000 HAL_RCC_GetPCLK2Freq
C:\Users\Ika\AppData\Local\Temp\ccnGthta.s:1873   .text.HAL_RCC_GetPCLK2Freq:0000000000000018 $d
C:\Users\Ika\AppData\Local\Temp\ccnGthta.s:1879   .text.HAL_RCC_GetOscConfig:0000000000000000 $t
C:\Users\Ika\AppData\Local\Temp\ccnGthta.s:1886   .text.HAL_RCC_GetOscConfig:0000000000000000 HAL_RCC_GetOscConfig
C:\Users\Ika\AppData\Local\Temp\ccnGthta.s:2048   .text.HAL_RCC_GetOscConfig:00000000000000b0 $d
C:\Users\Ika\AppData\Local\Temp\ccnGthta.s:2053   .text.HAL_RCC_GetClockConfig:0000000000000000 $t
C:\Users\Ika\AppData\Local\Temp\ccnGthta.s:2060   .text.HAL_RCC_GetClockConfig:0000000000000000 HAL_RCC_GetClockConfig
C:\Users\Ika\AppData\Local\Temp\ccnGthta.s:2117   .text.HAL_RCC_GetClockConfig:0000000000000034 $d
C:\Users\Ika\AppData\Local\Temp\ccnGthta.s:2123   .text.HAL_RCC_CSSCallback:0000000000000000 $t
C:\Users\Ika\AppData\Local\Temp\ccnGthta.s:2130   .text.HAL_RCC_CSSCallback:0000000000000000 HAL_RCC_CSSCallback
C:\Users\Ika\AppData\Local\Temp\ccnGthta.s:2143   .text.HAL_RCC_NMI_IRQHandler:0000000000000000 $t
C:\Users\Ika\AppData\Local\Temp\ccnGthta.s:2150   .text.HAL_RCC_NMI_IRQHandler:0000000000000000 HAL_RCC_NMI_IRQHandler
C:\Users\Ika\AppData\Local\Temp\ccnGthta.s:2184   .text.HAL_RCC_NMI_IRQHandler:000000000000001c $d

UNDEFINED SYMBOLS
SystemCoreClock
HAL_GetTick
HAL_InitTick
uwTickPrio
HAL_GPIO_Init
AHBPrescTable
ARM GAS  C:\Users\Ika\AppData\Local\Temp\ccnGthta.s 			page 41


APBPrescTable
