ARM GAS  C:\Users\Ika\AppData\Local\Temp\ccH43qcf.s 			page 1


   1              		.cpu cortex-m3
   2              		.eabi_attribute 20, 1
   3              		.eabi_attribute 21, 1
   4              		.eabi_attribute 23, 3
   5              		.eabi_attribute 24, 1
   6              		.eabi_attribute 25, 1
   7              		.eabi_attribute 26, 1
   8              		.eabi_attribute 30, 1
   9              		.eabi_attribute 34, 1
  10              		.eabi_attribute 18, 4
  11              		.file	"gpio.c"
  12              		.text
  13              	.Ltext0:
  14              		.cfi_sections	.debug_frame
  15              		.section	.text.MX_GPIO_Init,"ax",%progbits
  16              		.align	1
  17              		.global	MX_GPIO_Init
  18              		.arch armv7-m
  19              		.syntax unified
  20              		.thumb
  21              		.thumb_func
  22              		.fpu softvfp
  24              	MX_GPIO_Init:
  25              	.LFB65:
  26              		.file 1 "../Core/Src/gpio.c"
   1:../Core/Src/gpio.c **** 
  27              		.loc 1 36 1 view -0
  28              		.cfi_startproc
  29              		@ args = 0, pretend = 0, frame = 24
  30              		@ frame_needed = 0, uses_anonymous_args = 0
  31 0000 10B5     		push	{r4, lr}
  32              	.LCFI0:
  33              		.cfi_def_cfa_offset 8
  34              		.cfi_offset 4, -8
  35              		.cfi_offset 14, -4
  36 0002 86B0     		sub	sp, sp, #24
  37              	.LCFI1:
  38              		.cfi_def_cfa_offset 32
  39              		.loc 1 38 3 view .LVU1
  40              		.loc 1 38 20 is_stmt 0 view .LVU2
  41 0004 0024     		movs	r4, #0
  42 0006 0594     		str	r4, [sp, #20]
  43              		.loc 1 41 3 is_stmt 1 view .LVU3
  44              	.LBB2:
  45              		.loc 1 41 3 view .LVU4
  46              		.loc 1 41 3 view .LVU5
  47 0008 164B     		ldr	r3, .L3
  48 000a 9A69     		ldr	r2, [r3, #24]
  49 000c 42F00802 		orr	r2, r2, #8
  50 0010 9A61     		str	r2, [r3, #24]
  51              		.loc 1 41 3 view .LVU6
  52 0012 9A69     		ldr	r2, [r3, #24]
  53 0014 02F00802 		and	r2, r2, #8
  54 0018 0092     		str	r2, [sp]
  55              		.loc 1 41 3 view .LVU7
  56 001a 009A     		ldr	r2, [sp]
  57              	.LBE2:
ARM GAS  C:\Users\Ika\AppData\Local\Temp\ccH43qcf.s 			page 2


  58              		.loc 1 41 3 view .LVU8
  59              		.loc 1 42 3 view .LVU9
  60              	.LBB3:
  61              		.loc 1 42 3 view .LVU10
  62              		.loc 1 42 3 view .LVU11
  63 001c 9A69     		ldr	r2, [r3, #24]
  64 001e 42F00402 		orr	r2, r2, #4
  65 0022 9A61     		str	r2, [r3, #24]
  66              		.loc 1 42 3 view .LVU12
  67 0024 9B69     		ldr	r3, [r3, #24]
  68 0026 03F00403 		and	r3, r3, #4
  69 002a 0193     		str	r3, [sp, #4]
  70              		.loc 1 42 3 view .LVU13
  71 002c 019B     		ldr	r3, [sp, #4]
  72              	.LBE3:
  73              		.loc 1 42 3 view .LVU14
  74              		.loc 1 45 3 view .LVU15
  75              		.loc 1 45 23 is_stmt 0 view .LVU16
  76 002e 0323     		movs	r3, #3
  77 0030 0293     		str	r3, [sp, #8]
  78              		.loc 1 46 3 is_stmt 1 view .LVU17
  79              		.loc 1 46 24 is_stmt 0 view .LVU18
  80 0032 0D4B     		ldr	r3, .L3+4
  81 0034 0393     		str	r3, [sp, #12]
  82              		.loc 1 47 3 is_stmt 1 view .LVU19
  83              		.loc 1 47 24 is_stmt 0 view .LVU20
  84 0036 0494     		str	r4, [sp, #16]
  85              		.loc 1 48 3 is_stmt 1 view .LVU21
  86 0038 02A9     		add	r1, sp, #8
  87 003a 0C48     		ldr	r0, .L3+8
  88 003c FFF7FEFF 		bl	HAL_GPIO_Init
  89              	.LVL0:
  90              		.loc 1 51 3 view .LVU22
  91 0040 2246     		mov	r2, r4
  92 0042 2146     		mov	r1, r4
  93 0044 0620     		movs	r0, #6
  94 0046 FFF7FEFF 		bl	HAL_NVIC_SetPriority
  95              	.LVL1:
  96              		.loc 1 52 3 view .LVU23
  97 004a 0620     		movs	r0, #6
  98 004c FFF7FEFF 		bl	HAL_NVIC_EnableIRQ
  99              	.LVL2:
 100              		.loc 1 54 3 view .LVU24
 101 0050 2246     		mov	r2, r4
 102 0052 2146     		mov	r1, r4
 103 0054 0720     		movs	r0, #7
 104 0056 FFF7FEFF 		bl	HAL_NVIC_SetPriority
 105              	.LVL3:
 106              		.loc 1 55 3 view .LVU25
 107 005a 0720     		movs	r0, #7
 108 005c FFF7FEFF 		bl	HAL_NVIC_EnableIRQ
 109              	.LVL4:
 110              		.loc 1 57 1 is_stmt 0 view .LVU26
 111 0060 06B0     		add	sp, sp, #24
 112              	.LCFI2:
 113              		.cfi_def_cfa_offset 8
 114              		@ sp needed
ARM GAS  C:\Users\Ika\AppData\Local\Temp\ccH43qcf.s 			page 3


 115 0062 10BD     		pop	{r4, pc}
 116              	.L4:
 117              		.align	2
 118              	.L3:
 119 0064 00100240 		.word	1073876992
 120 0068 00001110 		.word	269549568
 121 006c 000C0140 		.word	1073810432
 122              		.cfi_endproc
 123              	.LFE65:
 125              		.section	.text.HAL_GPIO_EXTI_Callback,"ax",%progbits
 126              		.align	1
 127              		.global	HAL_GPIO_EXTI_Callback
 128              		.syntax unified
 129              		.thumb
 130              		.thumb_func
 131              		.fpu softvfp
 133              	HAL_GPIO_EXTI_Callback:
 134              	.LVL5:
 135              	.LFB66:
 136              		.loc 1 67 47 is_stmt 1 view -0
 137              		.cfi_startproc
 138              		@ args = 0, pretend = 0, frame = 0
 139              		@ frame_needed = 0, uses_anonymous_args = 0
 140              		@ link register save eliminated.
 141              		.loc 1 68 2 view .LVU28
 142 0000 0128     		cmp	r0, #1
 143 0002 02D0     		beq	.L6
 144 0004 0228     		cmp	r0, #2
 145 0006 0DD0     		beq	.L7
 146 0008 7047     		bx	lr
 147              	.L6:
 148              		.loc 1 71 3 view .LVU29
 149              		.loc 1 71 27 is_stmt 0 view .LVU30
 150 000a 0C4B     		ldr	r3, .L11
 151 000c 1B68     		ldr	r3, [r3]
 152              		.loc 1 71 5 view .LVU31
 153 000e 092B     		cmp	r3, #9
 154 0010 03D8     		bhi	.L9
 155              		.loc 1 72 4 is_stmt 1 view .LVU32
 156              		.loc 1 72 25 is_stmt 0 view .LVU33
 157 0012 0A4A     		ldr	r2, .L11
 158 0014 1368     		ldr	r3, [r2]
 159 0016 0133     		adds	r3, r3, #1
 160 0018 1360     		str	r3, [r2]
 161              	.L9:
 162              		.loc 1 74 3 is_stmt 1 view .LVU34
 163              		.loc 1 74 14 is_stmt 0 view .LVU35
 164 001a 084B     		ldr	r3, .L11
 165 001c 1A68     		ldr	r2, [r3]
 166 001e 084B     		ldr	r3, .L11+4
 167 0020 5A63     		str	r2, [r3, #52]
 168              		.loc 1 75 3 is_stmt 1 view .LVU36
 169 0022 7047     		bx	lr
 170              	.L7:
 171              		.loc 1 78 3 view .LVU37
 172              		.loc 1 78 27 is_stmt 0 view .LVU38
 173 0024 054B     		ldr	r3, .L11
ARM GAS  C:\Users\Ika\AppData\Local\Temp\ccH43qcf.s 			page 4


 174 0026 1B68     		ldr	r3, [r3]
 175              		.loc 1 78 5 view .LVU39
 176 0028 1BB1     		cbz	r3, .L10
 177              		.loc 1 79 4 is_stmt 1 view .LVU40
 178              		.loc 1 79 25 is_stmt 0 view .LVU41
 179 002a 044A     		ldr	r2, .L11
 180 002c 1368     		ldr	r3, [r2]
 181 002e 013B     		subs	r3, r3, #1
 182 0030 1360     		str	r3, [r2]
 183              	.L10:
 184              		.loc 1 81 3 is_stmt 1 view .LVU42
 185              		.loc 1 81 14 is_stmt 0 view .LVU43
 186 0032 024B     		ldr	r3, .L11
 187 0034 1A68     		ldr	r2, [r3]
 188 0036 024B     		ldr	r3, .L11+4
 189 0038 5A63     		str	r2, [r3, #52]
 190              		.loc 1 82 3 is_stmt 1 view .LVU44
 191              		.loc 1 85 1 is_stmt 0 view .LVU45
 192 003a 7047     		bx	lr
 193              	.L12:
 194              		.align	2
 195              	.L11:
 196 003c 00000000 		.word	.LANCHOR0
 197 0040 002C0140 		.word	1073818624
 198              		.cfi_endproc
 199              	.LFE66:
 201              		.global	comapreRegisterValue
 202              		.section	.bss.comapreRegisterValue,"aw",%nobits
 203              		.align	2
 204              		.set	.LANCHOR0,. + 0
 207              	comapreRegisterValue:
 208 0000 00000000 		.space	4
 209              		.text
 210              	.Letext0:
 211              		.file 2 "../c:\\users\\ika\\desktop\\gnu mcu\\arm-none-eabi-gcc-9.3.1-1.1\\arm-none-eabi\\include\
 212              		.file 3 "../c:\\users\\ika\\desktop\\gnu mcu\\arm-none-eabi-gcc-9.3.1-1.1\\arm-none-eabi\\include\
 213              		.file 4 "../Drivers/CMSIS/Include/core_cm3.h"
 214              		.file 5 "../Drivers/CMSIS/Device/ST/STM32F1xx/Include/system_stm32f1xx.h"
 215              		.file 6 "../Drivers/CMSIS/Device/ST/STM32F1xx/Include/stm32f103x6.h"
 216              		.file 7 "../Drivers/STM32F1xx_HAL_Driver/Inc/stm32f1xx_hal_gpio.h"
 217              		.file 8 "../Drivers/STM32F1xx_HAL_Driver/Inc/stm32f1xx_hal.h"
 218              		.file 9 "../Drivers/STM32F1xx_HAL_Driver/Inc/stm32f1xx_hal_cortex.h"
ARM GAS  C:\Users\Ika\AppData\Local\Temp\ccH43qcf.s 			page 5


DEFINED SYMBOLS
                            *ABS*:0000000000000000 gpio.c
C:\Users\Ika\AppData\Local\Temp\ccH43qcf.s:16     .text.MX_GPIO_Init:0000000000000000 $t
C:\Users\Ika\AppData\Local\Temp\ccH43qcf.s:24     .text.MX_GPIO_Init:0000000000000000 MX_GPIO_Init
C:\Users\Ika\AppData\Local\Temp\ccH43qcf.s:119    .text.MX_GPIO_Init:0000000000000064 $d
C:\Users\Ika\AppData\Local\Temp\ccH43qcf.s:126    .text.HAL_GPIO_EXTI_Callback:0000000000000000 $t
C:\Users\Ika\AppData\Local\Temp\ccH43qcf.s:133    .text.HAL_GPIO_EXTI_Callback:0000000000000000 HAL_GPIO_EXTI_Callback
C:\Users\Ika\AppData\Local\Temp\ccH43qcf.s:196    .text.HAL_GPIO_EXTI_Callback:000000000000003c $d
C:\Users\Ika\AppData\Local\Temp\ccH43qcf.s:207    .bss.comapreRegisterValue:0000000000000000 comapreRegisterValue
C:\Users\Ika\AppData\Local\Temp\ccH43qcf.s:203    .bss.comapreRegisterValue:0000000000000000 $d

UNDEFINED SYMBOLS
HAL_GPIO_Init
HAL_NVIC_SetPriority
HAL_NVIC_EnableIRQ
