ARM GAS  C:\Users\Ika\AppData\Local\Temp\ccDH8Pqx.s 			page 1


   1              		.cpu cortex-m3
   2              		.eabi_attribute 20, 1
   3              		.eabi_attribute 21, 1
   4              		.eabi_attribute 23, 3
   5              		.eabi_attribute 24, 1
   6              		.eabi_attribute 25, 1
   7              		.eabi_attribute 26, 1
   8              		.eabi_attribute 30, 1
   9              		.eabi_attribute 34, 1
  10              		.eabi_attribute 18, 4
  11              		.file	"stm32f1xx_it.c"
  12              		.text
  13              	.Ltext0:
  14              		.cfi_sections	.debug_frame
  15              		.section	.text.NMI_Handler,"ax",%progbits
  16              		.align	1
  17              		.global	NMI_Handler
  18              		.arch armv7-m
  19              		.syntax unified
  20              		.thumb
  21              		.thumb_func
  22              		.fpu softvfp
  24              	NMI_Handler:
  25              	.LFB65:
  26              		.file 1 "../Core/Src/stm32f1xx_it.c"
   1:../Core/Src/stm32f1xx_it.c **** 
  27              		.loc 1 71 1 view -0
  28              		.cfi_startproc
  29              		@ args = 0, pretend = 0, frame = 0
  30              		@ frame_needed = 0, uses_anonymous_args = 0
  31              		@ link register save eliminated.
  32              		.loc 1 78 1 view .LVU1
  33 0000 7047     		bx	lr
  34              		.cfi_endproc
  35              	.LFE65:
  37              		.section	.text.HardFault_Handler,"ax",%progbits
  38              		.align	1
  39              		.global	HardFault_Handler
  40              		.syntax unified
  41              		.thumb
  42              		.thumb_func
  43              		.fpu softvfp
  45              	HardFault_Handler:
  46              	.LFB66:
  47              		.loc 1 84 1 view -0
  48              		.cfi_startproc
  49              		@ Volatile: function does not return.
  50              		@ args = 0, pretend = 0, frame = 0
  51              		@ frame_needed = 0, uses_anonymous_args = 0
  52              		@ link register save eliminated.
  53              	.L3:
  54              		.loc 1 88 3 discriminator 1 view .LVU3
  55              		.loc 1 92 3 discriminator 1 view .LVU4
  56              		.loc 1 88 9 discriminator 1 view .LVU5
  57 0000 FEE7     		b	.L3
  58              		.cfi_endproc
  59              	.LFE66:
ARM GAS  C:\Users\Ika\AppData\Local\Temp\ccDH8Pqx.s 			page 2


  61              		.section	.text.MemManage_Handler,"ax",%progbits
  62              		.align	1
  63              		.global	MemManage_Handler
  64              		.syntax unified
  65              		.thumb
  66              		.thumb_func
  67              		.fpu softvfp
  69              	MemManage_Handler:
  70              	.LFB67:
  71              		.loc 1 99 1 view -0
  72              		.cfi_startproc
  73              		@ Volatile: function does not return.
  74              		@ args = 0, pretend = 0, frame = 0
  75              		@ frame_needed = 0, uses_anonymous_args = 0
  76              		@ link register save eliminated.
  77              	.L5:
  78              		.loc 1 103 3 discriminator 1 view .LVU7
  79              		.loc 1 107 3 discriminator 1 view .LVU8
  80              		.loc 1 103 9 discriminator 1 view .LVU9
  81 0000 FEE7     		b	.L5
  82              		.cfi_endproc
  83              	.LFE67:
  85              		.section	.text.BusFault_Handler,"ax",%progbits
  86              		.align	1
  87              		.global	BusFault_Handler
  88              		.syntax unified
  89              		.thumb
  90              		.thumb_func
  91              		.fpu softvfp
  93              	BusFault_Handler:
  94              	.LFB68:
  95              		.loc 1 114 1 view -0
  96              		.cfi_startproc
  97              		@ Volatile: function does not return.
  98              		@ args = 0, pretend = 0, frame = 0
  99              		@ frame_needed = 0, uses_anonymous_args = 0
 100              		@ link register save eliminated.
 101              	.L7:
 102              		.loc 1 118 3 discriminator 1 view .LVU11
 103              		.loc 1 122 3 discriminator 1 view .LVU12
 104              		.loc 1 118 9 discriminator 1 view .LVU13
 105 0000 FEE7     		b	.L7
 106              		.cfi_endproc
 107              	.LFE68:
 109              		.section	.text.UsageFault_Handler,"ax",%progbits
 110              		.align	1
 111              		.global	UsageFault_Handler
 112              		.syntax unified
 113              		.thumb
 114              		.thumb_func
 115              		.fpu softvfp
 117              	UsageFault_Handler:
 118              	.LFB69:
 119              		.loc 1 129 1 view -0
 120              		.cfi_startproc
 121              		@ Volatile: function does not return.
 122              		@ args = 0, pretend = 0, frame = 0
ARM GAS  C:\Users\Ika\AppData\Local\Temp\ccDH8Pqx.s 			page 3


 123              		@ frame_needed = 0, uses_anonymous_args = 0
 124              		@ link register save eliminated.
 125              	.L9:
 126              		.loc 1 133 3 discriminator 1 view .LVU15
 127              		.loc 1 137 3 discriminator 1 view .LVU16
 128              		.loc 1 133 9 discriminator 1 view .LVU17
 129 0000 FEE7     		b	.L9
 130              		.cfi_endproc
 131              	.LFE69:
 133              		.section	.text.SVC_Handler,"ax",%progbits
 134              		.align	1
 135              		.global	SVC_Handler
 136              		.syntax unified
 137              		.thumb
 138              		.thumb_func
 139              		.fpu softvfp
 141              	SVC_Handler:
 142              	.LFB70:
 143              		.loc 1 144 1 view -0
 144              		.cfi_startproc
 145              		@ args = 0, pretend = 0, frame = 0
 146              		@ frame_needed = 0, uses_anonymous_args = 0
 147              		@ link register save eliminated.
 148              		.loc 1 151 1 view .LVU19
 149 0000 7047     		bx	lr
 150              		.cfi_endproc
 151              	.LFE70:
 153              		.section	.text.DebugMon_Handler,"ax",%progbits
 154              		.align	1
 155              		.global	DebugMon_Handler
 156              		.syntax unified
 157              		.thumb
 158              		.thumb_func
 159              		.fpu softvfp
 161              	DebugMon_Handler:
 162              	.LFB71:
 163              		.loc 1 157 1 view -0
 164              		.cfi_startproc
 165              		@ args = 0, pretend = 0, frame = 0
 166              		@ frame_needed = 0, uses_anonymous_args = 0
 167              		@ link register save eliminated.
 168              		.loc 1 164 1 view .LVU21
 169 0000 7047     		bx	lr
 170              		.cfi_endproc
 171              	.LFE71:
 173              		.section	.text.PendSV_Handler,"ax",%progbits
 174              		.align	1
 175              		.global	PendSV_Handler
 176              		.syntax unified
 177              		.thumb
 178              		.thumb_func
 179              		.fpu softvfp
 181              	PendSV_Handler:
 182              	.LFB72:
 183              		.loc 1 170 1 view -0
 184              		.cfi_startproc
 185              		@ args = 0, pretend = 0, frame = 0
ARM GAS  C:\Users\Ika\AppData\Local\Temp\ccDH8Pqx.s 			page 4


 186              		@ frame_needed = 0, uses_anonymous_args = 0
 187              		@ link register save eliminated.
 188              		.loc 1 177 1 view .LVU23
 189 0000 7047     		bx	lr
 190              		.cfi_endproc
 191              	.LFE72:
 193              		.section	.text.SysTick_Handler,"ax",%progbits
 194              		.align	1
 195              		.global	SysTick_Handler
 196              		.syntax unified
 197              		.thumb
 198              		.thumb_func
 199              		.fpu softvfp
 201              	SysTick_Handler:
 202              	.LFB73:
 203              		.loc 1 183 1 view -0
 204              		.cfi_startproc
 205              		@ args = 0, pretend = 0, frame = 0
 206              		@ frame_needed = 0, uses_anonymous_args = 0
 207 0000 08B5     		push	{r3, lr}
 208              	.LCFI0:
 209              		.cfi_def_cfa_offset 8
 210              		.cfi_offset 3, -8
 211              		.cfi_offset 14, -4
 212              		.loc 1 187 3 view .LVU25
 213 0002 FFF7FEFF 		bl	HAL_IncTick
 214              	.LVL0:
 215              		.loc 1 191 1 is_stmt 0 view .LVU26
 216 0006 08BD     		pop	{r3, pc}
 217              		.cfi_endproc
 218              	.LFE73:
 220              		.section	.text.EXTI0_IRQHandler,"ax",%progbits
 221              		.align	1
 222              		.global	EXTI0_IRQHandler
 223              		.syntax unified
 224              		.thumb
 225              		.thumb_func
 226              		.fpu softvfp
 228              	EXTI0_IRQHandler:
 229              	.LFB74:
 230              		.loc 1 204 1 is_stmt 1 view -0
 231              		.cfi_startproc
 232              		@ args = 0, pretend = 0, frame = 0
 233              		@ frame_needed = 0, uses_anonymous_args = 0
 234 0000 08B5     		push	{r3, lr}
 235              	.LCFI1:
 236              		.cfi_def_cfa_offset 8
 237              		.cfi_offset 3, -8
 238              		.cfi_offset 14, -4
 239              		.loc 1 208 3 view .LVU28
 240 0002 0120     		movs	r0, #1
 241 0004 FFF7FEFF 		bl	HAL_GPIO_EXTI_IRQHandler
 242              	.LVL1:
 243              		.loc 1 212 1 is_stmt 0 view .LVU29
 244 0008 08BD     		pop	{r3, pc}
 245              		.cfi_endproc
 246              	.LFE74:
ARM GAS  C:\Users\Ika\AppData\Local\Temp\ccDH8Pqx.s 			page 5


 248              		.section	.text.EXTI1_IRQHandler,"ax",%progbits
 249              		.align	1
 250              		.global	EXTI1_IRQHandler
 251              		.syntax unified
 252              		.thumb
 253              		.thumb_func
 254              		.fpu softvfp
 256              	EXTI1_IRQHandler:
 257              	.LFB75:
 258              		.loc 1 218 1 is_stmt 1 view -0
 259              		.cfi_startproc
 260              		@ args = 0, pretend = 0, frame = 0
 261              		@ frame_needed = 0, uses_anonymous_args = 0
 262 0000 08B5     		push	{r3, lr}
 263              	.LCFI2:
 264              		.cfi_def_cfa_offset 8
 265              		.cfi_offset 3, -8
 266              		.cfi_offset 14, -4
 267              		.loc 1 222 3 view .LVU31
 268 0002 0220     		movs	r0, #2
 269 0004 FFF7FEFF 		bl	HAL_GPIO_EXTI_IRQHandler
 270              	.LVL2:
 271              		.loc 1 226 1 is_stmt 0 view .LVU32
 272 0008 08BD     		pop	{r3, pc}
 273              		.cfi_endproc
 274              	.LFE75:
 276              		.section	.text.TIM1_UP_IRQHandler,"ax",%progbits
 277              		.align	1
 278              		.global	TIM1_UP_IRQHandler
 279              		.syntax unified
 280              		.thumb
 281              		.thumb_func
 282              		.fpu softvfp
 284              	TIM1_UP_IRQHandler:
 285              	.LFB76:
 286              		.loc 1 232 1 is_stmt 1 view -0
 287              		.cfi_startproc
 288              		@ args = 0, pretend = 0, frame = 0
 289              		@ frame_needed = 0, uses_anonymous_args = 0
 290 0000 08B5     		push	{r3, lr}
 291              	.LCFI3:
 292              		.cfi_def_cfa_offset 8
 293              		.cfi_offset 3, -8
 294              		.cfi_offset 14, -4
 295              		.loc 1 236 3 view .LVU34
 296 0002 0248     		ldr	r0, .L21
 297 0004 FFF7FEFF 		bl	HAL_TIM_IRQHandler
 298              	.LVL3:
 299              		.loc 1 240 1 is_stmt 0 view .LVU35
 300 0008 08BD     		pop	{r3, pc}
 301              	.L22:
 302 000a 00BF     		.align	2
 303              	.L21:
 304 000c 00000000 		.word	htim1
 305              		.cfi_endproc
 306              	.LFE76:
 308              		.text
ARM GAS  C:\Users\Ika\AppData\Local\Temp\ccDH8Pqx.s 			page 6


 309              	.Letext0:
 310              		.file 2 "../c:\\users\\ika\\desktop\\gnu mcu\\arm-none-eabi-gcc-9.3.1-1.1\\arm-none-eabi\\include\
 311              		.file 3 "../c:\\users\\ika\\desktop\\gnu mcu\\arm-none-eabi-gcc-9.3.1-1.1\\arm-none-eabi\\include\
 312              		.file 4 "../Drivers/CMSIS/Include/core_cm3.h"
 313              		.file 5 "../Drivers/CMSIS/Device/ST/STM32F1xx/Include/system_stm32f1xx.h"
 314              		.file 6 "../Drivers/CMSIS/Device/ST/STM32F1xx/Include/stm32f103x6.h"
 315              		.file 7 "../Drivers/STM32F1xx_HAL_Driver/Inc/stm32f1xx_hal_def.h"
 316              		.file 8 "../Drivers/STM32F1xx_HAL_Driver/Inc/stm32f1xx_hal_dma.h"
 317              		.file 9 "../Drivers/STM32F1xx_HAL_Driver/Inc/stm32f1xx_hal_tim.h"
 318              		.file 10 "../Drivers/STM32F1xx_HAL_Driver/Inc/stm32f1xx_hal.h"
 319              		.file 11 "../Drivers/STM32F1xx_HAL_Driver/Inc/stm32f1xx_hal_gpio.h"
ARM GAS  C:\Users\Ika\AppData\Local\Temp\ccDH8Pqx.s 			page 7


DEFINED SYMBOLS
                            *ABS*:0000000000000000 stm32f1xx_it.c
C:\Users\Ika\AppData\Local\Temp\ccDH8Pqx.s:16     .text.NMI_Handler:0000000000000000 $t
C:\Users\Ika\AppData\Local\Temp\ccDH8Pqx.s:24     .text.NMI_Handler:0000000000000000 NMI_Handler
C:\Users\Ika\AppData\Local\Temp\ccDH8Pqx.s:38     .text.HardFault_Handler:0000000000000000 $t
C:\Users\Ika\AppData\Local\Temp\ccDH8Pqx.s:45     .text.HardFault_Handler:0000000000000000 HardFault_Handler
C:\Users\Ika\AppData\Local\Temp\ccDH8Pqx.s:62     .text.MemManage_Handler:0000000000000000 $t
C:\Users\Ika\AppData\Local\Temp\ccDH8Pqx.s:69     .text.MemManage_Handler:0000000000000000 MemManage_Handler
C:\Users\Ika\AppData\Local\Temp\ccDH8Pqx.s:86     .text.BusFault_Handler:0000000000000000 $t
C:\Users\Ika\AppData\Local\Temp\ccDH8Pqx.s:93     .text.BusFault_Handler:0000000000000000 BusFault_Handler
C:\Users\Ika\AppData\Local\Temp\ccDH8Pqx.s:110    .text.UsageFault_Handler:0000000000000000 $t
C:\Users\Ika\AppData\Local\Temp\ccDH8Pqx.s:117    .text.UsageFault_Handler:0000000000000000 UsageFault_Handler
C:\Users\Ika\AppData\Local\Temp\ccDH8Pqx.s:134    .text.SVC_Handler:0000000000000000 $t
C:\Users\Ika\AppData\Local\Temp\ccDH8Pqx.s:141    .text.SVC_Handler:0000000000000000 SVC_Handler
C:\Users\Ika\AppData\Local\Temp\ccDH8Pqx.s:154    .text.DebugMon_Handler:0000000000000000 $t
C:\Users\Ika\AppData\Local\Temp\ccDH8Pqx.s:161    .text.DebugMon_Handler:0000000000000000 DebugMon_Handler
C:\Users\Ika\AppData\Local\Temp\ccDH8Pqx.s:174    .text.PendSV_Handler:0000000000000000 $t
C:\Users\Ika\AppData\Local\Temp\ccDH8Pqx.s:181    .text.PendSV_Handler:0000000000000000 PendSV_Handler
C:\Users\Ika\AppData\Local\Temp\ccDH8Pqx.s:194    .text.SysTick_Handler:0000000000000000 $t
C:\Users\Ika\AppData\Local\Temp\ccDH8Pqx.s:201    .text.SysTick_Handler:0000000000000000 SysTick_Handler
C:\Users\Ika\AppData\Local\Temp\ccDH8Pqx.s:221    .text.EXTI0_IRQHandler:0000000000000000 $t
C:\Users\Ika\AppData\Local\Temp\ccDH8Pqx.s:228    .text.EXTI0_IRQHandler:0000000000000000 EXTI0_IRQHandler
C:\Users\Ika\AppData\Local\Temp\ccDH8Pqx.s:249    .text.EXTI1_IRQHandler:0000000000000000 $t
C:\Users\Ika\AppData\Local\Temp\ccDH8Pqx.s:256    .text.EXTI1_IRQHandler:0000000000000000 EXTI1_IRQHandler
C:\Users\Ika\AppData\Local\Temp\ccDH8Pqx.s:277    .text.TIM1_UP_IRQHandler:0000000000000000 $t
C:\Users\Ika\AppData\Local\Temp\ccDH8Pqx.s:284    .text.TIM1_UP_IRQHandler:0000000000000000 TIM1_UP_IRQHandler
C:\Users\Ika\AppData\Local\Temp\ccDH8Pqx.s:304    .text.TIM1_UP_IRQHandler:000000000000000c $d

UNDEFINED SYMBOLS
HAL_IncTick
HAL_GPIO_EXTI_IRQHandler
HAL_TIM_IRQHandler
htim1
