ARM GAS  C:\Users\Ika\AppData\Local\Temp\ccrWnTdg.s 			page 1


   1              		.cpu cortex-m3
   2              		.eabi_attribute 20, 1
   3              		.eabi_attribute 21, 1
   4              		.eabi_attribute 23, 3
   5              		.eabi_attribute 24, 1
   6              		.eabi_attribute 25, 1
   7              		.eabi_attribute 26, 1
   8              		.eabi_attribute 30, 1
   9              		.eabi_attribute 34, 1
  10              		.eabi_attribute 18, 4
  11              		.file	"casovnik.c"
  12              		.text
  13              	.Ltext0:
  14              		.cfi_sections	.debug_frame
  15              		.section	.text.casovnik,"ax",%progbits
  16              		.align	1
  17              		.global	casovnik
  18              		.arch armv7-m
  19              		.syntax unified
  20              		.thumb
  21              		.thumb_func
  22              		.fpu softvfp
  24              	casovnik:
  25              	.LFB65:
  26              		.file 1 "../Core/Src/casovnik.c"
   1:../Core/Src/casovnik.c **** 
  27              		.loc 1 12 16 view -0
  28              		.cfi_startproc
  29              		@ args = 0, pretend = 0, frame = 0
  30              		@ frame_needed = 0, uses_anonymous_args = 0
  31 0000 10B5     		push	{r4, lr}
  32              	.LCFI0:
  33              		.cfi_def_cfa_offset 8
  34              		.cfi_offset 4, -8
  35              		.cfi_offset 14, -4
  36              		.loc 1 13 2 view .LVU1
  37 0002 104B     		ldr	r3, .L7
  38 0004 1868     		ldr	r0, [r3]
  39 0006 FFF7FEFF 		bl	HAL_TIM_Base_Start
  40              	.LVL0:
  41              		.loc 1 15 2 view .LVU2
  42              	.LBB2:
  43              		.loc 1 15 6 view .LVU3
  44              		.loc 1 15 10 is_stmt 0 view .LVU4
  45 000a 0024     		movs	r4, #0
  46              		.loc 1 15 2 view .LVU5
  47 000c 08E0     		b	.L2
  48              	.LVL1:
  49              	.L6:
  50              		.loc 1 19 5 is_stmt 1 discriminator 2 view .LVU6
  51              		.loc 1 19 14 is_stmt 0 discriminator 2 view .LVU7
  52 000e 0E4B     		ldr	r3, .L7+4
  53 0010 6FF00102 		mvn	r2, #1
  54 0014 1A61     		str	r2, [r3, #16]
  55              		.loc 1 21 5 is_stmt 1 discriminator 2 view .LVU8
  56 0016 0121     		movs	r1, #1
  57 0018 0C48     		ldr	r0, .L7+8
ARM GAS  C:\Users\Ika\AppData\Local\Temp\ccrWnTdg.s 			page 2


  58 001a FFF7FEFF 		bl	HAL_GPIO_TogglePin
  59              	.LVL2:
  60              		.loc 1 15 20 discriminator 2 view .LVU9
  61              		.loc 1 15 21 is_stmt 0 discriminator 2 view .LVU10
  62 001e 0134     		adds	r4, r4, #1
  63              	.LVL3:
  64              	.L2:
  65              		.loc 1 15 15 is_stmt 1 discriminator 1 view .LVU11
  66              		.loc 1 15 2 is_stmt 0 discriminator 1 view .LVU12
  67 0020 042C     		cmp	r4, #4
  68 0022 07DC     		bgt	.L5
  69              	.L3:
  70              		.loc 1 18 5 is_stmt 1 discriminator 1 view .LVU13
  71              		.loc 1 16 10 discriminator 1 view .LVU14
  72              		.loc 1 16 31 is_stmt 0 discriminator 1 view .LVU15
  73 0024 074B     		ldr	r3, .L7
  74 0026 1B68     		ldr	r3, [r3]
  75 0028 1B68     		ldr	r3, [r3]
  76              		.loc 1 16 41 discriminator 1 view .LVU16
  77 002a 1B69     		ldr	r3, [r3, #16]
  78              		.loc 1 16 10 discriminator 1 view .LVU17
  79 002c 13F0010F 		tst	r3, #1
  80 0030 F8D0     		beq	.L3
  81 0032 ECE7     		b	.L6
  82              	.L5:
  83              	.LBE2:
  84              		.loc 1 24 2 is_stmt 1 view .LVU18
  85 0034 034C     		ldr	r4, .L7
  86              	.LVL4:
  87              		.loc 1 24 2 is_stmt 0 view .LVU19
  88 0036 2068     		ldr	r0, [r4]
  89 0038 FFF7FEFF 		bl	HAL_TIM_Base_Stop
  90              	.LVL5:
  91              		.loc 1 26 2 is_stmt 1 view .LVU20
  92 003c 2068     		ldr	r0, [r4]
  93 003e FFF7FEFF 		bl	HAL_TIM_Base_Start_IT
  94              	.LVL6:
  95              		.loc 1 28 1 is_stmt 0 view .LVU21
  96 0042 10BD     		pop	{r4, pc}
  97              	.L8:
  98              		.align	2
  99              	.L7:
 100 0044 00000000 		.word	.LANCHOR0
 101 0048 002C0140 		.word	1073818624
 102 004c 000C0140 		.word	1073810432
 103              		.cfi_endproc
 104              	.LFE65:
 106              		.section	.text.HAL_TIM_PeriodElapsedCallback,"ax",%progbits
 107              		.align	1
 108              		.global	HAL_TIM_PeriodElapsedCallback
 109              		.syntax unified
 110              		.thumb
 111              		.thumb_func
 112              		.fpu softvfp
 114              	HAL_TIM_PeriodElapsedCallback:
 115              	.LVL7:
 116              	.LFB66:
ARM GAS  C:\Users\Ika\AppData\Local\Temp\ccrWnTdg.s 			page 3


 117              		.loc 1 31 60 is_stmt 1 view -0
 118              		.cfi_startproc
 119              		@ args = 0, pretend = 0, frame = 0
 120              		@ frame_needed = 0, uses_anonymous_args = 0
 121              		.loc 1 31 60 is_stmt 0 view .LVU23
 122 0000 08B5     		push	{r3, lr}
 123              	.LCFI1:
 124              		.cfi_def_cfa_offset 8
 125              		.cfi_offset 3, -8
 126              		.cfi_offset 14, -4
 127              		.loc 1 33 2 is_stmt 1 view .LVU24
 128              		.loc 1 33 9 is_stmt 0 view .LVU25
 129 0002 0268     		ldr	r2, [r0]
 130              		.loc 1 33 28 view .LVU26
 131 0004 044B     		ldr	r3, .L13
 132 0006 1B68     		ldr	r3, [r3]
 133              		.loc 1 33 4 view .LVU27
 134 0008 9A42     		cmp	r2, r3
 135 000a 00D0     		beq	.L12
 136              	.LVL8:
 137              	.L9:
 138              		.loc 1 36 1 view .LVU28
 139 000c 08BD     		pop	{r3, pc}
 140              	.LVL9:
 141              	.L12:
 142              		.loc 1 34 3 is_stmt 1 view .LVU29
 143 000e 0221     		movs	r1, #2
 144 0010 0248     		ldr	r0, .L13+4
 145              	.LVL10:
 146              		.loc 1 34 3 is_stmt 0 view .LVU30
 147 0012 FFF7FEFF 		bl	HAL_GPIO_TogglePin
 148              	.LVL11:
 149              		.loc 1 36 1 view .LVU31
 150 0016 F9E7     		b	.L9
 151              	.L14:
 152              		.align	2
 153              	.L13:
 154 0018 00000000 		.word	htim1
 155 001c 000C0140 		.word	1073810432
 156              		.cfi_endproc
 157              	.LFE66:
 159              		.global	casovnik_tim_handle
 160              		.section	.data.casovnik_tim_handle,"aw"
 161              		.align	2
 162              		.set	.LANCHOR0,. + 0
 165              	casovnik_tim_handle:
 166 0000 00000000 		.word	htim1
 167              		.text
 168              	.Letext0:
 169              		.file 2 "../c:\\users\\ika\\desktop\\gnu mcu\\arm-none-eabi-gcc-9.3.1-1.1\\arm-none-eabi\\include\
 170              		.file 3 "../c:\\users\\ika\\desktop\\gnu mcu\\arm-none-eabi-gcc-9.3.1-1.1\\arm-none-eabi\\include\
 171              		.file 4 "../Drivers/CMSIS/Include/core_cm3.h"
 172              		.file 5 "../Drivers/CMSIS/Device/ST/STM32F1xx/Include/system_stm32f1xx.h"
 173              		.file 6 "../Drivers/CMSIS/Device/ST/STM32F1xx/Include/stm32f103x6.h"
 174              		.file 7 "../Drivers/STM32F1xx_HAL_Driver/Inc/stm32f1xx_hal_def.h"
 175              		.file 8 "../Drivers/STM32F1xx_HAL_Driver/Inc/stm32f1xx_hal_dma.h"
 176              		.file 9 "../Drivers/STM32F1xx_HAL_Driver/Inc/stm32f1xx_hal_tim.h"
ARM GAS  C:\Users\Ika\AppData\Local\Temp\ccrWnTdg.s 			page 4


 177              		.file 10 "../Drivers/STM32F1xx_HAL_Driver/Inc/stm32f1xx_hal.h"
 178              		.file 11 "../Core/Inc/tim.h"
 179              		.file 12 "../Drivers/STM32F1xx_HAL_Driver/Inc/stm32f1xx_hal_gpio.h"
ARM GAS  C:\Users\Ika\AppData\Local\Temp\ccrWnTdg.s 			page 5


DEFINED SYMBOLS
                            *ABS*:0000000000000000 casovnik.c
C:\Users\Ika\AppData\Local\Temp\ccrWnTdg.s:16     .text.casovnik:0000000000000000 $t
C:\Users\Ika\AppData\Local\Temp\ccrWnTdg.s:24     .text.casovnik:0000000000000000 casovnik
C:\Users\Ika\AppData\Local\Temp\ccrWnTdg.s:100    .text.casovnik:0000000000000044 $d
C:\Users\Ika\AppData\Local\Temp\ccrWnTdg.s:107    .text.HAL_TIM_PeriodElapsedCallback:0000000000000000 $t
C:\Users\Ika\AppData\Local\Temp\ccrWnTdg.s:114    .text.HAL_TIM_PeriodElapsedCallback:0000000000000000 HAL_TIM_PeriodElapsedCallback
C:\Users\Ika\AppData\Local\Temp\ccrWnTdg.s:154    .text.HAL_TIM_PeriodElapsedCallback:0000000000000018 $d
C:\Users\Ika\AppData\Local\Temp\ccrWnTdg.s:165    .data.casovnik_tim_handle:0000000000000000 casovnik_tim_handle
C:\Users\Ika\AppData\Local\Temp\ccrWnTdg.s:161    .data.casovnik_tim_handle:0000000000000000 $d

UNDEFINED SYMBOLS
HAL_TIM_Base_Start
HAL_GPIO_TogglePin
HAL_TIM_Base_Stop
HAL_TIM_Base_Start_IT
htim1
